#-----------------------------------------------------------
# Vivado v2024.1 (64-bit)
# SW Build 5076996 on Wed May 22 18:36:09 MDT 2024
# IP Build 5075265 on Wed May 22 21:45:21 MDT 2024
# SharedData Build 5076995 on Wed May 22 18:29:18 MDT 2024
# Start of session at: Thu Sep 25 19:44:11 2025
# Process ID: 1272304
# Current directory: /home/fujino/Projects/CFU-Proving-Ground
# Command line: vivado -mode batch -source scripts/load.tcl
# Log file: /home/fujino/Projects/CFU-Proving-Ground/vivado.log
# Journal file: /home/fujino/Projects/CFU-Proving-Ground/vivado.jou
# Running On        :rserv5
# Platform          :Ubuntu
# Operating System  :Ubuntu 22.04.5 LTS
# Processor Detail  :Intel(R) Core(TM) i9-14900
# CPU Frequency     :3985.922 MHz
# CPU Physical cores:24
# CPU Logical cores :32
# Host memory       :134813 MB
# Swap memory       :8589 MB
# Total Virtual     :143403 MB
# Available Virtual :126817 MB
#-----------------------------------------------------------
source scripts/load.tcl
# set ip_addr 192.168.x.x
# set port 3121
# open_hw_manager
# connect_hw_server -url $ip_addr:$port
INFO: [Labtools 27-2285] Connecting to hw_server url TCP:192.168.x.x:3121
ERROR: [Labtools 27-2223] Unable to connect to hw_server with URL "TCP:192.168.x.x:3121".
Resolution: 1. Check the host name, port number and network connectivity.
2. Check to ensure the hw_server is running on the target.
ERROR: [Common 17-39] 'connect_hw_server' failed due to earlier errors.

    while executing
"connect_hw_server -url $ip_addr:$port"
    (file "scripts/load.tcl" line 6)
INFO: [Common 17-206] Exiting Vivado at Thu Sep 25 19:44:18 2025...
