#-----------------------------------------------------------
# Vivado v2024.1 (64-bit)
# SW Build 5076996 on Wed May 22 18:36:09 MDT 2024
# IP Build 5075265 on Wed May 22 21:45:21 MDT 2024
# SharedData Build 5076995 on Wed May 22 18:29:18 MDT 2024
# Start of session at: Tue Sep  9 20:37:19 2025
# Process ID: 3927884
# Current directory: /home/fujino/Projects/dev/tmp/CFU-Proving-Ground
# Command line: vivado vivado/main.xpr
# Log file: /home/fujino/Projects/dev/tmp/CFU-Proving-Ground/vivado.log
# Journal file: /home/fujino/Projects/dev/tmp/CFU-Proving-Ground/vivado.jou
# Running On        :rserv5
# Platform          :Ubuntu
# Operating System  :Ubuntu 22.04.5 LTS
# Processor Detail  :Intel(R) Core(TM) i9-14900
# CPU Frequency     :4446.931 MHz
# CPU Physical cores:24
# CPU Logical cores :32
# Host memory       :134813 MB
# Swap memory       :8589 MB
# Total Virtual     :143403 MB
# Available Virtual :127635 MB
#-----------------------------------------------------------
start_gui
open_project vivado/main.xpr
WARNING: [Board 49-26] cannot add Board Part xilinx.com:vek280_es:part0:1.0 available at /tools/Xilinx/Vivado/2024.1/data/xhub/boards/XilinxBoardStore/boards/Xilinx/vek280/es/rev_a/1.0/board.xml as part xcve2802-vsvh1760-2lp-e-s-es1 specified in board_part file is either invalid or not available
WARNING: [Board 49-26] cannot add Board Part xilinx.com:vek280_es:part0:1.1 available at /tools/Xilinx/Vivado/2024.1/data/xhub/boards/XilinxBoardStore/boards/Xilinx/vek280/es/rev_a/1.1/board.xml as part xcve2802-vsvh1760-2lp-e-s-es1 specified in board_part file is either invalid or not available
WARNING: [Board 49-26] cannot add Board Part xilinx.com:vek280_es_revb:part0:1.0 available at /tools/Xilinx/Vivado/2024.1/data/xhub/boards/XilinxBoardStore/boards/Xilinx/vek280/es/rev_b/1.0/board.xml as part xcve2802-vsvh1760-2mp-e-s-es1 specified in board_part file is either invalid or not available
WARNING: [Board 49-26] cannot add Board Part xilinx.com:vek280_es_revb:part0:1.1 available at /tools/Xilinx/Vivado/2024.1/data/xhub/boards/XilinxBoardStore/boards/Xilinx/vek280/es/rev_b/1.1/board.xml as part xcve2802-vsvh1760-2mp-e-s-es1 specified in board_part file is either invalid or not available
WARNING: [Board 49-26] cannot add Board Part xilinx.com:vhk158_es:part0:1.0 available at /tools/Xilinx/Vivado/2024.1/data/xhub/boards/XilinxBoardStore/boards/Xilinx/vhk158/es/1.0/board.xml as part xcvh1582-vsva3697-2mp-e-s-es1 specified in board_part file is either invalid or not available
WARNING: [Board 49-26] cannot add Board Part xilinx.com:vhk158_es:part0:1.1 available at /tools/Xilinx/Vivado/2024.1/data/xhub/boards/XilinxBoardStore/boards/Xilinx/vhk158/es/1.1/board.xml as part xcvh1582-vsva3697-2mp-e-s-es1 specified in board_part file is either invalid or not available
WARNING: [Board 49-26] cannot add Board Part xilinx.com:zcu208ld:part0:2.0 available at /tools/Xilinx/Vivado/2024.1/data/xhub/boards/XilinxBoardStore/boards/Xilinx/zcu208ld/production/2.0/board.xml as part xczu58dr-fsvg1517-2-i specified in board_part file is either invalid or not available
WARNING: [Board 49-26] cannot add Board Part xilinx.com:zcu216ld:part0:2.0 available at /tools/Xilinx/Vivado/2024.1/data/xhub/boards/XilinxBoardStore/boards/Xilinx/zcu216ld/production/2.0/board.xml as part xczu59dr-ffvf1760-2-i specified in board_part file is either invalid or not available
WARNING: [Board 49-26] cannot add Board Part xilinx.com:zcu670ld:part0:1.0 available at /tools/Xilinx/Vivado/2024.1/data/xhub/boards/XilinxBoardStore/boards/Xilinx/zcu670ld/1.0/board.xml as part xczu57dr-fsve1156-2-i specified in board_part file is either invalid or not available
Scanning sources...
Finished scanning sources
INFO: [IP_Flow 19-234] Refreshing IP repositories
INFO: [IP_Flow 19-1704] No user IP repositories specified
INFO: [IP_Flow 19-2313] Loaded Vivado IP repository '/tools/Xilinx/Vivado/2024.1/data/ip'.
open_project: Time (s): cpu = 00:00:16 ; elapsed = 00:00:06 . Memory (MB): peak = 8136.109 ; gain = 519.727 ; free physical = 72299 ; free virtual = 120597
update_compile_order -fileset sources_1
open_run synth_1 -name synth_1
Design is defaulting to impl run constrset: constrs_1
Design is defaulting to synth run part: xc7a35tcsg324-1
INFO: [Device 21-403] Loading part xc7a35tcsg324-1
INFO: [Device 21-9227] Part: xc7a35tcsg324-1 does not have CEAM library.
INFO: [Project 1-454] Reading design checkpoint '/home/fujino/Projects/dev/tmp/CFU-Proving-Ground/vivado/main.gen/sources_1/ip/clk_wiz_0/clk_wiz_0.dcp' for cell 'clk_wiz_0'
Netlist sorting complete. Time (s): cpu = 00:00:00.01 ; elapsed = 00:00:00.01 . Memory (MB): peak = 8444.027 ; gain = 0.000 ; free physical = 71999 ; free virtual = 120297
INFO: [Netlist 29-17] Analyzing 238 Unisim elements for replacement
INFO: [Netlist 29-28] Unisim Transformation completed in 0 CPU seconds
INFO: [Project 1-479] Netlist was created with Vivado 2024.1
INFO: [Project 1-570] Preparing netlist for logic optimization
Parsing XDC File [/home/fujino/Projects/dev/tmp/CFU-Proving-Ground/vivado/main.gen/sources_1/ip/clk_wiz_0/clk_wiz_0_board.xdc] for cell 'clk_wiz_0/inst'
Finished Parsing XDC File [/home/fujino/Projects/dev/tmp/CFU-Proving-Ground/vivado/main.gen/sources_1/ip/clk_wiz_0/clk_wiz_0_board.xdc] for cell 'clk_wiz_0/inst'
Parsing XDC File [/home/fujino/Projects/dev/tmp/CFU-Proving-Ground/vivado/main.gen/sources_1/ip/clk_wiz_0/clk_wiz_0.xdc] for cell 'clk_wiz_0/inst'
INFO: [Timing 38-35] Done setting XDC timing constraints. [/home/fujino/Projects/dev/tmp/CFU-Proving-Ground/vivado/main.gen/sources_1/ip/clk_wiz_0/clk_wiz_0.xdc:54]
INFO: [Timing 38-2] Deriving generated clocks [/home/fujino/Projects/dev/tmp/CFU-Proving-Ground/vivado/main.gen/sources_1/ip/clk_wiz_0/clk_wiz_0.xdc:54]
Finished Parsing XDC File [/home/fujino/Projects/dev/tmp/CFU-Proving-Ground/vivado/main.gen/sources_1/ip/clk_wiz_0/clk_wiz_0.xdc] for cell 'clk_wiz_0/inst'
Parsing XDC File [/home/fujino/Projects/dev/tmp/CFU-Proving-Ground/constrs/arty_a7.xdc]
CRITICAL WARNING: [Vivado 12-1433] Expecting a non-empty list of cells to be added to the pblock.  Please verify the correctness of the <cells> argument. [/home/fujino/Projects/dev/tmp/CFU-Proving-Ground/constrs/arty_a7.xdc:32]
CRITICAL WARNING: [Vivado 12-1433] Expecting a non-empty list of cells to be added to the pblock.  Please verify the correctness of the <cells> argument. [/home/fujino/Projects/dev/tmp/CFU-Proving-Ground/constrs/arty_a7.xdc:33]
Finished Parsing XDC File [/home/fujino/Projects/dev/tmp/CFU-Proving-Ground/constrs/arty_a7.xdc]
INFO: [Opt 31-138] Pushed 0 inverter(s) to 0 load pin(s).
Netlist sorting complete. Time (s): cpu = 00:00:00 ; elapsed = 00:00:00 . Memory (MB): peak = 9052.477 ; gain = 0.000 ; free physical = 71476 ; free virtual = 119773
INFO: [Project 1-111] Unisim Transformation Summary:
  A total of 14 instances were transformed.
  RAM32M => RAM32M (RAMD32(x6), RAMS32(x2)): 10 instances
  RAM32X1D => RAM32X1D (RAMD32(x2)): 4 instances

open_run: Time (s): cpu = 00:00:16 ; elapsed = 00:00:08 . Memory (MB): peak = 9171.180 ; gain = 1018.051 ; free physical = 71335 ; free virtual = 119637
report_timing_summary -delay_type min_max -report_unconstrained -check_timing_verbose -max_paths 10 -input_pins -routable_nets -name timing_1
INFO: [Timing 38-35] Done setting XDC timing constraints.
INFO: [Timing 38-2] Deriving generated clocks
INFO: [Timing 38-91] UpdateTimingParams: Speed grade: -1, Delay Type: min_max.
INFO: [Timing 38-191] Multithreading enabled for timing update using a maximum of 8 CPUs
exit
INFO: [Common 17-206] Exiting Vivado at Wed Sep 10 13:11:21 2025...
