Mon Jun  2 17:03:05 2025: Running xcd server. This server was built by gradle.
Mon Jun  2 17:03:05 2025: Server was asked to start on port: '42315'
Mon Jun  2 17:03:05 2025: Server is using token UUID: 'bc283e2d-d535-45b4-b635-b3d52e2ab743'
Mon Jun  2 17:03:05 2025: SESSION_MGR: creating session with session uuid: '6d04a3e9-ade5-4ab9-8d63-1f78fcd2ec76' and name 'default'
Mon Jun  2 17:03:05 2025: Attempting to start server on port '42315'
Mon Jun  2 17:03:05 2025: XCD main fifo: created main fifo '/tmp/xcdmainbc283e2d-d535-45b4-b635-b3d52e2ab743', fd read = 13
Mon Jun  2 17:03:05 2025: Running Dispatch Server
Mon Jun  2 17:03:05 2025: Version 2.2.0
Mon Jun  2 17:03:07 2025: Dispatch Server: Accepted socket connection from client
Mon Jun  2 17:03:07 2025: Starting Socket connection
Mon Jun  2 17:03:07 2025: EXCHANGE_TOKEN received, server token: bc283e2d-d535-45b4-b635-b3d52e2ab743, passed token: bc283e2d-d535-45b4-b635-b3d52e2ab743
Mon Jun  2 17:03:07 2025: DISPATCH_HANDLER: Adding handler from function makeHandler in library libxv_system_diagram
Mon Jun  2 17:03:07 2025: SESSION_MGR: creating session with session uuid: 'f7e33f01-66ab-4338-9442-df42a02c89ed' and name 'v++_compile_vitis'
Mon Jun  2 17:03:07 2025: KERNEL_SVC: creating session with uuid: 'f7e33f01-66ab-4338-9442-df42a02c89ed' and name 'v++_compile_vitis'
Mon Jun  2 17:03:07 2025: GUIDANCE_SMGR: creating guidance session with uuid: 'f7e33f01-66ab-4338-9442-df42a02c89ed' and name 'v++_compile_vitis'
Mon Jun  2 17:03:07 2025: SYSTEM_DIAGRAM: creating session with uuid: 'f7e33f01-66ab-4338-9442-df42a02c89ed' and name 'v++_compile_vitis'
Mon Jun  2 17:03:09 2025: Dispatch Server: Accepted socket connection from client
Mon Jun  2 17:03:09 2025: Starting Socket connection
Mon Jun  2 17:03:18 2025: SESSION_MGR: closing session for UUID 'f7e33f01-66ab-4338-9442-df42a02c89ed' with name 'v++_compile_vitis'
Mon Jun  2 17:03:18 2025: KERNEL_SVC: closing session for UUID 'f7e33f01-66ab-4338-9442-df42a02c89ed' with name 'v++_compile_vitis'
Mon Jun  2 17:03:18 2025: GUIDANCE_SMGR: closing session for UUID 'f7e33f01-66ab-4338-9442-df42a02c89ed' with name 'v++_compile_vitis'
Mon Jun  2 17:03:18 2025: SYSTEM_DIAGRAM: closing session for UUID 'f7e33f01-66ab-4338-9442-df42a02c89ed' with name 'v++_compile_vitis'
Mon Jun  2 17:03:18 2025: STOP_SERVER received, server token: bc283e2d-d535-45b4-b635-b3d52e2ab743, passed token: bc283e2d-d535-45b4-b635-b3d52e2ab743
Mon Jun  2 17:03:18 2025: Socket received request to stop server.
Mon Jun  2 17:03:18 2025: Dispatch Server: do_await_stop
Mon Jun  2 17:03:18 2025: Dispatch Server: stopping mainFifo_
Mon Jun  2 17:03:18 2025: XCD main fifo: Stopping
Mon Jun  2 17:03:18 2025: XCD main fifo: do_read error code: Operation canceled
Mon Jun  2 17:03:18 2025: XCD main fifo: bytes_transferred: 0
Mon Jun  2 17:03:18 2025: SERVER: destructor for server bound to port 42315
Mon Jun  2 17:03:18 2025: XCD main fifo: Good unlink of /tmp/xcdmainbc283e2d-d535-45b4-b635-b3d52e2ab743
Mon Jun  2 17:03:18 2025: Server exiting with status 0.
Mon Jun  2 17:03:18 2025: Closing log file.
