INFO-FLOW: Workspace /home/fujino/Projects/GitHub/CFU-Proving-Ground/vitis/hls opened at Mon Jun 02 17:03:08 JST 2025
Execute     send_msg_by_id INFO @200-1505@%s%s default  vivado 
INFO: [HLS 200-1505] Using default flow_target 'vivado'
Execute   apply_ini /home/fujino/Projects/GitHub/CFU-Proving-Ground/constr/cfu_hls.cfg 
Execute     send_msg_by_id INFO @200-1465@%s 'syn.file=cfu_hls.c' from /home/fujino/Projects/GitHub/CFU-Proving-Ground/constr/cfu_hls.cfg(8) 
INFO: [HLS 200-1465] Applying ini 'syn.file=cfu_hls.c' from /home/fujino/Projects/GitHub/CFU-Proving-Ground/constr/cfu_hls.cfg(8)
Execute     add_files cfu_hls.c 
INFO: [HLS 200-10] Adding design file 'cfu_hls.c' to the project
Execute     send_msg_by_id INFO @200-1465@%s 'syn.top=cfu_hls' from /home/fujino/Projects/GitHub/CFU-Proving-Ground/constr/cfu_hls.cfg(7) 
INFO: [HLS 200-1465] Applying ini 'syn.top=cfu_hls' from /home/fujino/Projects/GitHub/CFU-Proving-Ground/constr/cfu_hls.cfg(7)
Execute     set_top cfu_hls 
Execute     send_msg_by_id INFO @200-1465@%s 'flow_target=vivado' from /home/fujino/Projects/GitHub/CFU-Proving-Ground/constr/cfu_hls.cfg(4) 
INFO: [HLS 200-1465] Applying ini 'flow_target=vivado' from /home/fujino/Projects/GitHub/CFU-Proving-Ground/constr/cfu_hls.cfg(4)
Execute     send_msg_by_id INFO @200-1505@%s%s  vivado 
INFO: [HLS 200-1505] Using flow_target 'vivado'
Execute     send_msg_by_id INFO @200-1465@%s 'part=xc7a35tcsg324-1' from /home/fujino/Projects/GitHub/CFU-Proving-Ground/constr/cfu_hls.cfg(1) 
INFO: [HLS 200-1465] Applying ini 'part=xc7a35tcsg324-1' from /home/fujino/Projects/GitHub/CFU-Proving-Ground/constr/cfu_hls.cfg(1)
Execute     set_part xc7a35tcsg324-1 
Execute       create_platform xc7a35tcsg324-1 -board  
DBG:HLSDevice: Trying to load device library: /tools/Xilinx/Vitis_HLS/2024.1/lib/lnx64.o/libxv_hlsvwrap.so
DBG:HLSDevice: first parts/arch.xml in RDI_DATADIR: /tools/Xilinx/Vivado/2024.1/data/parts/arch.xml
DBG:HLSDevice: init success
INFO: [HLS 200-1611] Setting target device to 'xc7a35t-csg324-1'
Command       create_platform done; 0.5 sec.
Execute       source /tools/Xilinx/Vitis_HLS/2024.1/common/technology/xilinx/common/xilinx.gen 
Execute         source /tools/Xilinx/Vitis_HLS/2024.1/common/technology/xilinx/interface/plb46.gen 
Execute         source /tools/Xilinx/Vitis_HLS/2024.1/common/technology/xilinx/interface/axi4.gen 
Execute         source /tools/Xilinx/Vitis_HLS/2024.1/common/technology/xilinx/interface/nativeAXI4.gen 
Execute           source /tools/Xilinx/Vitis_HLS/2024.1/common/technology/xilinx/interface/saxilite.gen 
Execute         source /tools/Xilinx/Vitis_HLS/2024.1/common/technology/xilinx/scripts/xilinxcoregen.gen 
Execute         source /tools/Xilinx/Vitis_HLS/2024.1/common/technology/xilinx/interface/XilEDKCoreGen.gen 
Execute         source /tools/Xilinx/Vitis_HLS/2024.1/common/technology/xilinx/ip/xfft.gen 
Execute         source /tools/Xilinx/Vitis_HLS/2024.1/common/technology/xilinx/ip/util.gen 
Execute         source /tools/Xilinx/Vitis_HLS/2024.1/common/technology/xilinx/ip/dds_compiler.gen 
Execute         source /tools/Xilinx/Vitis_HLS/2024.1/common/technology/xilinx/ip/xfir.gen 
Execute         source /tools/Xilinx/Vitis_HLS/2024.1/common/technology/xilinx/DSP48/dsp48.gen 
Execute       ap_part_info -name xc7a35t-csg324-1 -data info 
Execute       config_compile -quiet -complex-mul-dsp=0 
Command     set_part done; 0.59 sec.
Execute     send_msg_by_id INFO @200-1465@%s 'clock=150MHz' from /home/fujino/Projects/GitHub/CFU-Proving-Ground/constr/cfu_hls.cfg(9) 
INFO: [HLS 200-1465] Applying ini 'clock=150MHz' from /home/fujino/Projects/GitHub/CFU-Proving-Ground/constr/cfu_hls.cfg(9)
Execute     create_clock -period 150MHz 
Execute       ap_set_clock -name default -period 6.667 -unit ns -default=false 
INFO: [SYN 201-201] Setting up clock 'default' with a period of 6.667ns.
Execute     send_msg_by_id INFO @200-1465@%s 'package.output.format=rtl' from /home/fujino/Projects/GitHub/CFU-Proving-Ground/constr/cfu_hls.cfg(5) 
INFO: [HLS 200-1465] Applying ini 'package.output.format=rtl' from /home/fujino/Projects/GitHub/CFU-Proving-Ground/constr/cfu_hls.cfg(5)
Execute     config_export -format=rtl 
Execute     send_msg_by_id INFO @200-1465@%s 'syn.interface.clock_enable=0' from /home/fujino/Projects/GitHub/CFU-Proving-Ground/constr/cfu_hls.cfg(13) 
INFO: [HLS 200-1465] Applying ini 'syn.interface.clock_enable=0' from /home/fujino/Projects/GitHub/CFU-Proving-Ground/constr/cfu_hls.cfg(13)
Execute     config_interface -clock_enable=0 
Execute     send_msg_by_id INFO @200-1465@%s 'syn.rtl.fsm_encoding=auto' from /home/fujino/Projects/GitHub/CFU-Proving-Ground/constr/cfu_hls.cfg(11) 
INFO: [HLS 200-1465] Applying ini 'syn.rtl.fsm_encoding=auto' from /home/fujino/Projects/GitHub/CFU-Proving-Ground/constr/cfu_hls.cfg(11)
Execute     config_rtl -fsm_encoding=auto 
Execute     send_msg_by_id INFO @200-1465@%s 'syn.rtl.register_all_io=1' from /home/fujino/Projects/GitHub/CFU-Proving-Ground/constr/cfu_hls.cfg(14) 
INFO: [HLS 200-1465] Applying ini 'syn.rtl.register_all_io=1' from /home/fujino/Projects/GitHub/CFU-Proving-Ground/constr/cfu_hls.cfg(14)
Execute     config_rtl -register_all_io=1 
Execute     send_msg_by_id INFO @200-1465@%s 'syn.rtl.reset=none' from /home/fujino/Projects/GitHub/CFU-Proving-Ground/constr/cfu_hls.cfg(10) 
INFO: [HLS 200-1465] Applying ini 'syn.rtl.reset=none' from /home/fujino/Projects/GitHub/CFU-Proving-Ground/constr/cfu_hls.cfg(10)
Execute     config_rtl -reset=none 
Execute     send_msg_by_id INFO @200-1465@%s 'syn.directive.interface=cfu_hls rslt_o mode=ap_none' from /home/fujino/Projects/GitHub/CFU-Proving-Ground/constr/cfu_hls.cfg(12) 
INFO: [HLS 200-1465] Applying ini 'syn.directive.interface=cfu_hls rslt_o mode=ap_none' from /home/fujino/Projects/GitHub/CFU-Proving-Ground/constr/cfu_hls.cfg(12)
Execute     set_directive_interface cfu_hls rslt_o -mode=ap_none 
Command   apply_ini done; 0.67 sec.
Execute   apply_ini /home/fujino/Projects/GitHub/CFU-Proving-Ground/vitis/hls/config.cmdline 
Execute   csynth_design 
Execute     AP::app_get_file_relativeroot [AP::app_get_root] {}
Execute     AP::app_get_file_relativeroot [AP::app_get_root] {}
Execute     AP::app_get_file_relativeroot [AP::app_get_root] {}
INFO-FLOW: Running SLX 'csynth' proc: ::SLX::run_csynth
Execute     elaborate -effort=medium -skip_syncheck=0 -keep_printf=0 -skip_cdt=0 -skip_transform=0 -ng=0 -g=0 -opt_fp=0 -from_csynth_design=1 
INFO: [HLS 200-111] Finished File checks and directory preparation: CPU user time: 1.28 seconds. CPU system time: 0.14 seconds. Elapsed time: 1.47 seconds; current allocated memory: 343.984 MB.
Execute       set_directive_top cfu_hls -name=cfu_hls 
INFO: [HLS 200-10] Analyzing design file 'cfu_hls.c' ... 
INFO-FLOW: Compiling one TU...
INFO-FLOW: Handling cfu_hls.c as C
Execute       ap_part_info -name xc7a35t-csg324-1 -data info 
INFO-FLOW: Running: GCC PP 39
INFO-FLOW: Source preprocessing
INFO-FLOW: run_clang exec: /tools/Xilinx/Vitis_HLS/2024.1/lnx64/tools/clang-3.9-csynth/bin/clang cfu_hls.c -foptimization-record-file=/home/fujino/Projects/GitHub/CFU-Proving-Ground/vitis/hls/.autopilot/db/cfu_hls.c.clang.diag.yml -mllvm -pass-remarks-missed=reflow|pasta|unroll -mllvm -pass-remarks=reflow|pasta|unroll|inline -fno-limit-debug-info -gcc-toolchain /tools/Xilinx/Vitis_HLS/2024.1/tps/lnx64/gcc-8.3.0 -fhls -fno-exceptions -insert-hls-directive=/home/fujino/Projects/GitHub/CFU-Proving-Ground/vitis/hls/.autopilot/db/all.directive.json -E -fno-math-errno -c -emit-llvm -mllvm -disable-llvm-optzns -Werror=implicit-function-declaration -Werror=implicit-hls-streams -Werror=return-type -Wpragmas -Wunused-parameter -Wdump-hls-pragmas -Wno-error=dump-hls-pragmas -hls-clock-period=6.667 -std=gnu99 -fgnu89-inline -target fpga64-xilinx-linux-gnu -D__VITIS_HLS__ -DAESL_SYN -D__SYNTHESIS__ -D__HLS_SYN__ -I /tools/Xilinx/Vitis_HLS/2024.1/common/technology/autopilot -I /tools/Xilinx/Vitis_HLS/2024.1/common/technology/autopilot/ap_sysc -include etc/autopilot_ssdm_op.h -D__DSP48E1__ -I /usr/include/x86_64-linux-gnu -o /home/fujino/Projects/GitHub/CFU-Proving-Ground/vitis/hls/.autopilot/db/cfu_hls.pp.0.c -hls-platform-db-name=/tools/Xilinx/Vitis_HLS/2024.1/common/technology/xilinx/common/platform.db -hls-platform-name=artix7_slow -device-resource-info=BRAM_100.000000_DSP_90.000000_FF_41600.000000_LUT_20800.000000_SLICE_8150.000000_URAM_0.000000 -device-name-info=xc7a35tcsg324-1 > /home/fujino/Projects/GitHub/CFU-Proving-Ground/vitis/hls/.autopilot/db/cfu_hls.c.clang.out.log 2> /home/fujino/Projects/GitHub/CFU-Proving-Ground/vitis/hls/.autopilot/db/cfu_hls.c.clang.err.log
INFO-FLOW: Done: GCC PP 39 time: 0.1 seconds per iteration
INFO-FLOW: Source syntax check for synthesis
INFO-FLOW: run_clang exec: /tools/Xilinx/Vitis_HLS/2024.1/lnx64/tools/clang-3.9-csynth/bin/clang -foptimization-record-file=/home/fujino/Projects/GitHub/CFU-Proving-Ground/vitis/hls/.autopilot/db/clang.diag.yml -mllvm -pass-remarks-missed=reflow|pasta|unroll -mllvm -pass-remarks=reflow|pasta|unroll|inline -fsyntax-only -fhls -target fpga64-xilinx-linux-gnu /home/fujino/Projects/GitHub/CFU-Proving-Ground/vitis/hls/.autopilot/db/cfu_hls.pp.0.c -hls-platform-db-name=/tools/Xilinx/Vitis_HLS/2024.1/common/technology/xilinx/common/platform.db -hls-platform-name=artix7_slow -device-resource-info=BRAM_100.000000_DSP_90.000000_FF_41600.000000_LUT_20800.000000_SLICE_8150.000000_URAM_0.000000 -device-name-info=xc7a35tcsg324-1 > /home/fujino/Projects/GitHub/CFU-Proving-Ground/vitis/hls/.autopilot/db/clang.out.log 2> /home/fujino/Projects/GitHub/CFU-Proving-Ground/vitis/hls/.autopilot/db/clang.err.log
Execute       clang_tidy xilinx-systemc-detector -desc systemc-detector /home/fujino/Projects/GitHub/CFU-Proving-Ground/vitis/hls/.autopilot/db/cfu_hls.pp.0.c std=gnu99 -target fpga  -directive=/home/fujino/Projects/GitHub/CFU-Proving-Ground/vitis/hls/.autopilot/db/.systemc_flag 
INFO-FLOW: exec /tools/Xilinx/Vitis_HLS/2024.1/lnx64/tools/clang-3.9-csynth/bin/clang-tidy -header-filter=.* --checks=-*,xilinx-systemc-detector -import-directive=/home/fujino/Projects/GitHub/CFU-Proving-Ground/vitis/hls/.autopilot/db/.systemc_flag -fix-errors /home/fujino/Projects/GitHub/CFU-Proving-Ground/vitis/hls/.autopilot/db/cfu_hls.pp.0.c -- -std=gnu99 -target fpga -fhls -ferror-limit=0
INFO-FLOW: Running: clang-tidy CDT preprocess 39
Execute       clang_tidy xilinx-directive2pragma -desc directive2pragma /home/fujino/Projects/GitHub/CFU-Proving-Ground/vitis/hls/.autopilot/db/cfu_hls.pp.0.c std=gnu99 -target fpga  -directive=/home/fujino/Projects/GitHub/CFU-Proving-Ground/vitis/hls/.autopilot/db/all.directive.json 
INFO-FLOW: exec /tools/Xilinx/Vitis_HLS/2024.1/lnx64/tools/clang-3.9-csynth/bin/clang-tidy -header-filter=.* --checks=-*,xilinx-directive2pragma -import-directive=/home/fujino/Projects/GitHub/CFU-Proving-Ground/vitis/hls/.autopilot/db/all.directive.json -fix-errors /home/fujino/Projects/GitHub/CFU-Proving-Ground/vitis/hls/.autopilot/db/cfu_hls.pp.0.c -- -std=gnu99 -target fpga -fhls -ferror-limit=0
INFO-FLOW: Done: clang-tidy CDT preprocess 39 time: 0 seconds per iteration
INFO-FLOW: Calling xilinx-label-all-loops ... 
INFO-FLOW: Calling xilinx-aggregate-on-hls-vector ... 
Execute       clang_tidy -errorcheck -desc loop-label xilinx-label-all-loops,xilinx-aggregate-on-hls-vector,,xilinx-warn-mayneed-no-ctor-attribute /home/fujino/Projects/GitHub/CFU-Proving-Ground/vitis/hls/.autopilot/db/cfu_hls.pp.0.c std=gnu99 -target fpga  
INFO-FLOW: run_clang exec: /tools/Xilinx/Vitis_HLS/2024.1/lnx64/tools/clang-3.9-csynth/bin/clang-tidy -export-fixes=/home/fujino/Projects/GitHub/CFU-Proving-Ground/vitis/hls/.autopilot/db/cfu_hls.pp.0.c.clang-tidy.loop-label.diag.yml -header-filter=.* --checks=-*,xilinx-label-all-loops,xilinx-aggregate-on-hls-vector,,xilinx-warn-mayneed-no-ctor-attribute -fix-errors /home/fujino/Projects/GitHub/CFU-Proving-Ground/vitis/hls/.autopilot/db/cfu_hls.pp.0.c -- -std=gnu99 -target fpga -fhls -ferror-limit=0 > /home/fujino/Projects/GitHub/CFU-Proving-Ground/vitis/hls/.autopilot/db/cfu_hls.pp.0.c.clang-tidy.loop-label.out.log 2> /home/fujino/Projects/GitHub/CFU-Proving-Ground/vitis/hls/.autopilot/db/cfu_hls.pp.0.c.clang-tidy.loop-label.err.log
INFO-FLOW: run_clang exec: /tools/Xilinx/Vitis_HLS/2024.1/lnx64/tools/clang-3.9-csynth/bin/xilinx-dataflow-lawyer -export-fixes=/home/fujino/Projects/GitHub/CFU-Proving-Ground/vitis/hls/.autopilot/db/cfu_hls.pp.0.c.xilinx-dataflow-lawyer.diag.yml /home/fujino/Projects/GitHub/CFU-Proving-Ground/vitis/hls/.autopilot/db/cfu_hls.pp.0.c -- -std=gnu99 -target fpga -fhls -ferror-limit=0 -fstrict-dataflow > /home/fujino/Projects/GitHub/CFU-Proving-Ground/vitis/hls/.autopilot/db/cfu_hls.pp.0.c.xilinx-dataflow-lawyer.out.log 2> /home/fujino/Projects/GitHub/CFU-Proving-Ground/vitis/hls/.autopilot/db/cfu_hls.pp.0.c.xilinx-dataflow-lawyer.err.log
Execute       ap_part_info -name xc7a35t-csg324-1 -data info 
INFO-FLOW: compiling source code to llvm bc
INFO-FLOW: run_clang exec: /tools/Xilinx/Vitis_HLS/2024.1/lnx64/tools/clang-3.9-csynth/bin/clang -foptimization-record-file=/home/fujino/Projects/GitHub/CFU-Proving-Ground/vitis/hls/.autopilot/db/cfu_hls.pp.0.c.clang.diag.yml -mllvm -pass-remarks-missed=reflow|pasta|unroll -mllvm -pass-remarks=reflow|pasta|unroll|inline -fno-limit-debug-info -fhls -flto -fno-exceptions -Wno-error=c++11-narrowing -hls-emit-hint-scope /home/fujino/Projects/GitHub/CFU-Proving-Ground/vitis/hls/.autopilot/db/cfu_hls.pp.0.c -fno-math-errno -c -emit-llvm -mllvm -disable-llvm-optzns -Werror=implicit-function-declaration -Werror=implicit-hls-streams -Werror=return-type -Wpragmas -Wunused-parameter -Wdump-hls-pragmas -Wno-error=dump-hls-pragmas -hls-clock-period=6.667 -std=gnu99 -fgnu89-inline -target fpga64-xilinx-linux-gnu -D__VITIS_HLS__ -DAESL_SYN -D__SYNTHESIS__ -D__HLS_SYN__ -I /tools/Xilinx/Vitis_HLS/2024.1/common/technology/autopilot -I /tools/Xilinx/Vitis_HLS/2024.1/common/technology/autopilot/ap_sysc -include etc/autopilot_ssdm_op.h -D__DSP48E1__ -g -o /home/fujino/Projects/GitHub/CFU-Proving-Ground/vitis/hls/.autopilot/db/cfu_hls.bc -hls-platform-db-name=/tools/Xilinx/Vitis_HLS/2024.1/common/technology/xilinx/common/platform.db -hls-platform-name=artix7_slow -device-resource-info=BRAM_100.000000_DSP_90.000000_FF_41600.000000_LUT_20800.000000_SLICE_8150.000000_URAM_0.000000 -device-name-info=xc7a35tcsg324-1 > /home/fujino/Projects/GitHub/CFU-Proving-Ground/vitis/hls/.autopilot/db/cfu_hls.pp.0.c.clang.out.log 2> /home/fujino/Projects/GitHub/CFU-Proving-Ground/vitis/hls/.autopilot/db/cfu_hls.pp.0.c.clang.err.log
WARNING: [HLS 207-5292] unused parameter 'funct3_i' (cfu_hls.c:4:10)
WARNING: [HLS 207-5292] unused parameter 'funct7_i' (cfu_hls.c:5:10)
INFO: [HLS 200-111] Finished Source Code Analysis and Preprocessing: CPU user time: 0.16 seconds. CPU system time: 0.25 seconds. Elapsed time: 0.59 seconds; current allocated memory: 345.371 MB.
INFO-FLOW: Linking Debug ...
INFO-FLOW: Linking dut bc code.
Execute       run_link_or_opt -out /home/fujino/Projects/GitHub/CFU-Proving-Ground/vitis/hls/.autopilot/db/a.g.ld.0.bc -args  "/home/fujino/Projects/GitHub/CFU-Proving-Ground/vitis/hls/.autopilot/db/cfu_hls.g.bc"  
INFO-FLOW: run_clang exec: /tools/Xilinx/Vitis_HLS/2024.1/lnx64/tools/clang-3.9-csynth/bin/llvm-link /home/fujino/Projects/GitHub/CFU-Proving-Ground/vitis/hls/.autopilot/db/cfu_hls.g.bc -o /home/fujino/Projects/GitHub/CFU-Proving-Ground/vitis/hls/.autopilot/db/a.g.ld.0.bc > /home/fujino/Projects/GitHub/CFU-Proving-Ground/vitis/hls/.autopilot/db/a.g.ld.0.bc.llvm-link.out.log 2> /home/fujino/Projects/GitHub/CFU-Proving-Ground/vitis/hls/.autopilot/db/a.g.ld.0.bc.llvm-link.err.log
INFO-FLOW: 
Execute       run_link_or_opt -opt -out /home/fujino/Projects/GitHub/CFU-Proving-Ground/vitis/hls/.autopilot/db/a.g.ld.1.lower.bc -args /home/fujino/Projects/GitHub/CFU-Proving-Ground/vitis/hls/.autopilot/db/a.g.ld.0.bc -reflow-lower-math-intrinsics 
INFO-FLOW: run_clang exec: /tools/Xilinx/Vitis_HLS/2024.1/lnx64/tools/clang-3.9-csynth/bin/opt -pass-remarks-missed=reflow|pasta|unroll -pass-remarks=reflow|pasta|unroll|inline -pass-remarks-output=/home/fujino/Projects/GitHub/CFU-Proving-Ground/vitis/hls/.autopilot/db/a.g.ld.1.lower.bc.opt.diag.yml /home/fujino/Projects/GitHub/CFU-Proving-Ground/vitis/hls/.autopilot/db/a.g.ld.0.bc -reflow-lower-math-intrinsics -o /home/fujino/Projects/GitHub/CFU-Proving-Ground/vitis/hls/.autopilot/db/a.g.ld.1.lower.bc > /home/fujino/Projects/GitHub/CFU-Proving-Ground/vitis/hls/.autopilot/db/a.g.ld.1.lower.bc.opt.out.log 2> /home/fujino/Projects/GitHub/CFU-Proving-Ground/vitis/hls/.autopilot/db/a.g.ld.1.lower.bc.opt.err.log
INFO-FLOW: 
INFO-FLOW: Running: gen_design_size_report post-opt
INFO-FLOW: Done: gen_design_size_report post-opt time: 0 seconds per iteration
INFO-FLOW: Linking math bc lib
Execute       run_link_or_opt -out /home/fujino/Projects/GitHub/CFU-Proving-Ground/vitis/hls/.autopilot/db/a.g.ld.2.m1.bc -args /home/fujino/Projects/GitHub/CFU-Proving-Ground/vitis/hls/.autopilot/db/a.g.ld.1.lower.bc -only-needed /tools/Xilinx/Vitis_HLS/2024.1/lnx64/lib/libhlsm_39.bc /tools/Xilinx/Vitis_HLS/2024.1/lnx64/lib/libhlsmc++_39.bc 
INFO-FLOW: run_clang exec: /tools/Xilinx/Vitis_HLS/2024.1/lnx64/tools/clang-3.9-csynth/bin/llvm-link /home/fujino/Projects/GitHub/CFU-Proving-Ground/vitis/hls/.autopilot/db/a.g.ld.1.lower.bc -only-needed /tools/Xilinx/Vitis_HLS/2024.1/lnx64/lib/libhlsm_39.bc /tools/Xilinx/Vitis_HLS/2024.1/lnx64/lib/libhlsmc++_39.bc -o /home/fujino/Projects/GitHub/CFU-Proving-Ground/vitis/hls/.autopilot/db/a.g.ld.2.m1.bc > /home/fujino/Projects/GitHub/CFU-Proving-Ground/vitis/hls/.autopilot/db/a.g.ld.2.m1.bc.llvm-link.out.log 2> /home/fujino/Projects/GitHub/CFU-Proving-Ground/vitis/hls/.autopilot/db/a.g.ld.2.m1.bc.llvm-link.err.log
INFO-FLOW: 
Command       run_link_or_opt done; 0.75 sec.
Execute       run_link_or_opt -opt -out /home/fujino/Projects/GitHub/CFU-Proving-Ground/vitis/hls/.autopilot/db/a.g.ld.3.fpc.bc -args /home/fujino/Projects/GitHub/CFU-Proving-Ground/vitis/hls/.autopilot/db/a.g.ld.2.m1.bc -reflow-globaldce -hls-top-function-name=cfu_hls -reflow-float-conversion 
INFO-FLOW: run_clang exec: /tools/Xilinx/Vitis_HLS/2024.1/lnx64/tools/clang-3.9-csynth/bin/opt -pass-remarks-missed=reflow|pasta|unroll -pass-remarks=reflow|pasta|unroll|inline -pass-remarks-output=/home/fujino/Projects/GitHub/CFU-Proving-Ground/vitis/hls/.autopilot/db/a.g.ld.3.fpc.bc.opt.diag.yml /home/fujino/Projects/GitHub/CFU-Proving-Ground/vitis/hls/.autopilot/db/a.g.ld.2.m1.bc -reflow-globaldce -hls-top-function-name=cfu_hls -reflow-float-conversion -o /home/fujino/Projects/GitHub/CFU-Proving-Ground/vitis/hls/.autopilot/db/a.g.ld.3.fpc.bc > /home/fujino/Projects/GitHub/CFU-Proving-Ground/vitis/hls/.autopilot/db/a.g.ld.3.fpc.bc.opt.out.log 2> /home/fujino/Projects/GitHub/CFU-Proving-Ground/vitis/hls/.autopilot/db/a.g.ld.3.fpc.bc.opt.err.log
INFO-FLOW: 
INFO-FLOW: Running: gen_design_size_report post-opt
INFO-FLOW: Done: gen_design_size_report post-opt time: 0 seconds per iteration
Command       run_link_or_opt done; 0.3 sec.
Execute       run_link_or_opt -out /home/fujino/Projects/GitHub/CFU-Proving-Ground/vitis/hls/.autopilot/db/a.g.ld.4.m2.bc -args /home/fujino/Projects/GitHub/CFU-Proving-Ground/vitis/hls/.autopilot/db/a.g.ld.3.fpc.bc -only-needed /tools/Xilinx/Vitis_HLS/2024.1/lnx64/lib/libfloatconversion_39.bc 
INFO-FLOW: run_clang exec: /tools/Xilinx/Vitis_HLS/2024.1/lnx64/tools/clang-3.9-csynth/bin/llvm-link /home/fujino/Projects/GitHub/CFU-Proving-Ground/vitis/hls/.autopilot/db/a.g.ld.3.fpc.bc -only-needed /tools/Xilinx/Vitis_HLS/2024.1/lnx64/lib/libfloatconversion_39.bc -o /home/fujino/Projects/GitHub/CFU-Proving-Ground/vitis/hls/.autopilot/db/a.g.ld.4.m2.bc > /home/fujino/Projects/GitHub/CFU-Proving-Ground/vitis/hls/.autopilot/db/a.g.ld.4.m2.bc.llvm-link.out.log 2> /home/fujino/Projects/GitHub/CFU-Proving-Ground/vitis/hls/.autopilot/db/a.g.ld.4.m2.bc.llvm-link.err.log
INFO-FLOW: 
Execute       run_link_or_opt -opt -out /home/fujino/Projects/GitHub/CFU-Proving-Ground/vitis/hls/.autopilot/db/a.g.ld.5.gdce.bc -args /home/fujino/Projects/GitHub/CFU-Proving-Ground/vitis/hls/.autopilot/db/a.g.ld.4.m2.bc -reflow-globaldce -hls-top-function-name=cfu_hls 
INFO-FLOW: run_clang exec: /tools/Xilinx/Vitis_HLS/2024.1/lnx64/tools/clang-3.9-csynth/bin/opt -pass-remarks-missed=reflow|pasta|unroll -pass-remarks=reflow|pasta|unroll|inline -pass-remarks-output=/home/fujino/Projects/GitHub/CFU-Proving-Ground/vitis/hls/.autopilot/db/a.g.ld.5.gdce.bc.opt.diag.yml /home/fujino/Projects/GitHub/CFU-Proving-Ground/vitis/hls/.autopilot/db/a.g.ld.4.m2.bc -reflow-globaldce -hls-top-function-name=cfu_hls -o /home/fujino/Projects/GitHub/CFU-Proving-Ground/vitis/hls/.autopilot/db/a.g.ld.5.gdce.bc > /home/fujino/Projects/GitHub/CFU-Proving-Ground/vitis/hls/.autopilot/db/a.g.ld.5.gdce.bc.opt.out.log 2> /home/fujino/Projects/GitHub/CFU-Proving-Ground/vitis/hls/.autopilot/db/a.g.ld.5.gdce.bc.opt.err.log
INFO-FLOW: 
INFO-FLOW: Running: gen_design_size_report post-opt
INFO-FLOW: Done: gen_design_size_report post-opt time: 0 seconds per iteration
Execute       send_msg_by_id INFO @200-777@%s Vivado 
INFO: [HLS 200-777] Using interface defaults for 'Vivado' flow target.
Execute       is_m_axi_addr64 
INFO-FLOW: Doing LTO.
INFO-FLOW: run_clang (background poll_ms 5000) exec: /tools/Xilinx/Vitis_HLS/2024.1/lnx64/tools/clang-3.9-csynth/bin/clang -foptimization-record-file=/home/fujino/Projects/GitHub/CFU-Proving-Ground/vitis/hls/.autopilot/db/a.g.ld.0.bc.clang.reflow.diag.yml -mllvm -pass-remarks-missed=reflow|pasta|unroll -mllvm -pass-remarks=reflow|pasta|unroll|inline -fhls -mllvm -hls-top-function-name=cfu_hls -mllvm -hls-db-dir -mllvm /home/fujino/Projects/GitHub/CFU-Proving-Ground/vitis/hls/.autopilot/db -emit-llvm -c -target fpga64-xilinx-none -mllvm -xcl-xmlinfo=/home/fujino/Projects/GitHub/CFU-Proving-Ground/vitis/hls/.autopilot/db/kernel.internal.xml -mllvm -top-io-mapping-info=/home/fujino/Projects/GitHub/CFU-Proving-Ground/vitis/hls/.autopilot/db/top-io-fe.xml -mllvm -hls-bitcode-version=3.1 -mllvm -reflow-enable-slave-interface-default-setting=true -mllvm -gen-kernel-xml=false -mllvm -default-maxi-offset=slave -mllvm -maxi-latency=0 -mllvm -hls-maxi-data-size-in-bits=8 -mllvm -hls-maxi-max-data-size-in-bits=1024 -mllvm -hls-max-widen-size-in-bits=0 -mllvm -xcl-kernel-max-mem-ports=0 -mllvm -maxi-read-trans=16 -mllvm -maxi-write-trans=16 -mllvm -maxi-read-burst-len=16 -mllvm -maxi-write-burst-len=16 -mllvm -reflow-enable-saxi-64bits=0 -mllvm -reflow-basic-block-instr-threshold=200000 -mllvm -reflow-auto-pipeline-threshold=64 -mllvm -reflow-enable-maxi-auto-id-channel=0 -mllvm -enable-fp-thr=0 -mllvm -reflow-bdd-simplify-threshold=1048576 -mllvm -reflow-fanout-threshold=16 -mllvm -reflow-complete-threshold=4 -mllvm -reflow-array-promotion-threshold=64 -mllvm -assume-maxi-align=1 -mllvm -reflow-enable-dataflow-strict-mode-checking=1 -ftime-report -mllvm -time-passes -mllvm -reflow-auto-array-partition-mode=default -mllvm -reflow-enable-auto-small-array-partition=true -mllvm -reflow-enable-auto-array-partition-for-flatten=true -mllvm -reflow-enable-auto-parallel-performance-driven=true -mllvm -reflow-enable-partition-for-automation=true -mllvm -reflow-aggregate-bitwidth-threshold=4096 -mllvm -reflow-reserved-saxilite-registers=0 -mllvm -enable-reflow-auto-loop-pipeline -mllvm -reflow-max-unroll-threshold=409600 -mllvm -auto-unroll-tripcount-threshold=0 -mllvm -reflow-assume-no-address-wrap=true -mllvm -reflow-enable-occurrence-inference=true -mllvm -reflow-emit-hint-scope=true -mllvm -reflow-enable-codegen-with-if=true -mllvm -hls -mllvm -disable-inlined-alloca-merging=true -mllvm -default-clock-period=6.667 -mllvm -use_read_first_ram_in_loop=1 -mllvm -default-clock-uncertainty=1.8 -x ir /home/fujino/Projects/GitHub/CFU-Proving-Ground/vitis/hls/.autopilot/db/a.g.ld.5.gdce.bc -o /home/fujino/Projects/GitHub/CFU-Proving-Ground/vitis/hls/.autopilot/db/a.g.lto.bc -hls-platform-db-name=/tools/Xilinx/Vitis_HLS/2024.1/common/technology/xilinx/common/platform.db -hls-platform-name=artix7_slow -device-resource-info=BRAM_100.000000_DSP_90.000000_FF_41600.000000_LUT_20800.000000_SLICE_8150.000000_URAM_0.000000 -device-name-info=xc7a35tcsg324-1 2> /home/fujino/Projects/GitHub/CFU-Proving-Ground/vitis/hls/.autopilot/db/a.g.ld.0.bc.clang.reflow.err.log bg_poll_cmd: ::AP::poll_clang_39_closed_source
Execute       send_msg_by_id INFO @200-1995@%s%s%s 35 Compile/Link /home/fujino/Projects/GitHub/CFU-Proving-Ground/vitis/hls/syn/report/csynth_design_size.rpt 
INFO: [HLS 200-1995] There were 35 instructions in the design after the 'Compile/Link' phase of compilation. See the Design Size Report for more details: /home/fujino/Projects/GitHub/CFU-Proving-Ground/vitis/hls/syn/report/csynth_design_size.rpt
Execute       send_msg_by_id INFO @200-1995@%s%s%s 31 Unroll/Inline (step 1) /home/fujino/Projects/GitHub/CFU-Proving-Ground/vitis/hls/syn/report/csynth_design_size.rpt 
INFO: [HLS 200-1995] There were 31 instructions in the design after the 'Unroll/Inline (step 1)' phase of compilation. See the Design Size Report for more details: /home/fujino/Projects/GitHub/CFU-Proving-Ground/vitis/hls/syn/report/csynth_design_size.rpt
Execute       send_msg_by_id INFO @200-1995@%s%s%s 26 Unroll/Inline (step 2) /home/fujino/Projects/GitHub/CFU-Proving-Ground/vitis/hls/syn/report/csynth_design_size.rpt 
INFO: [HLS 200-1995] There were 26 instructions in the design after the 'Unroll/Inline (step 2)' phase of compilation. See the Design Size Report for more details: /home/fujino/Projects/GitHub/CFU-Proving-Ground/vitis/hls/syn/report/csynth_design_size.rpt
Execute       send_msg_by_id INFO @200-1995@%s%s%s 26 Unroll/Inline (step 3) /home/fujino/Projects/GitHub/CFU-Proving-Ground/vitis/hls/syn/report/csynth_design_size.rpt 
INFO: [HLS 200-1995] There were 26 instructions in the design after the 'Unroll/Inline (step 3)' phase of compilation. See the Design Size Report for more details: /home/fujino/Projects/GitHub/CFU-Proving-Ground/vitis/hls/syn/report/csynth_design_size.rpt
Execute       send_msg_by_id INFO @200-1995@%s%s%s 26 Unroll/Inline (step 4) /home/fujino/Projects/GitHub/CFU-Proving-Ground/vitis/hls/syn/report/csynth_design_size.rpt 
INFO: [HLS 200-1995] There were 26 instructions in the design after the 'Unroll/Inline (step 4)' phase of compilation. See the Design Size Report for more details: /home/fujino/Projects/GitHub/CFU-Proving-Ground/vitis/hls/syn/report/csynth_design_size.rpt
Execute       send_msg_by_id INFO @200-1995@%s%s%s 26 Array/Struct (step 1) /home/fujino/Projects/GitHub/CFU-Proving-Ground/vitis/hls/syn/report/csynth_design_size.rpt 
INFO: [HLS 200-1995] There were 26 instructions in the design after the 'Array/Struct (step 1)' phase of compilation. See the Design Size Report for more details: /home/fujino/Projects/GitHub/CFU-Proving-Ground/vitis/hls/syn/report/csynth_design_size.rpt
Execute       send_msg_by_id INFO @200-1995@%s%s%s 26 Array/Struct (step 2) /home/fujino/Projects/GitHub/CFU-Proving-Ground/vitis/hls/syn/report/csynth_design_size.rpt 
INFO: [HLS 200-1995] There were 26 instructions in the design after the 'Array/Struct (step 2)' phase of compilation. See the Design Size Report for more details: /home/fujino/Projects/GitHub/CFU-Proving-Ground/vitis/hls/syn/report/csynth_design_size.rpt
Execute       send_msg_by_id INFO @200-1995@%s%s%s 26 Array/Struct (step 3) /home/fujino/Projects/GitHub/CFU-Proving-Ground/vitis/hls/syn/report/csynth_design_size.rpt 
INFO: [HLS 200-1995] There were 26 instructions in the design after the 'Array/Struct (step 3)' phase of compilation. See the Design Size Report for more details: /home/fujino/Projects/GitHub/CFU-Proving-Ground/vitis/hls/syn/report/csynth_design_size.rpt
Execute       send_msg_by_id INFO @200-1995@%s%s%s 26 Array/Struct (step 4) /home/fujino/Projects/GitHub/CFU-Proving-Ground/vitis/hls/syn/report/csynth_design_size.rpt 
INFO: [HLS 200-1995] There were 26 instructions in the design after the 'Array/Struct (step 4)' phase of compilation. See the Design Size Report for more details: /home/fujino/Projects/GitHub/CFU-Proving-Ground/vitis/hls/syn/report/csynth_design_size.rpt
Execute       send_msg_by_id INFO @200-1995@%s%s%s 26 Array/Struct (step 5) /home/fujino/Projects/GitHub/CFU-Proving-Ground/vitis/hls/syn/report/csynth_design_size.rpt 
INFO: [HLS 200-1995] There were 26 instructions in the design after the 'Array/Struct (step 5)' phase of compilation. See the Design Size Report for more details: /home/fujino/Projects/GitHub/CFU-Proving-Ground/vitis/hls/syn/report/csynth_design_size.rpt
Execute       send_msg_by_id INFO @200-1995@%s%s%s 26 Performance (step 1) /home/fujino/Projects/GitHub/CFU-Proving-Ground/vitis/hls/syn/report/csynth_design_size.rpt 
INFO: [HLS 200-1995] There were 26 instructions in the design after the 'Performance (step 1)' phase of compilation. See the Design Size Report for more details: /home/fujino/Projects/GitHub/CFU-Proving-Ground/vitis/hls/syn/report/csynth_design_size.rpt
Execute       send_msg_by_id INFO @200-1995@%s%s%s 26 Performance (step 2) /home/fujino/Projects/GitHub/CFU-Proving-Ground/vitis/hls/syn/report/csynth_design_size.rpt 
INFO: [HLS 200-1995] There were 26 instructions in the design after the 'Performance (step 2)' phase of compilation. See the Design Size Report for more details: /home/fujino/Projects/GitHub/CFU-Proving-Ground/vitis/hls/syn/report/csynth_design_size.rpt
Execute       send_msg_by_id INFO @200-1995@%s%s%s 26 Performance (step 3) /home/fujino/Projects/GitHub/CFU-Proving-Ground/vitis/hls/syn/report/csynth_design_size.rpt 
INFO: [HLS 200-1995] There were 26 instructions in the design after the 'Performance (step 3)' phase of compilation. See the Design Size Report for more details: /home/fujino/Projects/GitHub/CFU-Proving-Ground/vitis/hls/syn/report/csynth_design_size.rpt
Execute       send_msg_by_id INFO @200-1995@%s%s%s 26 Performance (step 4) /home/fujino/Projects/GitHub/CFU-Proving-Ground/vitis/hls/syn/report/csynth_design_size.rpt 
INFO: [HLS 200-1995] There were 26 instructions in the design after the 'Performance (step 4)' phase of compilation. See the Design Size Report for more details: /home/fujino/Projects/GitHub/CFU-Proving-Ground/vitis/hls/syn/report/csynth_design_size.rpt
Execute       send_msg_by_id INFO @200-1995@%s%s%s 35 HW Transforms (step 1) /home/fujino/Projects/GitHub/CFU-Proving-Ground/vitis/hls/syn/report/csynth_design_size.rpt 
INFO: [HLS 200-1995] There were 35 instructions in the design after the 'HW Transforms (step 1)' phase of compilation. See the Design Size Report for more details: /home/fujino/Projects/GitHub/CFU-Proving-Ground/vitis/hls/syn/report/csynth_design_size.rpt
Execute       send_msg_by_id INFO @200-1995@%s%s%s 41 HW Transforms (step 2) /home/fujino/Projects/GitHub/CFU-Proving-Ground/vitis/hls/syn/report/csynth_design_size.rpt 
INFO: [HLS 200-1995] There were 41 instructions in the design after the 'HW Transforms (step 2)' phase of compilation. See the Design Size Report for more details: /home/fujino/Projects/GitHub/CFU-Proving-Ground/vitis/hls/syn/report/csynth_design_size.rpt
Execute       source /tools/Xilinx/Vitis_HLS/2024.1/tps/tcl/tcllib1.11.1/yaml/yaml.tcl 
INFO: [HLS 214-376] automatically set the pipeline for Loop< kernel> at cfu_hls.c:17:13 
INFO-FLOW: DBG:PUTS: copy_raw_kernel_xml ap_link_39: kernel.xml not generated: /home/fujino/Projects/GitHub/CFU-Proving-Ground/vitis/hls/.autopilot/db/kernel.internal.xml
INFO: [HLS 200-111] Finished Compiling Optimization and Transform: CPU user time: 1.13 seconds. CPU system time: 0.3 seconds. Elapsed time: 6.51 seconds; current allocated memory: 346.973 MB.
INFO: [HLS 200-111] Finished Checking Pragmas: CPU user time: 0 seconds. CPU system time: 0 seconds. Elapsed time: 0 seconds; current allocated memory: 346.973 MB.
Execute       opt_and_import_c a -opt_level=2 -skip_syncheck=0 -ng=0 -keep_printf=0 
Execute         cleanup_all_models 
INFO: [HLS 200-10] Starting code transformations ...
INFO-FLOW: Running Standard Transforms...
Execute         transform -hls -share-std-xform -demangle-name -inline-byval-memcpy -always-inline -promote-dbg-pointer -interface-preproc -mem2reg -scalarrepl -mem2reg -keep-read-access -instcombine -dce -promote-dbg-pointer -bitop-raise -loop-simplify -indvarspre -indvars -loop-simplify -constprop -instcombine -simplifycfg -indvars -simplifycfg -dce -globaldce -basicaa -simplifycfg -mem2reg -globalopt -global-constprop -deadargelim -instcombine -simplifycfg -scalarrepl -instcombine -reassociate -licm -simplifycfg -loop-simplify -indvars -instcombine -simplifycfg -mem2reg -loop-simplify -indvars -instcombine -gvn -gvn -instcombine -adce -break-crit-edges -simplifycfg -loop-delete -global-array-opt -dce -dse -adce -find-syn-modules -top cfu_hls -deadargelim -mem2reg -instcombine -dce -presyn-prepare -interface-preproc -syn-check -check-rec-only -find-region -simplifycfg -func-extr -function-inline -globaldce -mem2reg -instcombine -dce -gvn -globaldce -adce -adse -constprop -instcombine -bit-constprop -instcombine -dce -simplifycfg -bitop-raise -simplifycfg -dce -loop-delete -reassociate -globalopt -global-privatize -mem2reg -dce -global-constprop -pointer-simplify -constprop -dce -promote-dbg-pointer -norm-name /home/fujino/Projects/GitHub/CFU-Proving-Ground/vitis/hls/.autopilot/db/a.g.0.bc -o /home/fujino/Projects/GitHub/CFU-Proving-Ground/vitis/hls/.autopilot/db/a.g.1.bc -f -phase std-opt 
INFO: [HLS 200-111] Finished Standard Transforms: CPU user time: 0.02 seconds. CPU system time: 0 seconds. Elapsed time: 0.05 seconds; current allocated memory: 347.227 MB.
INFO: [HLS 200-10] Checking synthesizability ...
INFO-FLOW: Checking Synthesizability 1/2..
Execute         transform -hls -syn-check -check-rec-only -scalarrepl -norm-name -dce -mem2reg -instcombine -directive-preproc -mem2reg -dse -dce -dce -pag -array-normalize -instcombine -dce -array-seg-normalize -instcombine -dce -data-pack -instcombine -dce -inst-simplify -array-flatten -instcombine -dce -array-burst -dce -deadargelim -promote-global-argument -simplifycfg -mem2reg -globaldce -dce -deadargelim -dce -instcombine -function-inline -globaldce -dce -doublePtrSimplify -doublePtrElim -dce -doublePtrSimplify -promote-dbg-pointer -dce -scalarrepl -dse -adse -instcombine -ptrLegalization -simplifycfg -dce -instcombine -pointer-simplify -ptrArgReplace -dce -instcombine -resolve-double-ptr -scalarrepl -norm-name -dce -mem2reg -instcombine -ptrLegalization -simplifycfg -deadargelim -instcombine -dce -inst-simplify -directive-preproc -mem2reg -dse -dce -globaldce /home/fujino/Projects/GitHub/CFU-Proving-Ground/vitis/hls/.autopilot/db/a.g.1.bc -o /home/fujino/Projects/GitHub/CFU-Proving-Ground/vitis/hls/.autopilot/db/a.g.2.prechk.bc -f 
INFO-FLOW: Checking Synthesizability 2/2..
Execute         transform -syn-check /home/fujino/Projects/GitHub/CFU-Proving-Ground/vitis/hls/.autopilot/db/a.g.2.prechk.bc -o /home/fujino/Projects/GitHub/CFU-Proving-Ground/vitis/hls/.autopilot/db/a.g.2.bc -f -phase syn-check 
INFO: [HLS 200-111] Finished Checking Synthesizability: CPU user time: 0.01 seconds. CPU system time: 0 seconds. Elapsed time: 0.03 seconds; current allocated memory: 347.309 MB.
INFO-FLOW: Compiler optimizing ...
INFO-FLOW: Share syncheck's 1.bc for syn flow: copy /home/fujino/Projects/GitHub/CFU-Proving-Ground/vitis/hls/.autopilot/db/a.g.1.bc to /home/fujino/Projects/GitHub/CFU-Proving-Ground/vitis/hls/.autopilot/db/a.o.1.bc
INFO-FLOW: Presyn 1...
Execute         transform -hls -tmp /home/fujino/Projects/GitHub/CFU-Proving-Ground/vitis/hls/.autopilot/db -interface-port-rename -directive-preproc -mem2reg -dse -dce -scalarrepl -norm-name -deadargelim -mem2reg -instcombine -dce -simplifycfg -dce -resource-proc -clib-intrinsic-prepare -dce -func-buffer -dce -pag -array-normalize -func-legal -instcombine -gvn -constprop -dce -simplifycfg -mem2reg -globaldce -resolve-double-ptr -dce -deadargelim -dce -instcombine -ptrArgReplace -mem2reg -dce -array-seg-normalize -deadargelim -instcombine -dce -directive-preproc -mem2reg -dse -dce -pointer-simplify -dce -port-alignment -dce -interface-preproc -data-pack -instcombine -dce -basicaa -aggr-aa -aggrmodref-aa -aggr-aa -gvn -gvn -basicaa -aggr-aa -aggrmodref-aa -aggr-aa -dse -adse -adce -loop-simplify -indvars -instcombine -gvn -loop-simplify -mem2reg -dce -find-region -instcombine -inst-simplify -interface-preproc -cfgopt -instcombine -indvars -loop-simplify -loop-bound -constprop -instcombine -simplifycfg -indvars -simplifycfg -dce -globaldce -clean-region -attach-range -gvn -inst-simplify -constprop -simplifycfg -dce -pointer-simplify -dce -globalopt -constprop -dce -array-promote -constprop -dce -ptrArgReplace -mem2reg -simplifycfg -dce -instcombine -dce -array-transform-check -array-reshape -instcombine -simplifycfg -dce -ptrArgReplace -deadargelim -mem2reg -instcombine -simplifycfg -dce -indvars -loop-simplify -loop-bound -constprop -instcombine -simplifycfg -indvars -simplifycfg -dce -globaldce -basicaa -aggr-aa -aggrmodref-aa -aggr-aa -dse -duplicate-dataflow-processes -globaldce -instcombine -array-partition -prepare-dynamic-array-partition -instcombine -simplifycfg -dce -ptrArgReplace -global-constprop -deadargelim -mem2reg -func-legal -dce -global-constprop -deadargelim -mem2reg -simplifycfg -dce -merge-param -deadargelim -globalopt -constprop -dce -array-promote -constprop -dce -ptrArgReplace -mem2reg -simplifycfg -dce -mem-intrinsic-preproc -dce -global-internalize -global-privatize -mem2reg -globaldce -lcssa -loop-simplify -phi-select-elim -promote-global-argument -ptrArgReplace -mem2reg -dce -globalopt -mergereturn -simplify-global-access -mem2reg -dce -pointer-simplify -dce -basicaa -aggr-aa -aggrmodref-aa -aggr-aa -functionattrs -basicaa -aggr-aa -aggrmodref-aa -aggr-aa -gvn -gvn -basicaa -aggr-aa -aggrmodref-aa -aggr-aa -dse -adse -adce -dce -norm-name -basicaa -aggr-aa -aggrmodref-aa -aggr-aa -accesses-merge -function-inline -complex-op-raise -inst-simplify -globaldce -func-legal -dce -loop-bound -arraycheck -bitwidthmin2 -bitwidthmin2 -on-by-dataflow -loop-delete -instcombine -simplifycfg -globaldce -dce -gvn -deadargelim -dce -loop-simplify -clean-region -simplifycfg -propagate-stable-arguments -loop-stream -instcombine -simplifycfg -dce -globaldce -duplicate-dataflow-processes -stream-intrinsic-preproc -dce -check-ap-stream -loop-simplify -eliminate-keepreads -extract-dataflow-in-loop -loop-simplify -dce -gvn -deadargelim -dse -duplicate-dataflow-processes -check-dataflow-syntax -legalize-stream-variable -globaldce -legalize-global -extract-subproc -dce -dead-channel-elimination -canonicalize-gep -globaldce -dce -gvn -hls-dead-arg-elim -deadargelim -directive-preproc -canonicalize-dataflow -dce -globaldce -scalar-preprocessing -scalar-propagation2 -scalar-stream -deadargelim -globaldce -mem2reg -check-dataflow-channels -function-stream -dce -globaldce -prop-fifo-spec -internal-stream-gen -canonicalize-gep -globaldce -dce -gvn -deadargelim -mergereturn -indvars -loop-simplify -instcombine -array-stream -array-seg-normalize -array-partition -clean-array-spec -func-legal -instcombine -simplifycfg -dce -bundle-memfifo-ops -deadargelim -directive-preproc -mem2reg -dse -dce -group-axi-access -licm -simplifycfg -dce -loop-delete -hls-display -norm-name /home/fujino/Projects/GitHub/CFU-Proving-Ground/vitis/hls/.autopilot/db/a.o.1.bc -o /home/fujino/Projects/GitHub/CFU-Proving-Ground/vitis/hls/.autopilot/db/a.o.1.tmp.bc -f 
INFO-FLOW: Presyn 2...
Execute         transform -hls -keep-callgraph -scalarrepl -mem2reg -port-alignment -attach-range -dce -pipe-mux-gen -indvars -loop-bound -inst-simplify -instcombine -dce -merge-array-access -mem2reg -dce -clean-region -mergereturn -if-conv -instcombine -dce -constprop -basicaa -aggr-aa -aggrmodref-aa -aggr-aa -gvn -gvn -basicaa -aggr-aa -aggrmodref-aa -aggr-aa -dse -adse -adce -scalarrepl -mem2reg -global-constprop -deadargelim -deadargelim -instcombine -dce -simplifycfg -ptrArgReplace -mem2reg -function-inline -globaldce -mem2reg -instcombine -dce -expr-balance -instcombine -dce -bitwidthmin2 -bitwidthmin2 -interface-preproc -directive-preproc -inst-rectify -instcombine -dce -basicaa -aggr-aa -aggrmodref-aa -aggr-aa -functionattrs -constprop -instcombine -bit-constprop -simplify-global-access -globalopt -globaldce -inst-simplify -instcombine -elimdeaddata -dce -loop-delete -simplifycfg -loop-simplify -barrier -norm-name /home/fujino/Projects/GitHub/CFU-Proving-Ground/vitis/hls/.autopilot/db/a.o.1.tmp.bc -o /home/fujino/Projects/GitHub/CFU-Proving-Ground/vitis/hls/.autopilot/db/a.o.2.bc -f -phase presyn 
INFO: [HLS 200-111] Finished Loop, function and other optimizations: CPU user time: 0.02 seconds. CPU system time: 0.01 seconds. Elapsed time: 0.06 seconds; current allocated memory: 368.586 MB.
Execute         transform -hls -auto-function-inline -globaldce -ptrArgReplace -mem2reg -dce -reset-lda -loop-simplify -indvars -aggr-aa -licm -loop-dep -loop-bound -licm -loop-simplify -loop-sink-hoist -flattenloopnest -array-flatten -gvn -instcombine -dce -array-map -dce -func-legal -gvn -adce -instcombine -cfgopt -simplifycfg-lite -loop-simplify -array-burst -promote-global-argument -dce -array-seg-normalize -basicaa -aggrmodref-aa -globalsmodref-aa -aggr-aa -gvn -gvn -basicaa -aggrmodref-aa -globalsmodref-aa -aggr-aa -dse -adse -adce -licm -inst-simplify -dce -globaldce -instcombine -array-stream -eliminate-keepreads -instcombine -dce -deadargelim -doublePtrSimplify -doublePtrElim -dce -doublePtrSimplify -promote-dbg-pointer -dce -scalarrepl -mem2reg -norm-name -mem2reg -instcombine -dse -adse -adce -ptrLegalization -dce -array-flatten -dce -instcombine -check-doubleptr -loop-rot -constprop -inst-simplify -cfgopt -simplifycfg-lite -loop-simplify -indvars -pointer-simplify -dce -loop-bound -loop-simplify -loop-preproc -constprop -global-constprop -gvn -mem2reg -instcombine -dce -loop-bound -loop-merge -dce -deadargelim -dce -canonicalize-dataflow -dce -deadargelim -globaldce -mem2reg -bram-byte-enable -inst-simplify -inst-rectify -instcombine -adce -deadargelim -load-elim -read-loop-dep -loop-simplify -loop-extract-inner -directive-preproc -bitwidthmin2 -bitwidthmin2 -read-loop-dep -interface-preproc -directive-preproc -interface-gen -bram-byte-enable-spec-prop -mul2addshift -deadargelim -inst-simplify -dce -mem2reg -instcombine -gvn -dce -adse -loop-bound -instcombine -cfgopt -simplifycfg-lite -loop-simplify -clean-region -io-protocol -find-region -mem2reg -bitop-raise -complex-op-raise -inst-simplify -inst-rectify -instcombine -adce -deadargelim -float-op-raise -loop-simplify -phi-opt -bitop-raise -cfgopt -simplifycfg-lite -strip-dead-prototypes -interface-lower -bitop-lower -intrinsic-lower -auto-function-inline -basicaa -aggrmodref-aa -globalsmodref-aa -aggr-aa -inst-simplify -simplifycfg-lite -loop-simplify -mergereturn -inst-simplify -inst-rectify -globaldce -dce -load-elim -bitop-lower -float-op-raise -fma-raise -loop-rewind -pointer-simplify -dce -cfgopt -dce -loop-bound -loop-dep -read-loop-dep -dce -dyn-mem-reuse -dce -recurrence-min -dce -share-scalar-alloca -deadargelim -dce -check-stream -norm-name -legalize -inst-clarity -bitwidth -dce -validate-dataflow -dump-loop-dep-to-ir -check-all-ssdm -dump-complexity-metric /home/fujino/Projects/GitHub/CFU-Proving-Ground/vitis/hls/.autopilot/db/a.o.2.bc -o /home/fujino/Projects/GitHub/CFU-Proving-Ground/vitis/hls/.autopilot/db/a.o.3.bc -f -phase build-ssdm 
Execute           auto_get_db
INFO-FLOW: Building ssdm...
Execute         transform -hls -cdfg-build /home/fujino/Projects/GitHub/CFU-Proving-Ground/vitis/hls/.autopilot/db/a.o.3.bc -o /home/fujino/Projects/GitHub/CFU-Proving-Ground/vitis/hls/.autopilot/db/a.o.3.bc -f -phase build-ssdm 
INFO: [HLS 200-111] Finished Architecture Synthesis: CPU user time: 0.02 seconds. CPU system time: 0.01 seconds. Elapsed time: 0.04 seconds; current allocated memory: 368.586 MB.
INFO-FLOW: Finish building internal data model.
Command       opt_and_import_c done; 0.2 sec.
Command     elaborate done; 7.34 sec.
Execute     ap_eval exec zip -j /home/fujino/Projects/GitHub/CFU-Proving-Ground/vitis/hls/.autopilot/db/dut.hcp $dbDir/a.o.3.bc $dbDir/${topname}.rtl_wrap.cfg.tcl $dbDir/apatb_${topname}.cpp $dbDir/apatb_${topname}_util.cpp $dbDir/apatb_${topname}_ir.ll $dbDir/mapper_${topname}.cpp $dbDir/top-io-fe.xml $dbDir/kernel.internal.xml $workdir/../hls.app 
Execute     autosyn -from_csynth_design=1 
INFO: [HLS 200-10] Starting hardware synthesis ...
INFO-FLOW: Synthesizing C/C++ design ...
INFO: [HLS 200-10] Synthesizing 'cfu_hls' ...
Execute       ap_set_top_model cfu_hls 
Execute       get_model_list cfu_hls -filter all-wo-channel -topdown 
Execute       preproc_iomode -model cfu_hls 
Execute       get_model_list cfu_hls -filter all-wo-channel 
INFO-FLOW: Model list for configure: cfu_hls
INFO-FLOW: Configuring Module : cfu_hls ...
Execute       set_default_model cfu_hls 
Execute       apply_spec_resource_limit cfu_hls 
INFO-FLOW: Model list for preprocess: cfu_hls
INFO-FLOW: Preprocessing Module: cfu_hls ...
Execute       set_default_model cfu_hls 
Execute       cdfg_preprocess -model cfu_hls 
Execute       rtl_gen_preprocess cfu_hls 
INFO-FLOW: Model list for synthesis: cfu_hls
INFO: [HLS 200-10] ----------------------------------------------------------------
INFO: [HLS 200-42] -- Implementing module 'cfu_hls' 
INFO: [HLS 200-10] ----------------------------------------------------------------
Execute       set_default_model cfu_hls 
Execute       schedule -model cfu_hls 
INFO: [SCHED 204-11] Starting scheduling ...
INFO: [SCHED 204-61] Pipelining loop 'kernel'.
WARNING: [HLS 200-878] Unable to schedule the loop exit test ('and' operation 1 bit ('and_ln23', cfu_hls.c:23)) in the first pipeline iteration (II = 1 cycles).
WARNING: [HLS 200-878] Unable to schedule the loop exit test ('and' operation 1 bit ('and_ln23', cfu_hls.c:23)) in the first pipeline iteration (II = 2 cycles).
WARNING: [HLS 200-878] Unable to schedule the loop exit test ('and' operation 1 bit ('and_ln23', cfu_hls.c:23)) in the first pipeline iteration (II = 3 cycles).
WARNING: [HLS 200-878] Unable to schedule the loop exit test ('and' operation 1 bit ('and_ln23', cfu_hls.c:23)) in the first pipeline iteration (II = 4 cycles).
WARNING: [HLS 200-878] Unable to schedule the loop exit test ('and' operation 1 bit ('and_ln23', cfu_hls.c:23)) in the first pipeline iteration (II = 35 cycles).
WARNING: [HLS 200-880] The II Violation in module 'cfu_hls' (loop 'kernel'): Unable to enforce a carried dependence constraint (II = 36, distance = 1, offset = 1) between 'store' operation 0 bit ('phi_ln195_write_ln17', cfu_hls.c:17) of variable 'phitmp', cfu_hls.c:17 on local variable 'phi_ln195' and 'fmul' operation 32 bit ('mul1', cfu_hls.c:19).
INFO: [HLS 200-1470] Pipelining result : Target II = NA, Final II = 37, Depth = 41, loop 'kernel'
INFO: [SCHED 204-11] Finished scheduling.
Command       schedule done; 0.11 sec.
INFO: [HLS 200-111] Finished Scheduling: CPU user time: 0.07 seconds. CPU system time: 0.02 seconds. Elapsed time: 0.22 seconds; current allocated memory: 368.586 MB.
Execute       syn_report -verbosereport -o /home/fujino/Projects/GitHub/CFU-Proving-Ground/vitis/hls/.autopilot/db/cfu_hls.verbose.sched.rpt 
Execute         list_part -family xc7a35t-csg324-1 
Execute           ap_family_info -name xc7a35t-csg324-1 -data names 
Execute           ap_part_info -quiet -name xc7a35t-csg324-1 -data family 
Execute       db_write -o /home/fujino/Projects/GitHub/CFU-Proving-Ground/vitis/hls/.autopilot/db/cfu_hls.sched.adb -f 
INFO-FLOW: Finish scheduling cfu_hls.
Execute       set_default_model cfu_hls 
Execute       bind -model cfu_hls 
INFO: [BIND 205-100] Starting micro-architecture generation ...
INFO: [BIND 205-101] Performing variable lifetime analysis.
INFO: [BIND 205-101] Exploring resource sharing.
INFO: [BIND 205-101] Binding ...
INFO: [BIND 205-100] Finished micro-architecture generation.
INFO: [HLS 200-111] Finished Binding: CPU user time: 0.03 seconds. CPU system time: 0 seconds. Elapsed time: 0.08 seconds; current allocated memory: 368.586 MB.
Execute       syn_report -verbosereport -o /home/fujino/Projects/GitHub/CFU-Proving-Ground/vitis/hls/.autopilot/db/cfu_hls.verbose.bind.rpt 
Execute         list_part -family xc7a35t-csg324-1 
Execute           ap_family_info -name xc7a35t-csg324-1 -data names 
Execute           ap_part_info -quiet -name xc7a35t-csg324-1 -data family 
Execute       db_write -o /home/fujino/Projects/GitHub/CFU-Proving-Ground/vitis/hls/.autopilot/db/cfu_hls.bind.adb -f 
INFO-FLOW: Finish binding cfu_hls.
Execute       get_model_list cfu_hls -filter all-wo-channel 
INFO-FLOW: Preprocessing for RTLGen ...
Execute       rtl_gen_preprocess cfu_hls 
INFO-FLOW: Model list for RTL generation: cfu_hls
INFO: [HLS 200-10] ----------------------------------------------------------------
INFO: [HLS 200-10] -- Generating RTL for module 'cfu_hls' 
INFO: [HLS 200-10] ----------------------------------------------------------------
Execute       create_rtl_model cfu_hls -top_prefix  -sub_prefix cfu_hls_ -mg_file /home/fujino/Projects/GitHub/CFU-Proving-Ground/vitis/hls/.autopilot/db/cfu_hls.compgen.tcl 
INFO: [RTGEN 206-500] Setting interface mode on port 'cfu_hls/funct3_i' to 'ap_none' (register).
INFO: [RTGEN 206-500] Setting interface mode on port 'cfu_hls/funct7_i' to 'ap_none' (register).
INFO: [RTGEN 206-500] Setting interface mode on port 'cfu_hls/src1_i' to 'ap_none' (register).
INFO: [RTGEN 206-500] Setting interface mode on port 'cfu_hls/src2_i' to 'ap_none' (register).
INFO: [RTGEN 206-500] Setting interface mode on port 'cfu_hls/rslt_o' to 'ap_none' (register).
WARNING: [RTGEN 206-101] Port 'rslt_o' with mode 'ap_none' may require an associated data valid signal to correctly communicate with other blocks or a test bench; automatic C/RTL co-simulation may not be able to verify such a port.
INFO: [RTGEN 206-500] Setting interface mode on function 'cfu_hls' to 'ap_ctrl_hs' (register).
WARNING: [RTGEN 206-101] Port 'cfu_hls/funct3_i' has no fanin or fanout and is left dangling.
               Please use C simulation to confirm this function argument can be read from or written to.
WARNING: [RTGEN 206-101] Port 'cfu_hls/funct7_i' has no fanin or fanout and is left dangling.
               Please use C simulation to confirm this function argument can be read from or written to.
INFO: [RTGEN 206-100] Generating core module 'fadd_32ns_32ns_32_9_full_dsp_1': 1 instance(s).
INFO: [RTGEN 206-100] Generating core module 'faddfsub_32ns_32ns_32_9_full_dsp_1': 1 instance(s).
INFO: [RTGEN 206-100] Generating core module 'fcmp_32ns_32ns_1_3_no_dsp_1': 1 instance(s).
INFO: [RTGEN 206-100] Generating core module 'fmul_32ns_32ns_32_5_max_dsp_1': 2 instance(s).
INFO: [RTGEN 206-100] Finished creating RTL model for 'cfu_hls'.
Command       create_rtl_model done; 0.22 sec.
INFO: [HLS 200-111] Finished Creating RTL model: CPU user time: 0.07 seconds. CPU system time: 0 seconds. Elapsed time: 0.3 seconds; current allocated memory: 368.586 MB.
Execute       source /home/fujino/Projects/GitHub/CFU-Proving-Ground/vitis/hls/.autopilot/db/cfu_hls.rtl_wrap.cfg.tcl 
Execute       gen_rtl cfu_hls -istop -style xilinx -f -lang vhdl -o /home/fujino/Projects/GitHub/CFU-Proving-Ground/vitis/hls/syn/vhdl/cfu_hls 
Execute       gen_rtl cfu_hls -istop -style xilinx -f -lang vlog -o /home/fujino/Projects/GitHub/CFU-Proving-Ground/vitis/hls/syn/verilog/cfu_hls 
Execute       syn_report -csynth -model cfu_hls -o /home/fujino/Projects/GitHub/CFU-Proving-Ground/vitis/hls/syn/report/cfu_hls_csynth.rpt 
Execute         list_part -family xc7a35t-csg324-1 
Execute           ap_family_info -name xc7a35t-csg324-1 -data names 
Execute           ap_part_info -quiet -name xc7a35t-csg324-1 -data family 
Execute       syn_report -rtlxml -model cfu_hls -o /home/fujino/Projects/GitHub/CFU-Proving-Ground/vitis/hls/syn/report/cfu_hls_csynth.xml 
Execute         list_part -family xc7a35t-csg324-1 
Execute           ap_family_info -name xc7a35t-csg324-1 -data names 
Execute           ap_part_info -quiet -name xc7a35t-csg324-1 -data family 
Execute       syn_report -verbosereport -model cfu_hls -o /home/fujino/Projects/GitHub/CFU-Proving-Ground/vitis/hls/.autopilot/db/cfu_hls.verbose.rpt 
Execute         list_part -family xc7a35t-csg324-1 
Execute           ap_family_info -name xc7a35t-csg324-1 -data names 
Execute           ap_part_info -quiet -name xc7a35t-csg324-1 -data family 
Execute       db_write -model cfu_hls -f -o /home/fujino/Projects/GitHub/CFU-Proving-Ground/vitis/hls/.autopilot/db/cfu_hls.adb 
Execute       db_write -model cfu_hls -bindview -o /home/fujino/Projects/GitHub/CFU-Proving-Ground/vitis/hls/.autopilot/db/design.bindinfo.xml 
Execute       gen_tb_info cfu_hls -p /home/fujino/Projects/GitHub/CFU-Proving-Ground/vitis/hls/.autopilot/db -o /home/fujino/Projects/GitHub/CFU-Proving-Ground/vitis/hls/.autopilot/db/cfu_hls 
Execute       export_constraint_db -f -tool general -o /home/fujino/Projects/GitHub/CFU-Proving-Ground/vitis/hls/.autopilot/db/cfu_hls.constraint.tcl 
Execute       syn_report -designview -model cfu_hls -o /home/fujino/Projects/GitHub/CFU-Proving-Ground/vitis/hls/.autopilot/db/cfu_hls.design.xml 
Execute       syn_report -csynthDesign -model cfu_hls -o /home/fujino/Projects/GitHub/CFU-Proving-Ground/vitis/hls/syn/report/csynth.rpt -MHOut /home/fujino/Projects/GitHub/CFU-Proving-Ground/vitis/hls/.autopilot/db/kernel_module_hierarchy.tcl 
Execute         list_part -family xc7a35t-csg324-1 
Execute           ap_family_info -name xc7a35t-csg324-1 -data names 
Execute           ap_part_info -quiet -name xc7a35t-csg324-1 -data family 
Execute       syn_report -wcfg -model cfu_hls -o /home/fujino/Projects/GitHub/CFU-Proving-Ground/vitis/hls/.autopilot/db/cfu_hls_dataflow_ana.wcfg 
Execute       syn_report -protoinst -model cfu_hls -o /home/fujino/Projects/GitHub/CFU-Proving-Ground/vitis/hls/.autopilot/db/cfu_hls.protoinst 
Execute       sc_get_clocks cfu_hls 
Execute       sc_get_portdomain cfu_hls 
INFO-FLOW: Model list for RTL component generation: cfu_hls
INFO-FLOW: Handling components in module [cfu_hls] ... 
Execute       source /home/fujino/Projects/GitHub/CFU-Proving-Ground/vitis/hls/.autopilot/db/cfu_hls.compgen.tcl 
INFO-FLOW: Found component cfu_hls_faddfsub_32ns_32ns_32_9_full_dsp_1.
INFO-FLOW: Append model cfu_hls_faddfsub_32ns_32ns_32_9_full_dsp_1
INFO-FLOW: Found component cfu_hls_fadd_32ns_32ns_32_9_full_dsp_1.
INFO-FLOW: Append model cfu_hls_fadd_32ns_32ns_32_9_full_dsp_1
INFO-FLOW: Found component cfu_hls_fmul_32ns_32ns_32_5_max_dsp_1.
INFO-FLOW: Append model cfu_hls_fmul_32ns_32ns_32_5_max_dsp_1
INFO-FLOW: Found component cfu_hls_fcmp_32ns_32ns_1_3_no_dsp_1.
INFO-FLOW: Append model cfu_hls_fcmp_32ns_32ns_1_3_no_dsp_1
INFO-FLOW: Append model cfu_hls
INFO-FLOW: Generating RTL model list ...
INFO-FLOW: All models in this session: cfu_hls_faddfsub_32ns_32ns_32_9_full_dsp_1 cfu_hls_fadd_32ns_32ns_32_9_full_dsp_1 cfu_hls_fmul_32ns_32ns_32_5_max_dsp_1 cfu_hls_fcmp_32ns_32ns_1_3_no_dsp_1 cfu_hls
INFO-FLOW: Generating /home/fujino/Projects/GitHub/CFU-Proving-Ground/vitis/hls/.autopilot/db/autopilot.rtl.models.txt file...
INFO-FLOW: To file: write model cfu_hls_faddfsub_32ns_32ns_32_9_full_dsp_1
INFO-FLOW: To file: write model cfu_hls_fadd_32ns_32ns_32_9_full_dsp_1
INFO-FLOW: To file: write model cfu_hls_fmul_32ns_32ns_32_5_max_dsp_1
INFO-FLOW: To file: write model cfu_hls_fcmp_32ns_32ns_1_3_no_dsp_1
INFO-FLOW: To file: write model cfu_hls
INFO-FLOW: Generating /home/fujino/Projects/GitHub/CFU-Proving-Ground/vitis/hls/.autopilot/db/autopilot.rtl.models.tcl file...
INFO-FLOW: Finished generating RTL model list.


INFO-FLOW: RTL Generation done.
INFO-FLOW: CAS Generation done.
INFO-FLOW: CBC Generation done.
INFO-FLOW: DBG:PROC: ::AESL_AUTOMG::auto_generate_csynth_design
INFO-FLOW: DBG:PUTS: read_platform_lib /home/fujino/Projects/GitHub/CFU-Proving-Ground/vitis/hls/.autopilot/db/global.setting.tcl
Execute       source /tools/Xilinx/Vitis_HLS/2024.1/common/technology/generic/autopilot/common.gen 
Execute         source /tools/Xilinx/Vitis_HLS/2024.1/common/technology/generic/autopilot/APCoreGen.gen 
Execute       source /tools/Xilinx/Vitis_HLS/2024.1/common/technology/generic/autopilot/op.gen 
Execute       source /tools/Xilinx/Vitis_HLS/2024.1/common/technology/generic/autopilot/op_simcore.gen 
Execute       source /tools/Xilinx/Vitis_HLS/2024.1/common/technology/generic/autopilot/interface.gen 
Execute       source /home/fujino/Projects/GitHub/CFU-Proving-Ground/vitis/hls/.autopilot/db/global.setting.tcl 
Execute       ap_family_info -name artix7 -data parts 
Execute       ap_part_info -name xc7a12ticsg325-1L -data info 
Execute       source /tools/Xilinx/Vitis_HLS/2024.1/common/technology/xilinx/common/xilinx.gen 
Execute         source /tools/Xilinx/Vitis_HLS/2024.1/common/technology/xilinx/interface/plb46.gen 
Execute         source /tools/Xilinx/Vitis_HLS/2024.1/common/technology/xilinx/interface/axi4.gen 
Execute         source /tools/Xilinx/Vitis_HLS/2024.1/common/technology/xilinx/interface/nativeAXI4.gen 
Execute           source /tools/Xilinx/Vitis_HLS/2024.1/common/technology/xilinx/interface/saxilite.gen 
Execute         source /tools/Xilinx/Vitis_HLS/2024.1/common/technology/xilinx/scripts/xilinxcoregen.gen 
Execute         source /tools/Xilinx/Vitis_HLS/2024.1/common/technology/xilinx/interface/XilEDKCoreGen.gen 
Execute         source /tools/Xilinx/Vitis_HLS/2024.1/common/technology/xilinx/ip/xfft.gen 
Execute         source /tools/Xilinx/Vitis_HLS/2024.1/common/technology/xilinx/ip/util.gen 
Execute         source /tools/Xilinx/Vitis_HLS/2024.1/common/technology/xilinx/ip/dds_compiler.gen 
Execute         source /tools/Xilinx/Vitis_HLS/2024.1/common/technology/xilinx/ip/xfir.gen 
Execute         source /tools/Xilinx/Vitis_HLS/2024.1/common/technology/xilinx/DSP48/dsp48.gen 
INFO-FLOW: DBG:PUTS:   using AESL_AUTOCG::g_clock_period=6.667 (was NA)
INFO-FLOW: DBG:PROC: ::AESL_AUTOMG::generate_ip_cores gen_sim_model='1' gen_fp_models='0' gen_for_export='0' dstSCDir='' dstVhdlDir='/home/fujino/Projects/GitHub/CFU-Proving-Ground/vitis/hls/.autopilot/db/vhdl' dstVlogDir='/home/fujino/Projects/GitHub/CFU-Proving-Ground/vitis/hls/.autopilot/db/vlog' tclDir='/home/fujino/Projects/GitHub/CFU-Proving-Ground/vitis/hls/.autopilot/db' modelList='cfu_hls_faddfsub_32ns_32ns_32_9_full_dsp_1
cfu_hls_fadd_32ns_32ns_32_9_full_dsp_1
cfu_hls_fmul_32ns_32ns_32_5_max_dsp_1
cfu_hls_fcmp_32ns_32ns_1_3_no_dsp_1
cfu_hls
' expOnly='0'
Execute       source /home/fujino/Projects/GitHub/CFU-Proving-Ground/vitis/hls/.autopilot/db/global.setting.tcl 
Execute       ap_part_info -name xc7a35t-csg324-1 -data names -quiet 
Execute       ap_part_info -name xc7a35t-csg324-1 -data info -quiet 
Execute       source /home/fujino/Projects/GitHub/CFU-Proving-Ground/vitis/hls/.autopilot/db/global.setting.tcl 
Execute       source /home/fujino/Projects/GitHub/CFU-Proving-Ground/vitis/hls/.autopilot/db/global.setting.tcl 
Execute       source /home/fujino/Projects/GitHub/CFU-Proving-Ground/vitis/hls/.autopilot/db/cfu_hls.compgen.tcl 
INFO: [HLS 200-111] Finished Generating all RTL models: CPU user time: 0.2 seconds. CPU system time: 0.01 seconds. Elapsed time: 0.68 seconds; current allocated memory: 368.586 MB.
INFO-FLOW: DBG:PROC: ::HLSREPORTS::create_csynth_xml bind_info_var='bind_info' RtlSubPrefix='cfu_hls_' outfile=''
INFO-FLOW: Running: create_csynth_xml read xml data
INFO-FLOW: Done: create_csynth_xml read xml data time: 0 seconds per iteration
INFO-FLOW: Running: create_csynth_xml bind info
INFO-FLOW: Done: create_csynth_xml bind info time: 0 seconds per iteration
INFO-FLOW: Running: create_csynth_xml config info
INFO-FLOW: Done: create_csynth_xml config info time: 0 seconds per iteration
INFO-FLOW: Running: create_csynth_xml write xml
INFO-FLOW: Done: create_csynth_xml write xml time: 0 seconds per iteration
INFO-FLOW: DBG:PUTS:      create_csynth_xml wrote csynth_xml=/home/fujino/Projects/GitHub/CFU-Proving-Ground/vitis/hls/syn/report/csynth.xml
INFO-FLOW: DBG:PROC: ::AP::DESIGN_DATA::generate_json generate_bd_files='0' generate_xo_files='0' modelList='cfu_hls_faddfsub_32ns_32ns_32_9_full_dsp_1
cfu_hls_fadd_32ns_32ns_32_9_full_dsp_1
cfu_hls_fmul_32ns_32ns_32_5_max_dsp_1
cfu_hls_fcmp_32ns_32ns_1_3_no_dsp_1
cfu_hls
' rtl_lang='both' bootstrap_tcl='false' outdir='' outfilename=''
Execute       source /home/fujino/Projects/GitHub/CFU-Proving-Ground/vitis/hls/.autopilot/db/global.setting.tcl 
Execute       source /home/fujino/Projects/GitHub/CFU-Proving-Ground/vitis/hls/.autopilot/db/global.setting.tcl 
Execute       source /home/fujino/Projects/GitHub/CFU-Proving-Ground/vitis/hls/.autopilot/db/top-io-be.tcl 
Execute       source /home/fujino/Projects/GitHub/CFU-Proving-Ground/vitis/hls/.autopilot/db/cfu_hls.tbgen.tcl 
Execute       source /home/fujino/Projects/GitHub/CFU-Proving-Ground/vitis/hls/.autopilot/db/cfu_hls.rtl_wrap.cfg.tcl 
Execute       source /home/fujino/Projects/GitHub/CFU-Proving-Ground/vitis/hls/.autopilot/db/cfu_hls.compgen.dataonly.tcl 
Execute       source /home/fujino/Projects/GitHub/CFU-Proving-Ground/vitis/hls/.autopilot/db/cfu_hls.tbgen.tcl 
Execute       source /home/fujino/Projects/GitHub/CFU-Proving-Ground/vitis/hls/.autopilot/db/global.setting.tcl 
Execute       ap_part_info -name xc7a35t-csg324-1 -data names -quiet 
Execute       ap_part_info -name xc7a35t-csg324-1 -data info -quiet 
Execute       source /home/fujino/Projects/GitHub/CFU-Proving-Ground/vitis/hls/.autopilot/db/cfu_hls.constraint.tcl 
Execute       sc_get_clocks cfu_hls 
Execute       source /home/fujino/Projects/GitHub/CFU-Proving-Ground/vitis/hls/.autopilot/db/global.setting.tcl 
Execute       source /home/fujino/Projects/GitHub/CFU-Proving-Ground/vitis/hls/impl/misc/cfu_hls_fadd_32ns_32ns_32_9_full_dsp_1_ip.tcl 
Execute       source /home/fujino/Projects/GitHub/CFU-Proving-Ground/vitis/hls/impl/misc/cfu_hls_faddfsub_32ns_32ns_32_9_full_dsp_1_ip.tcl 
Execute       source /home/fujino/Projects/GitHub/CFU-Proving-Ground/vitis/hls/impl/misc/cfu_hls_fcmp_32ns_32ns_1_3_no_dsp_1_ip.tcl 
Execute       source /home/fujino/Projects/GitHub/CFU-Proving-Ground/vitis/hls/impl/misc/cfu_hls_fmul_32ns_32ns_32_5_max_dsp_1_ip.tcl 
INFO-FLOW: DBG:PROC: ::HLSREPORTS::add_csynth_report_sections bind_info_dict='adapter_nodes {} cache_nodes {} report_dict {TOPINST cfu_hls MODULE2INSTS {cfu_hls cfu_hls} INST2MODULE {cfu_hls cfu_hls} INSTDATA {cfu_hls {DEPTH 1 CHILDREN {}}} MODULEDATA {cfu_hls {BINDINFO {{BINDTYPE op ID {} IMPL maxdsp LATENCY 4 OPTYPE fmul PRAGMA {} RTLNAME fmul_32ns_32ns_32_5_max_dsp_1_U3 SOURCE cfu_hls.c:19 VARIABLE mul1 LOOP kernel BUNDLEDNAME {} DSP 3 BRAM 0 URAM 0 STORAGESUBTYPE {} DISPNAME {bind_op fmul} VISIBLE true} {BINDTYPE op ID {} IMPL fulldsp LATENCY 8 OPTYPE fsub PRAGMA {} RTLNAME faddfsub_32ns_32ns_32_9_full_dsp_1_U1 SOURCE cfu_hls.c:19 VARIABLE v LOOP kernel BUNDLEDNAME {} DSP 2 BRAM 0 URAM 0 STORAGESUBTYPE {} DISPNAME {bind_op fsub} VISIBLE true} {BINDTYPE op ID {} IMPL fulldsp LATENCY 8 OPTYPE fsub PRAGMA {} RTLNAME faddfsub_32ns_32ns_32_9_full_dsp_1_U1 SOURCE cfu_hls.c:20 VARIABLE sub LOOP kernel BUNDLEDNAME {} DSP 2 BRAM 0 URAM 0 STORAGESUBTYPE {} DISPNAME {bind_op fsub} VISIBLE true} {BINDTYPE op ID {} IMPL fulldsp LATENCY 8 OPTYPE fadd PRAGMA {} RTLNAME fadd_32ns_32ns_32_9_full_dsp_1_U2 SOURCE cfu_hls.c:20 VARIABLE u LOOP kernel BUNDLEDNAME {} DSP 2 BRAM 0 URAM 0 STORAGESUBTYPE {} DISPNAME {bind_op fadd} VISIBLE true} {BINDTYPE op ID {} IMPL maxdsp LATENCY 4 OPTYPE fmul PRAGMA {} RTLNAME fmul_32ns_32ns_32_5_max_dsp_1_U3 SOURCE cfu_hls.c:21 VARIABLE u2 LOOP kernel BUNDLEDNAME {} DSP 3 BRAM 0 URAM 0 STORAGESUBTYPE {} DISPNAME {bind_op fmul} VISIBLE true} {BINDTYPE op ID {} IMPL maxdsp LATENCY 4 OPTYPE fmul PRAGMA {} RTLNAME fmul_32ns_32ns_32_5_max_dsp_1_U4 SOURCE cfu_hls.c:22 VARIABLE v2 LOOP kernel BUNDLEDNAME {} DSP 3 BRAM 0 URAM 0 STORAGESUBTYPE {} DISPNAME {bind_op fmul} VISIBLE true} {BINDTYPE op ID {} IMPL fulldsp LATENCY 8 OPTYPE fsub PRAGMA {} RTLNAME faddfsub_32ns_32ns_32_9_full_dsp_1_U1 SOURCE cfu_hls.c:23 VARIABLE add5 LOOP kernel BUNDLEDNAME {} DSP 2 BRAM 0 URAM 0 STORAGESUBTYPE {} DISPNAME {bind_op fsub} VISIBLE true} {BINDTYPE op ID {} IMPL auto LATENCY 0 OPTYPE setne PRAGMA {} RTLNAME icmp_ln23_fu_226_p2 SOURCE cfu_hls.c:23 VARIABLE icmp_ln23 LOOP kernel BUNDLEDNAME {} DSP 0 BRAM 0 URAM 0 STORAGESUBTYPE {} DISPNAME {bind_op setne} VISIBLE false} {BINDTYPE op ID {} IMPL auto LATENCY 0 OPTYPE seteq PRAGMA {} RTLNAME icmp_ln23_1_fu_232_p2 SOURCE cfu_hls.c:23 VARIABLE icmp_ln23_1 LOOP kernel BUNDLEDNAME {} DSP 0 BRAM 0 URAM 0 STORAGESUBTYPE {} DISPNAME {bind_op seteq} VISIBLE false} {BINDTYPE op ID {} IMPL auto LATENCY 0 OPTYPE or PRAGMA {} RTLNAME or_ln23_fu_238_p2 SOURCE cfu_hls.c:23 VARIABLE or_ln23 LOOP kernel BUNDLEDNAME {} DSP 0 BRAM 0 URAM 0 STORAGESUBTYPE {} DISPNAME {bind_op or} VISIBLE false} {BINDTYPE op ID {} IMPL auto LATENCY 2 OPTYPE fcmp PRAGMA {} RTLNAME fcmp_32ns_32ns_1_3_no_dsp_1_U5 SOURCE cfu_hls.c:23 VARIABLE tmp_1 LOOP kernel BUNDLEDNAME {} DSP 0 BRAM 0 URAM 0 STORAGESUBTYPE {} DISPNAME {bind_op fcmp} VISIBLE false} {BINDTYPE op ID {} IMPL auto LATENCY 0 OPTYPE and PRAGMA {} RTLNAME and_ln23_fu_242_p2 SOURCE cfu_hls.c:23 VARIABLE and_ln23 LOOP kernel BUNDLEDNAME {} DSP 0 BRAM 0 URAM 0 STORAGESUBTYPE {} DISPNAME {bind_op and} VISIBLE false} {BINDTYPE op ID {} IMPL fabric LATENCY 0 OPTYPE add PRAGMA {} RTLNAME k_fu_261_p2 SOURCE cfu_hls.c:17 VARIABLE k LOOP kernel BUNDLEDNAME {} DSP 0 BRAM 0 URAM 0 STORAGESUBTYPE {} DISPNAME {bind_op add} VISIBLE true} {BINDTYPE op ID {} IMPL maxdsp LATENCY 4 OPTYPE fmul PRAGMA {} RTLNAME fmul_32ns_32ns_32_5_max_dsp_1_U3 SOURCE cfu_hls.c:17 VARIABLE phitmp LOOP kernel BUNDLEDNAME {} DSP 3 BRAM 0 URAM 0 STORAGESUBTYPE {} DISPNAME {bind_op fmul} VISIBLE true}} AREA {DSP 10 BRAM 0 URAM 0}}}}'
INFO-FLOW: DBG:PUTS:      update_csynth_reports json2rpt_hw_sw_interfaces
INFO-FLOW: Running: gen_csynth_sec_pragma
INFO-FLOW: Done: gen_csynth_sec_pragma time: 0 seconds per iteration
INFO-FLOW: DBG:PUTS:      update_csynth_reports wrote xml
INFO-FLOW: DBG:PUTS:      update_csynth_reports appended to csynth rpt file
INFO: [HLS 200-111] Finished Updating report files: CPU user time: 0.14 seconds. CPU system time: 0.01 seconds. Elapsed time: 0.29 seconds; current allocated memory: 368.586 MB.
INFO: [VHDL 208-304] Generating VHDL RTL for cfu_hls.
INFO: [VLOG 209-307] Generating Verilog RTL for cfu_hls.
Execute       syn_report -model cfu_hls -printsummary 
INFO: [HLS 200-790] **** Loop Constraint Status: All loop constraints were NOT satisfied.
INFO: [HLS 200-789] **** Estimated Fmax: 229.99 MHz
Command     autosyn done; 1.59 sec.
Command   csynth_design done; 9.04 sec.
Execute   close_project 
Execute     close_solution 
Execute       cleanup_all 
Execute       cleanup_all 
