

================================================================
== Vitis HLS Report for 'cfu_hls'
================================================================
* Date:           Mon Jun  2 17:03:16 2025

* Version:        2024.1 (Build 5069499 on May 21 2024)
* Project:        vitis
* Solution:       hls (Vivado IP Flow Target)
* Product family: artix7
* Target device:  xc7a35t-csg324-1


================================================================
== Performance Estimates
================================================================
+ Timing: 
    * Summary: 
    +--------+---------+----------+------------+
    |  Clock |  Target | Estimated| Uncertainty|
    +--------+---------+----------+------------+
    |ap_clk  |  6.67 ns|  4.348 ns|     1.80 ns|
    +--------+---------+----------+------------+

+ Latency: 
    * Summary: 
    +---------+---------+----------+-----------+-----+------+---------+
    |  Latency (cycles) |  Latency (absolute)  |  Interval  | Pipeline|
    |   min   |   max   |    min   |    max    | min |  max |   Type  |
    +---------+---------+----------+-----------+-----+------+---------+
    |       44|     9479|  0.293 us|  63.196 us|   45|  9480|       no|
    +---------+---------+----------+-----------+-----+------+---------+

    + Detail: 
        * Instance: 
        N/A

        * Loop: 
        +----------+---------+---------+----------+-----------+-----------+---------+----------+
        |          |  Latency (cycles) | Iteration|  Initiation Interval  |   Trip  |          |
        | Loop Name|   min   |   max   |  Latency |  achieved |   target  |  Count  | Pipelined|
        +----------+---------+---------+----------+-----------+-----------+---------+----------+
        |- kernel  |       40|     9475|        41|         37|          1|  0 ~ 255|       yes|
        +----------+---------+---------+----------+-----------+-----------+---------+----------+

============================================================
+ Verbose Summary: Synthesis Manager
============================================================
InlineROM: 1
ExposeGlobal: 0
============================================================
+ Verbose Summary: CDFG Model
============================================================
IsTopModel: 1
ResetActiveHigh: 1
IsCombinational: 0
IsDatapathOnly: 0
HasWiredReturn: 2
HasMFsm: 2
HasVarLatency: 1
IsPipeline: 0
IsRtlPipelined: 0
IsInstanceOverlapped: 0
IsDontTouch: 0
HasImplIP: 0
IsGatedGlobalClock: 0

+ Individual pipeline summary: 
  * Pipeline-0: initiation interval (II) = 37, depth = 41


============================================================
+ Verbose Summary: Schedule
============================================================
* Number of FSM states : 45
* Pipeline : 1
  Pipeline-0 : II = 37, D = 41, States = { 3 4 5 6 7 8 9 10 11 12 13 14 15 16 17 18 19 20 21 22 23 24 25 26 27 28 29 30 31 32 33 34 35 36 37 38 39 40 41 42 43 }
* Dataflow Pipeline: 0

* FSM state transitions: 
1 --> 2 
2 --> 3 
3 --> 4 
4 --> 5 
5 --> 6 
6 --> 7 
7 --> 8 
8 --> 9 
9 --> 10 
10 --> 11 
11 --> 12 
12 --> 13 
13 --> 14 
14 --> 15 
15 --> 16 
16 --> 17 
17 --> 18 
18 --> 19 
19 --> 20 
20 --> 21 
21 --> 22 
22 --> 23 
23 --> 24 
24 --> 25 
25 --> 26 
26 --> 27 
27 --> 28 
28 --> 29 
29 --> 30 
30 --> 31 
31 --> 32 
32 --> 33 
33 --> 34 
34 --> 35 
35 --> 36 
36 --> 37 
37 --> 38 
38 --> 39 
39 --> 40 
40 --> 41 
41 --> 42 
42 --> 43 
43 --> 44 3 
44 --> 45 
45 --> 

* FSM state operations: 

State 1 <SV = 0> <Delay = 1.61>
ST_1 : Operation 46 [1/1] (0.00ns)   --->   "%v22 = alloca i32 1"   --->   Operation 46 'alloca' 'v22' <Predicate = true> <Delay = 0.00>
ST_1 : Operation 47 [1/1] (0.00ns)   --->   "%u23 = alloca i32 1"   --->   Operation 47 'alloca' 'u23' <Predicate = true> <Delay = 0.00>
ST_1 : Operation 48 [1/1] (0.00ns)   --->   "%v4 = alloca i32 1"   --->   Operation 48 'alloca' 'v4' <Predicate = true> <Delay = 0.00>
ST_1 : Operation 49 [1/1] (0.00ns)   --->   "%phi_ln195 = alloca i32 1"   --->   Operation 49 'alloca' 'phi_ln195' <Predicate = true> <Delay = 0.00>
ST_1 : Operation 50 [2/2] (0.00ns)   --->   "%src2_i_read = read i32 @_ssdm_op_Read.ap_auto.i32, i32 %src2_i" [cfu_hls.c:4]   --->   Operation 50 'read' 'src2_i_read' <Predicate = true> <Delay = 0.00>
ST_1 : Operation 51 [2/2] (0.00ns)   --->   "%src1_i_read = read i32 @_ssdm_op_Read.ap_auto.i32, i32 %src1_i" [cfu_hls.c:4]   --->   Operation 51 'read' 'src1_i_read' <Predicate = true> <Delay = 0.00>
ST_1 : Operation 52 [1/1] (1.61ns)   --->   "%store_ln0 = store i32 0, i32 %phi_ln195"   --->   Operation 52 'store' 'store_ln0' <Predicate = true> <Delay = 1.61>
ST_1 : Operation 53 [1/1] (1.61ns)   --->   "%store_ln0 = store i32 0, i32 %v4"   --->   Operation 53 'store' 'store_ln0' <Predicate = true> <Delay = 1.61>
ST_1 : Operation 54 [1/1] (1.61ns)   --->   "%store_ln0 = store i32 0, i32 %u23"   --->   Operation 54 'store' 'store_ln0' <Predicate = true> <Delay = 1.61>
ST_1 : Operation 55 [1/1] (1.61ns)   --->   "%store_ln0 = store i32 0, i32 %v22"   --->   Operation 55 'store' 'store_ln0' <Predicate = true> <Delay = 1.61>

State 2 <SV = 1> <Delay = 1.61>
ST_2 : Operation 56 [1/1] (0.00ns)   --->   "%spectopmodule_ln3 = spectopmodule void @_ssdm_op_SpecTopModule, void @empty_2" [cfu_hls.c:3]   --->   Operation 56 'spectopmodule' 'spectopmodule_ln3' <Predicate = true> <Delay = 0.00>
ST_2 : Operation 57 [1/1] (0.00ns)   --->   "%specbitsmap_ln0 = specbitsmap void @_ssdm_op_SpecBitsMap, i8 %funct3_i"   --->   Operation 57 'specbitsmap' 'specbitsmap_ln0' <Predicate = true> <Delay = 0.00>
ST_2 : Operation 58 [1/1] (0.00ns)   --->   "%specinterface_ln0 = specinterface void @_ssdm_op_SpecInterface, i8 %funct3_i, void @empty, i32 0, i32 0, void @empty_0, i32 0, i32 0, void @empty_0, void @empty_0, void @empty_0, i32 0, i32 0, i32 0, i32 0, void @empty_0, void @empty_0, i32 4294967295, i32 0, i32 0"   --->   Operation 58 'specinterface' 'specinterface_ln0' <Predicate = true> <Delay = 0.00>
ST_2 : Operation 59 [1/1] (0.00ns)   --->   "%specbitsmap_ln0 = specbitsmap void @_ssdm_op_SpecBitsMap, i8 %funct7_i"   --->   Operation 59 'specbitsmap' 'specbitsmap_ln0' <Predicate = true> <Delay = 0.00>
ST_2 : Operation 60 [1/1] (0.00ns)   --->   "%specinterface_ln0 = specinterface void @_ssdm_op_SpecInterface, i8 %funct7_i, void @empty, i32 0, i32 0, void @empty_0, i32 0, i32 0, void @empty_0, void @empty_0, void @empty_0, i32 0, i32 0, i32 0, i32 0, void @empty_0, void @empty_0, i32 4294967295, i32 0, i32 0"   --->   Operation 60 'specinterface' 'specinterface_ln0' <Predicate = true> <Delay = 0.00>
ST_2 : Operation 61 [1/1] (0.00ns)   --->   "%specbitsmap_ln0 = specbitsmap void @_ssdm_op_SpecBitsMap, i32 %src1_i"   --->   Operation 61 'specbitsmap' 'specbitsmap_ln0' <Predicate = true> <Delay = 0.00>
ST_2 : Operation 62 [1/1] (0.00ns)   --->   "%specinterface_ln0 = specinterface void @_ssdm_op_SpecInterface, i32 %src1_i, void @empty, i32 0, i32 0, void @empty_0, i32 0, i32 0, void @empty_0, void @empty_0, void @empty_0, i32 0, i32 0, i32 0, i32 0, void @empty_0, void @empty_0, i32 4294967295, i32 0, i32 0"   --->   Operation 62 'specinterface' 'specinterface_ln0' <Predicate = true> <Delay = 0.00>
ST_2 : Operation 63 [1/1] (0.00ns)   --->   "%specbitsmap_ln0 = specbitsmap void @_ssdm_op_SpecBitsMap, i32 %src2_i"   --->   Operation 63 'specbitsmap' 'specbitsmap_ln0' <Predicate = true> <Delay = 0.00>
ST_2 : Operation 64 [1/1] (0.00ns)   --->   "%specinterface_ln0 = specinterface void @_ssdm_op_SpecInterface, i32 %src2_i, void @empty, i32 0, i32 0, void @empty_0, i32 0, i32 0, void @empty_0, void @empty_0, void @empty_0, i32 0, i32 0, i32 0, i32 0, void @empty_0, void @empty_0, i32 4294967295, i32 0, i32 0"   --->   Operation 64 'specinterface' 'specinterface_ln0' <Predicate = true> <Delay = 0.00>
ST_2 : Operation 65 [1/1] (0.00ns)   --->   "%specbitsmap_ln0 = specbitsmap void @_ssdm_op_SpecBitsMap, i32 %rslt_o"   --->   Operation 65 'specbitsmap' 'specbitsmap_ln0' <Predicate = true> <Delay = 0.00>
ST_2 : Operation 66 [1/1] (0.00ns)   --->   "%specinterface_ln0 = specinterface void @_ssdm_op_SpecInterface, i32 %rslt_o, void @empty_1, i32 4294967295, i32 4294967295, void @empty_0, i32 0, i32 0, void @empty_0, void @empty_0, void @empty_0, i32 0, i32 0, i32 0, i32 0, void @empty_0, void @empty_0, i32 4294967295, i32 0, i32 0"   --->   Operation 66 'specinterface' 'specinterface_ln0' <Predicate = true> <Delay = 0.00>
ST_2 : Operation 67 [1/2] (0.00ns)   --->   "%src2_i_read = read i32 @_ssdm_op_Read.ap_auto.i32, i32 %src2_i" [cfu_hls.c:4]   --->   Operation 67 'read' 'src2_i_read' <Predicate = true> <Delay = 0.00>
ST_2 : Operation 68 [1/2] (0.00ns)   --->   "%src1_i_read = read i32 @_ssdm_op_Read.ap_auto.i32, i32 %src1_i" [cfu_hls.c:4]   --->   Operation 68 'read' 'src1_i_read' <Predicate = true> <Delay = 0.00>
ST_2 : Operation 69 [1/1] (0.00ns)   --->   "%x = bitcast i32 %src1_i_read" [cfu_hls.c:10]   --->   Operation 69 'bitcast' 'x' <Predicate = true> <Delay = 0.00>
ST_2 : Operation 70 [1/1] (0.00ns)   --->   "%y = bitcast i32 %src2_i_read" [cfu_hls.c:11]   --->   Operation 70 'bitcast' 'y' <Predicate = true> <Delay = 0.00>
ST_2 : Operation 71 [1/1] (1.61ns)   --->   "%br_ln17 = br void %for.body.split" [cfu_hls.c:17]   --->   Operation 71 'br' 'br_ln17' <Predicate = true> <Delay = 1.61>

State 3 <SV = 2> <Delay = 4.31>
ST_3 : Operation 72 [1/1] (0.00ns)   --->   "%v22_load = load i32 %v22" [cfu_hls.c:20]   --->   Operation 72 'load' 'v22_load' <Predicate = true> <Delay = 0.00>
ST_3 : Operation 73 [1/1] (0.00ns)   --->   "%u23_load = load i32 %u23" [cfu_hls.c:20]   --->   Operation 73 'load' 'u23_load' <Predicate = true> <Delay = 0.00>
ST_3 : Operation 74 [9/9] (4.31ns)   --->   "%sub = fsub i32 %u23_load, i32 %v22_load" [cfu_hls.c:20]   --->   Operation 74 'fsub' 'sub' <Predicate = true> <Delay = 4.31> <CoreInst = "FAddSub_fulldsp">   --->   Core 18 'FAddSub_fulldsp' <Latency = 8> <II = 1> <Delay = 4.31> <FuncUnit> <Opcode : 'fadd' 'fsub'> <InPorts = 2> <OutPorts = 1>

State 4 <SV = 3> <Delay = 4.31>
ST_4 : Operation 75 [8/9] (4.31ns)   --->   "%sub = fsub i32 %u23_load, i32 %v22_load" [cfu_hls.c:20]   --->   Operation 75 'fsub' 'sub' <Predicate = true> <Delay = 4.31> <CoreInst = "FAddSub_fulldsp">   --->   Core 18 'FAddSub_fulldsp' <Latency = 8> <II = 1> <Delay = 4.31> <FuncUnit> <Opcode : 'fadd' 'fsub'> <InPorts = 2> <OutPorts = 1>

State 5 <SV = 4> <Delay = 4.31>
ST_5 : Operation 76 [7/9] (4.31ns)   --->   "%sub = fsub i32 %u23_load, i32 %v22_load" [cfu_hls.c:20]   --->   Operation 76 'fsub' 'sub' <Predicate = true> <Delay = 4.31> <CoreInst = "FAddSub_fulldsp">   --->   Core 18 'FAddSub_fulldsp' <Latency = 8> <II = 1> <Delay = 4.31> <FuncUnit> <Opcode : 'fadd' 'fsub'> <InPorts = 2> <OutPorts = 1>

State 6 <SV = 5> <Delay = 4.31>
ST_6 : Operation 77 [6/9] (4.31ns)   --->   "%sub = fsub i32 %u23_load, i32 %v22_load" [cfu_hls.c:20]   --->   Operation 77 'fsub' 'sub' <Predicate = true> <Delay = 4.31> <CoreInst = "FAddSub_fulldsp">   --->   Core 18 'FAddSub_fulldsp' <Latency = 8> <II = 1> <Delay = 4.31> <FuncUnit> <Opcode : 'fadd' 'fsub'> <InPorts = 2> <OutPorts = 1>

State 7 <SV = 6> <Delay = 4.34>
ST_7 : Operation 78 [1/1] (0.00ns)   --->   "%v4_load = load i32 %v4" [cfu_hls.c:19]   --->   Operation 78 'load' 'v4_load' <Predicate = true> <Delay = 0.00>
ST_7 : Operation 79 [1/1] (0.00ns)   --->   "%phi_ln195_load = load i32 %phi_ln195" [cfu_hls.c:19]   --->   Operation 79 'load' 'phi_ln195_load' <Predicate = true> <Delay = 0.00>
ST_7 : Operation 80 [5/5] (4.34ns)   --->   "%mul1 = fmul i32 %phi_ln195_load, i32 %v4_load" [cfu_hls.c:19]   --->   Operation 80 'fmul' 'mul1' <Predicate = true> <Delay = 4.34> <CoreInst = "FMul_maxdsp">   --->   Core 30 'FMul_maxdsp' <Latency = 4> <II = 1> <Delay = 4.34> <FuncUnit> <Opcode : 'fmul'> <InPorts = 2> <OutPorts = 1>
ST_7 : Operation 81 [5/9] (4.31ns)   --->   "%sub = fsub i32 %u23_load, i32 %v22_load" [cfu_hls.c:20]   --->   Operation 81 'fsub' 'sub' <Predicate = true> <Delay = 4.31> <CoreInst = "FAddSub_fulldsp">   --->   Core 18 'FAddSub_fulldsp' <Latency = 8> <II = 1> <Delay = 4.31> <FuncUnit> <Opcode : 'fadd' 'fsub'> <InPorts = 2> <OutPorts = 1>

State 8 <SV = 7> <Delay = 4.34>
ST_8 : Operation 82 [4/5] (4.34ns)   --->   "%mul1 = fmul i32 %phi_ln195_load, i32 %v4_load" [cfu_hls.c:19]   --->   Operation 82 'fmul' 'mul1' <Predicate = true> <Delay = 4.34> <CoreInst = "FMul_maxdsp">   --->   Core 30 'FMul_maxdsp' <Latency = 4> <II = 1> <Delay = 4.34> <FuncUnit> <Opcode : 'fmul'> <InPorts = 2> <OutPorts = 1>
ST_8 : Operation 83 [4/9] (4.31ns)   --->   "%sub = fsub i32 %u23_load, i32 %v22_load" [cfu_hls.c:20]   --->   Operation 83 'fsub' 'sub' <Predicate = true> <Delay = 4.31> <CoreInst = "FAddSub_fulldsp">   --->   Core 18 'FAddSub_fulldsp' <Latency = 8> <II = 1> <Delay = 4.31> <FuncUnit> <Opcode : 'fadd' 'fsub'> <InPorts = 2> <OutPorts = 1>

State 9 <SV = 8> <Delay = 4.34>
ST_9 : Operation 84 [3/5] (4.34ns)   --->   "%mul1 = fmul i32 %phi_ln195_load, i32 %v4_load" [cfu_hls.c:19]   --->   Operation 84 'fmul' 'mul1' <Predicate = true> <Delay = 4.34> <CoreInst = "FMul_maxdsp">   --->   Core 30 'FMul_maxdsp' <Latency = 4> <II = 1> <Delay = 4.34> <FuncUnit> <Opcode : 'fmul'> <InPorts = 2> <OutPorts = 1>
ST_9 : Operation 85 [3/9] (4.31ns)   --->   "%sub = fsub i32 %u23_load, i32 %v22_load" [cfu_hls.c:20]   --->   Operation 85 'fsub' 'sub' <Predicate = true> <Delay = 4.31> <CoreInst = "FAddSub_fulldsp">   --->   Core 18 'FAddSub_fulldsp' <Latency = 8> <II = 1> <Delay = 4.31> <FuncUnit> <Opcode : 'fadd' 'fsub'> <InPorts = 2> <OutPorts = 1>

State 10 <SV = 9> <Delay = 4.34>
ST_10 : Operation 86 [2/5] (4.34ns)   --->   "%mul1 = fmul i32 %phi_ln195_load, i32 %v4_load" [cfu_hls.c:19]   --->   Operation 86 'fmul' 'mul1' <Predicate = true> <Delay = 4.34> <CoreInst = "FMul_maxdsp">   --->   Core 30 'FMul_maxdsp' <Latency = 4> <II = 1> <Delay = 4.34> <FuncUnit> <Opcode : 'fmul'> <InPorts = 2> <OutPorts = 1>
ST_10 : Operation 87 [2/9] (4.31ns)   --->   "%sub = fsub i32 %u23_load, i32 %v22_load" [cfu_hls.c:20]   --->   Operation 87 'fsub' 'sub' <Predicate = true> <Delay = 4.31> <CoreInst = "FAddSub_fulldsp">   --->   Core 18 'FAddSub_fulldsp' <Latency = 8> <II = 1> <Delay = 4.31> <FuncUnit> <Opcode : 'fadd' 'fsub'> <InPorts = 2> <OutPorts = 1>

State 11 <SV = 10> <Delay = 4.34>
ST_11 : Operation 88 [1/5] (4.34ns)   --->   "%mul1 = fmul i32 %phi_ln195_load, i32 %v4_load" [cfu_hls.c:19]   --->   Operation 88 'fmul' 'mul1' <Predicate = true> <Delay = 4.34> <CoreInst = "FMul_maxdsp">   --->   Core 30 'FMul_maxdsp' <Latency = 4> <II = 1> <Delay = 4.34> <FuncUnit> <Opcode : 'fmul'> <InPorts = 2> <OutPorts = 1>
ST_11 : Operation 89 [1/9] (4.31ns)   --->   "%sub = fsub i32 %u23_load, i32 %v22_load" [cfu_hls.c:20]   --->   Operation 89 'fsub' 'sub' <Predicate = true> <Delay = 4.31> <CoreInst = "FAddSub_fulldsp">   --->   Core 18 'FAddSub_fulldsp' <Latency = 8> <II = 1> <Delay = 4.31> <FuncUnit> <Opcode : 'fadd' 'fsub'> <InPorts = 2> <OutPorts = 1>

State 12 <SV = 11> <Delay = 4.31>
ST_12 : Operation 90 [9/9] (4.31ns)   --->   "%v = fadd i32 %mul1, i32 %y" [cfu_hls.c:19]   --->   Operation 90 'fadd' 'v' <Predicate = true> <Delay = 4.31> <CoreInst = "FAddSub_fulldsp">   --->   Core 18 'FAddSub_fulldsp' <Latency = 8> <II = 1> <Delay = 4.31> <FuncUnit> <Opcode : 'fadd' 'fsub'> <InPorts = 2> <OutPorts = 1>
ST_12 : Operation 91 [9/9] (4.31ns)   --->   "%u = fadd i32 %sub, i32 %x" [cfu_hls.c:20]   --->   Operation 91 'fadd' 'u' <Predicate = true> <Delay = 4.31> <CoreInst = "FAddSub_fulldsp">   --->   Core 18 'FAddSub_fulldsp' <Latency = 8> <II = 1> <Delay = 4.31> <FuncUnit> <Opcode : 'fadd' 'fsub'> <InPorts = 2> <OutPorts = 1>

State 13 <SV = 12> <Delay = 4.31>
ST_13 : Operation 92 [8/9] (4.31ns)   --->   "%v = fadd i32 %mul1, i32 %y" [cfu_hls.c:19]   --->   Operation 92 'fadd' 'v' <Predicate = true> <Delay = 4.31> <CoreInst = "FAddSub_fulldsp">   --->   Core 18 'FAddSub_fulldsp' <Latency = 8> <II = 1> <Delay = 4.31> <FuncUnit> <Opcode : 'fadd' 'fsub'> <InPorts = 2> <OutPorts = 1>
ST_13 : Operation 93 [8/9] (4.31ns)   --->   "%u = fadd i32 %sub, i32 %x" [cfu_hls.c:20]   --->   Operation 93 'fadd' 'u' <Predicate = true> <Delay = 4.31> <CoreInst = "FAddSub_fulldsp">   --->   Core 18 'FAddSub_fulldsp' <Latency = 8> <II = 1> <Delay = 4.31> <FuncUnit> <Opcode : 'fadd' 'fsub'> <InPorts = 2> <OutPorts = 1>

State 14 <SV = 13> <Delay = 4.31>
ST_14 : Operation 94 [7/9] (4.31ns)   --->   "%v = fadd i32 %mul1, i32 %y" [cfu_hls.c:19]   --->   Operation 94 'fadd' 'v' <Predicate = true> <Delay = 4.31> <CoreInst = "FAddSub_fulldsp">   --->   Core 18 'FAddSub_fulldsp' <Latency = 8> <II = 1> <Delay = 4.31> <FuncUnit> <Opcode : 'fadd' 'fsub'> <InPorts = 2> <OutPorts = 1>
ST_14 : Operation 95 [7/9] (4.31ns)   --->   "%u = fadd i32 %sub, i32 %x" [cfu_hls.c:20]   --->   Operation 95 'fadd' 'u' <Predicate = true> <Delay = 4.31> <CoreInst = "FAddSub_fulldsp">   --->   Core 18 'FAddSub_fulldsp' <Latency = 8> <II = 1> <Delay = 4.31> <FuncUnit> <Opcode : 'fadd' 'fsub'> <InPorts = 2> <OutPorts = 1>

State 15 <SV = 14> <Delay = 4.31>
ST_15 : Operation 96 [6/9] (4.31ns)   --->   "%v = fadd i32 %mul1, i32 %y" [cfu_hls.c:19]   --->   Operation 96 'fadd' 'v' <Predicate = true> <Delay = 4.31> <CoreInst = "FAddSub_fulldsp">   --->   Core 18 'FAddSub_fulldsp' <Latency = 8> <II = 1> <Delay = 4.31> <FuncUnit> <Opcode : 'fadd' 'fsub'> <InPorts = 2> <OutPorts = 1>
ST_15 : Operation 97 [6/9] (4.31ns)   --->   "%u = fadd i32 %sub, i32 %x" [cfu_hls.c:20]   --->   Operation 97 'fadd' 'u' <Predicate = true> <Delay = 4.31> <CoreInst = "FAddSub_fulldsp">   --->   Core 18 'FAddSub_fulldsp' <Latency = 8> <II = 1> <Delay = 4.31> <FuncUnit> <Opcode : 'fadd' 'fsub'> <InPorts = 2> <OutPorts = 1>

State 16 <SV = 15> <Delay = 4.31>
ST_16 : Operation 98 [5/9] (4.31ns)   --->   "%v = fadd i32 %mul1, i32 %y" [cfu_hls.c:19]   --->   Operation 98 'fadd' 'v' <Predicate = true> <Delay = 4.31> <CoreInst = "FAddSub_fulldsp">   --->   Core 18 'FAddSub_fulldsp' <Latency = 8> <II = 1> <Delay = 4.31> <FuncUnit> <Opcode : 'fadd' 'fsub'> <InPorts = 2> <OutPorts = 1>
ST_16 : Operation 99 [5/9] (4.31ns)   --->   "%u = fadd i32 %sub, i32 %x" [cfu_hls.c:20]   --->   Operation 99 'fadd' 'u' <Predicate = true> <Delay = 4.31> <CoreInst = "FAddSub_fulldsp">   --->   Core 18 'FAddSub_fulldsp' <Latency = 8> <II = 1> <Delay = 4.31> <FuncUnit> <Opcode : 'fadd' 'fsub'> <InPorts = 2> <OutPorts = 1>

State 17 <SV = 16> <Delay = 4.31>
ST_17 : Operation 100 [4/9] (4.31ns)   --->   "%v = fadd i32 %mul1, i32 %y" [cfu_hls.c:19]   --->   Operation 100 'fadd' 'v' <Predicate = true> <Delay = 4.31> <CoreInst = "FAddSub_fulldsp">   --->   Core 18 'FAddSub_fulldsp' <Latency = 8> <II = 1> <Delay = 4.31> <FuncUnit> <Opcode : 'fadd' 'fsub'> <InPorts = 2> <OutPorts = 1>
ST_17 : Operation 101 [4/9] (4.31ns)   --->   "%u = fadd i32 %sub, i32 %x" [cfu_hls.c:20]   --->   Operation 101 'fadd' 'u' <Predicate = true> <Delay = 4.31> <CoreInst = "FAddSub_fulldsp">   --->   Core 18 'FAddSub_fulldsp' <Latency = 8> <II = 1> <Delay = 4.31> <FuncUnit> <Opcode : 'fadd' 'fsub'> <InPorts = 2> <OutPorts = 1>

State 18 <SV = 17> <Delay = 4.31>
ST_18 : Operation 102 [3/9] (4.31ns)   --->   "%v = fadd i32 %mul1, i32 %y" [cfu_hls.c:19]   --->   Operation 102 'fadd' 'v' <Predicate = true> <Delay = 4.31> <CoreInst = "FAddSub_fulldsp">   --->   Core 18 'FAddSub_fulldsp' <Latency = 8> <II = 1> <Delay = 4.31> <FuncUnit> <Opcode : 'fadd' 'fsub'> <InPorts = 2> <OutPorts = 1>
ST_18 : Operation 103 [3/9] (4.31ns)   --->   "%u = fadd i32 %sub, i32 %x" [cfu_hls.c:20]   --->   Operation 103 'fadd' 'u' <Predicate = true> <Delay = 4.31> <CoreInst = "FAddSub_fulldsp">   --->   Core 18 'FAddSub_fulldsp' <Latency = 8> <II = 1> <Delay = 4.31> <FuncUnit> <Opcode : 'fadd' 'fsub'> <InPorts = 2> <OutPorts = 1>

State 19 <SV = 18> <Delay = 4.31>
ST_19 : Operation 104 [2/9] (4.31ns)   --->   "%v = fadd i32 %mul1, i32 %y" [cfu_hls.c:19]   --->   Operation 104 'fadd' 'v' <Predicate = true> <Delay = 4.31> <CoreInst = "FAddSub_fulldsp">   --->   Core 18 'FAddSub_fulldsp' <Latency = 8> <II = 1> <Delay = 4.31> <FuncUnit> <Opcode : 'fadd' 'fsub'> <InPorts = 2> <OutPorts = 1>
ST_19 : Operation 105 [2/9] (4.31ns)   --->   "%u = fadd i32 %sub, i32 %x" [cfu_hls.c:20]   --->   Operation 105 'fadd' 'u' <Predicate = true> <Delay = 4.31> <CoreInst = "FAddSub_fulldsp">   --->   Core 18 'FAddSub_fulldsp' <Latency = 8> <II = 1> <Delay = 4.31> <FuncUnit> <Opcode : 'fadd' 'fsub'> <InPorts = 2> <OutPorts = 1>

State 20 <SV = 19> <Delay = 4.31>
ST_20 : Operation 106 [1/9] (4.31ns)   --->   "%v = fadd i32 %mul1, i32 %y" [cfu_hls.c:19]   --->   Operation 106 'fadd' 'v' <Predicate = true> <Delay = 4.31> <CoreInst = "FAddSub_fulldsp">   --->   Core 18 'FAddSub_fulldsp' <Latency = 8> <II = 1> <Delay = 4.31> <FuncUnit> <Opcode : 'fadd' 'fsub'> <InPorts = 2> <OutPorts = 1>
ST_20 : Operation 107 [1/9] (4.31ns)   --->   "%u = fadd i32 %sub, i32 %x" [cfu_hls.c:20]   --->   Operation 107 'fadd' 'u' <Predicate = true> <Delay = 4.31> <CoreInst = "FAddSub_fulldsp">   --->   Core 18 'FAddSub_fulldsp' <Latency = 8> <II = 1> <Delay = 4.31> <FuncUnit> <Opcode : 'fadd' 'fsub'> <InPorts = 2> <OutPorts = 1>

State 21 <SV = 20> <Delay = 4.34>
ST_21 : Operation 108 [5/5] (4.34ns)   --->   "%u2 = fmul i32 %u, i32 %u" [cfu_hls.c:21]   --->   Operation 108 'fmul' 'u2' <Predicate = true> <Delay = 4.34> <CoreInst = "FMul_maxdsp">   --->   Core 30 'FMul_maxdsp' <Latency = 4> <II = 1> <Delay = 4.34> <FuncUnit> <Opcode : 'fmul'> <InPorts = 2> <OutPorts = 1>
ST_21 : Operation 109 [5/5] (4.34ns)   --->   "%v2 = fmul i32 %v, i32 %v" [cfu_hls.c:22]   --->   Operation 109 'fmul' 'v2' <Predicate = true> <Delay = 4.34> <CoreInst = "FMul_maxdsp">   --->   Core 30 'FMul_maxdsp' <Latency = 4> <II = 1> <Delay = 4.34> <FuncUnit> <Opcode : 'fmul'> <InPorts = 2> <OutPorts = 1>

State 22 <SV = 21> <Delay = 4.34>
ST_22 : Operation 110 [4/5] (4.34ns)   --->   "%u2 = fmul i32 %u, i32 %u" [cfu_hls.c:21]   --->   Operation 110 'fmul' 'u2' <Predicate = true> <Delay = 4.34> <CoreInst = "FMul_maxdsp">   --->   Core 30 'FMul_maxdsp' <Latency = 4> <II = 1> <Delay = 4.34> <FuncUnit> <Opcode : 'fmul'> <InPorts = 2> <OutPorts = 1>
ST_22 : Operation 111 [4/5] (4.34ns)   --->   "%v2 = fmul i32 %v, i32 %v" [cfu_hls.c:22]   --->   Operation 111 'fmul' 'v2' <Predicate = true> <Delay = 4.34> <CoreInst = "FMul_maxdsp">   --->   Core 30 'FMul_maxdsp' <Latency = 4> <II = 1> <Delay = 4.34> <FuncUnit> <Opcode : 'fmul'> <InPorts = 2> <OutPorts = 1>

State 23 <SV = 22> <Delay = 4.34>
ST_23 : Operation 112 [3/5] (4.34ns)   --->   "%u2 = fmul i32 %u, i32 %u" [cfu_hls.c:21]   --->   Operation 112 'fmul' 'u2' <Predicate = true> <Delay = 4.34> <CoreInst = "FMul_maxdsp">   --->   Core 30 'FMul_maxdsp' <Latency = 4> <II = 1> <Delay = 4.34> <FuncUnit> <Opcode : 'fmul'> <InPorts = 2> <OutPorts = 1>
ST_23 : Operation 113 [3/5] (4.34ns)   --->   "%v2 = fmul i32 %v, i32 %v" [cfu_hls.c:22]   --->   Operation 113 'fmul' 'v2' <Predicate = true> <Delay = 4.34> <CoreInst = "FMul_maxdsp">   --->   Core 30 'FMul_maxdsp' <Latency = 4> <II = 1> <Delay = 4.34> <FuncUnit> <Opcode : 'fmul'> <InPorts = 2> <OutPorts = 1>

State 24 <SV = 23> <Delay = 4.34>
ST_24 : Operation 114 [2/5] (4.34ns)   --->   "%u2 = fmul i32 %u, i32 %u" [cfu_hls.c:21]   --->   Operation 114 'fmul' 'u2' <Predicate = true> <Delay = 4.34> <CoreInst = "FMul_maxdsp">   --->   Core 30 'FMul_maxdsp' <Latency = 4> <II = 1> <Delay = 4.34> <FuncUnit> <Opcode : 'fmul'> <InPorts = 2> <OutPorts = 1>
ST_24 : Operation 115 [2/5] (4.34ns)   --->   "%v2 = fmul i32 %v, i32 %v" [cfu_hls.c:22]   --->   Operation 115 'fmul' 'v2' <Predicate = true> <Delay = 4.34> <CoreInst = "FMul_maxdsp">   --->   Core 30 'FMul_maxdsp' <Latency = 4> <II = 1> <Delay = 4.34> <FuncUnit> <Opcode : 'fmul'> <InPorts = 2> <OutPorts = 1>

State 25 <SV = 24> <Delay = 4.34>
ST_25 : Operation 116 [1/5] (4.34ns)   --->   "%u2 = fmul i32 %u, i32 %u" [cfu_hls.c:21]   --->   Operation 116 'fmul' 'u2' <Predicate = true> <Delay = 4.34> <CoreInst = "FMul_maxdsp">   --->   Core 30 'FMul_maxdsp' <Latency = 4> <II = 1> <Delay = 4.34> <FuncUnit> <Opcode : 'fmul'> <InPorts = 2> <OutPorts = 1>
ST_25 : Operation 117 [1/5] (4.34ns)   --->   "%v2 = fmul i32 %v, i32 %v" [cfu_hls.c:22]   --->   Operation 117 'fmul' 'v2' <Predicate = true> <Delay = 4.34> <CoreInst = "FMul_maxdsp">   --->   Core 30 'FMul_maxdsp' <Latency = 4> <II = 1> <Delay = 4.34> <FuncUnit> <Opcode : 'fmul'> <InPorts = 2> <OutPorts = 1>

State 26 <SV = 25> <Delay = 4.31>
ST_26 : Operation 118 [9/9] (4.31ns)   --->   "%add5 = fadd i32 %u2, i32 %v2" [cfu_hls.c:23]   --->   Operation 118 'fadd' 'add5' <Predicate = true> <Delay = 4.31> <CoreInst = "FAddSub_fulldsp">   --->   Core 18 'FAddSub_fulldsp' <Latency = 8> <II = 1> <Delay = 4.31> <FuncUnit> <Opcode : 'fadd' 'fsub'> <InPorts = 2> <OutPorts = 1>

State 27 <SV = 26> <Delay = 4.31>
ST_27 : Operation 119 [8/9] (4.31ns)   --->   "%add5 = fadd i32 %u2, i32 %v2" [cfu_hls.c:23]   --->   Operation 119 'fadd' 'add5' <Predicate = true> <Delay = 4.31> <CoreInst = "FAddSub_fulldsp">   --->   Core 18 'FAddSub_fulldsp' <Latency = 8> <II = 1> <Delay = 4.31> <FuncUnit> <Opcode : 'fadd' 'fsub'> <InPorts = 2> <OutPorts = 1>

State 28 <SV = 27> <Delay = 4.31>
ST_28 : Operation 120 [7/9] (4.31ns)   --->   "%add5 = fadd i32 %u2, i32 %v2" [cfu_hls.c:23]   --->   Operation 120 'fadd' 'add5' <Predicate = true> <Delay = 4.31> <CoreInst = "FAddSub_fulldsp">   --->   Core 18 'FAddSub_fulldsp' <Latency = 8> <II = 1> <Delay = 4.31> <FuncUnit> <Opcode : 'fadd' 'fsub'> <InPorts = 2> <OutPorts = 1>

State 29 <SV = 28> <Delay = 4.31>
ST_29 : Operation 121 [6/9] (4.31ns)   --->   "%add5 = fadd i32 %u2, i32 %v2" [cfu_hls.c:23]   --->   Operation 121 'fadd' 'add5' <Predicate = true> <Delay = 4.31> <CoreInst = "FAddSub_fulldsp">   --->   Core 18 'FAddSub_fulldsp' <Latency = 8> <II = 1> <Delay = 4.31> <FuncUnit> <Opcode : 'fadd' 'fsub'> <InPorts = 2> <OutPorts = 1>

State 30 <SV = 29> <Delay = 4.31>
ST_30 : Operation 122 [5/9] (4.31ns)   --->   "%add5 = fadd i32 %u2, i32 %v2" [cfu_hls.c:23]   --->   Operation 122 'fadd' 'add5' <Predicate = true> <Delay = 4.31> <CoreInst = "FAddSub_fulldsp">   --->   Core 18 'FAddSub_fulldsp' <Latency = 8> <II = 1> <Delay = 4.31> <FuncUnit> <Opcode : 'fadd' 'fsub'> <InPorts = 2> <OutPorts = 1>

State 31 <SV = 30> <Delay = 4.31>
ST_31 : Operation 123 [4/9] (4.31ns)   --->   "%add5 = fadd i32 %u2, i32 %v2" [cfu_hls.c:23]   --->   Operation 123 'fadd' 'add5' <Predicate = true> <Delay = 4.31> <CoreInst = "FAddSub_fulldsp">   --->   Core 18 'FAddSub_fulldsp' <Latency = 8> <II = 1> <Delay = 4.31> <FuncUnit> <Opcode : 'fadd' 'fsub'> <InPorts = 2> <OutPorts = 1>

State 32 <SV = 31> <Delay = 4.31>
ST_32 : Operation 124 [3/9] (4.31ns)   --->   "%add5 = fadd i32 %u2, i32 %v2" [cfu_hls.c:23]   --->   Operation 124 'fadd' 'add5' <Predicate = true> <Delay = 4.31> <CoreInst = "FAddSub_fulldsp">   --->   Core 18 'FAddSub_fulldsp' <Latency = 8> <II = 1> <Delay = 4.31> <FuncUnit> <Opcode : 'fadd' 'fsub'> <InPorts = 2> <OutPorts = 1>

State 33 <SV = 32> <Delay = 4.31>
ST_33 : Operation 125 [2/9] (4.31ns)   --->   "%add5 = fadd i32 %u2, i32 %v2" [cfu_hls.c:23]   --->   Operation 125 'fadd' 'add5' <Predicate = true> <Delay = 4.31> <CoreInst = "FAddSub_fulldsp">   --->   Core 18 'FAddSub_fulldsp' <Latency = 8> <II = 1> <Delay = 4.31> <FuncUnit> <Opcode : 'fadd' 'fsub'> <InPorts = 2> <OutPorts = 1>

State 34 <SV = 33> <Delay = 4.31>
ST_34 : Operation 126 [1/9] (4.31ns)   --->   "%add5 = fadd i32 %u2, i32 %v2" [cfu_hls.c:23]   --->   Operation 126 'fadd' 'add5' <Predicate = true> <Delay = 4.31> <CoreInst = "FAddSub_fulldsp">   --->   Core 18 'FAddSub_fulldsp' <Latency = 8> <II = 1> <Delay = 4.31> <FuncUnit> <Opcode : 'fadd' 'fsub'> <InPorts = 2> <OutPorts = 1>

State 35 <SV = 34> <Delay = 4.24>
ST_35 : Operation 127 [1/1] (0.00ns)   --->   "%bitcast_ln23 = bitcast i32 %add5" [cfu_hls.c:23]   --->   Operation 127 'bitcast' 'bitcast_ln23' <Predicate = true> <Delay = 0.00>
ST_35 : Operation 128 [1/1] (0.00ns)   --->   "%tmp = partselect i8 @_ssdm_op_PartSelect.i8.i32.i32.i32, i32 %bitcast_ln23, i32 23, i32 30" [cfu_hls.c:23]   --->   Operation 128 'partselect' 'tmp' <Predicate = true> <Delay = 0.00>
ST_35 : Operation 129 [1/1] (0.00ns)   --->   "%trunc_ln23 = trunc i32 %bitcast_ln23" [cfu_hls.c:23]   --->   Operation 129 'trunc' 'trunc_ln23' <Predicate = true> <Delay = 0.00>
ST_35 : Operation 130 [1/1] (2.11ns)   --->   "%icmp_ln23 = icmp_ne  i8 %tmp, i8 255" [cfu_hls.c:23]   --->   Operation 130 'icmp' 'icmp_ln23' <Predicate = true> <Delay = 2.11> <CoreInst = "Cmp">   --->   Core 9 'Cmp' <Latency = 0> <II = 1> <Delay = 2.11> <FuncUnit> <Opcode : 'seteq' 'setne' 'setle' 'setge' 'setlt' 'setgt'> <InPorts = 2> <OutPorts = 1>
ST_35 : Operation 131 [1/1] (2.38ns)   --->   "%icmp_ln23_1 = icmp_eq  i23 %trunc_ln23, i23 0" [cfu_hls.c:23]   --->   Operation 131 'icmp' 'icmp_ln23_1' <Predicate = true> <Delay = 2.38> <CoreInst = "Cmp">   --->   Core 9 'Cmp' <Latency = 0> <II = 1> <Delay = 2.38> <FuncUnit> <Opcode : 'seteq' 'setne' 'setle' 'setge' 'setlt' 'setgt'> <InPorts = 2> <OutPorts = 1>
ST_35 : Operation 132 [3/3] (4.24ns)   --->   "%tmp_1 = fcmp_oge  i32 %add5, i32 4" [cfu_hls.c:23]   --->   Operation 132 'fcmp' 'tmp_1' <Predicate = true> <Delay = 4.24> <CoreInst = "FCompare">   --->   Core 19 'FCompare' <Latency = 2> <II = 1> <Delay = 4.24> <FuncUnit> <Opcode : 'fcmp'> <InPorts = 2> <OutPorts = 1>

State 36 <SV = 35> <Delay = 4.24>
ST_36 : Operation 133 [2/3] (4.24ns)   --->   "%tmp_1 = fcmp_oge  i32 %add5, i32 4" [cfu_hls.c:23]   --->   Operation 133 'fcmp' 'tmp_1' <Predicate = true> <Delay = 4.24> <CoreInst = "FCompare">   --->   Core 19 'FCompare' <Latency = 2> <II = 1> <Delay = 4.24> <FuncUnit> <Opcode : 'fcmp'> <InPorts = 2> <OutPorts = 1>

State 37 <SV = 36> <Delay = 4.24>
ST_37 : Operation 134 [1/3] (4.24ns)   --->   "%tmp_1 = fcmp_oge  i32 %add5, i32 4" [cfu_hls.c:23]   --->   Operation 134 'fcmp' 'tmp_1' <Predicate = true> <Delay = 4.24> <CoreInst = "FCompare">   --->   Core 19 'FCompare' <Latency = 2> <II = 1> <Delay = 4.24> <FuncUnit> <Opcode : 'fcmp'> <InPorts = 2> <OutPorts = 1>

State 38 <SV = 37> <Delay = 4.34>
ST_38 : Operation 135 [1/1] (0.00ns)   --->   "%k1 = phi i9 1, void %entry, i9 %k, void %for.inc"   --->   Operation 135 'phi' 'k1' <Predicate = true> <Delay = 0.00>
ST_38 : Operation 136 [1/1] (0.00ns)   --->   "%specpipeline_ln12 = specpipeline void @_ssdm_op_SpecPipeline, i32 4294967295, i32 0, i32 0, i32 0, void @empty_0" [cfu_hls.c:12]   --->   Operation 136 'specpipeline' 'specpipeline_ln12' <Predicate = true> <Delay = 0.00>
ST_38 : Operation 137 [1/1] (0.00ns)   --->   "%speclooptripcount_ln12 = speclooptripcount void @_ssdm_op_SpecLoopTripCount, i64 0, i64 255, i64 127" [cfu_hls.c:12]   --->   Operation 137 'speclooptripcount' 'speclooptripcount_ln12' <Predicate = true> <Delay = 0.00>
ST_38 : Operation 138 [1/1] (0.00ns)   --->   "%specloopname_ln17 = specloopname void @_ssdm_op_SpecLoopName, void @empty_3" [cfu_hls.c:17]   --->   Operation 138 'specloopname' 'specloopname_ln17' <Predicate = true> <Delay = 0.00>
ST_38 : Operation 139 [1/1] (0.00ns) (grouped into LUT with out node and_ln23)   --->   "%or_ln23 = or i1 %icmp_ln23_1, i1 %icmp_ln23" [cfu_hls.c:23]   --->   Operation 139 'or' 'or_ln23' <Predicate = true> <Delay = 0.00> <CoreInst = "LogicGate">   --->   Core 74 'LogicGate' <Latency = 0> <II = 1> <Delay = 0.97> <FuncUnit> <Opcode : 'and' 'or' 'xor'> <InPorts = 2> <OutPorts = 1>
ST_38 : Operation 140 [1/1] (0.97ns) (out node of the LUT)   --->   "%and_ln23 = and i1 %or_ln23, i1 %tmp_1" [cfu_hls.c:23]   --->   Operation 140 'and' 'and_ln23' <Predicate = true> <Delay = 0.97> <CoreInst = "LogicGate">   --->   Core 74 'LogicGate' <Latency = 0> <II = 1> <Delay = 0.97> <FuncUnit> <Opcode : 'and' 'or' 'xor'> <InPorts = 2> <OutPorts = 1>
ST_38 : Operation 141 [1/1] (1.61ns)   --->   "%br_ln23 = br i1 %and_ln23, void %for.inc, void %for.end" [cfu_hls.c:23]   --->   Operation 141 'br' 'br_ln23' <Predicate = true> <Delay = 1.61>
ST_38 : Operation 142 [5/5] (4.34ns)   --->   "%phitmp = fmul i32 %u, i32 2" [cfu_hls.c:17]   --->   Operation 142 'fmul' 'phitmp' <Predicate = (!and_ln23)> <Delay = 4.34> <CoreInst = "FMul_maxdsp">   --->   Core 30 'FMul_maxdsp' <Latency = 4> <II = 1> <Delay = 4.34> <FuncUnit> <Opcode : 'fmul'> <InPorts = 2> <OutPorts = 1>
ST_38 : Operation 143 [1/1] (1.61ns)   --->   "%store_ln19 = store i32 %v, i32 %v4" [cfu_hls.c:19]   --->   Operation 143 'store' 'store_ln19' <Predicate = (!and_ln23)> <Delay = 1.61>
ST_38 : Operation 144 [1/1] (1.61ns)   --->   "%store_ln21 = store i32 %u2, i32 %u23" [cfu_hls.c:21]   --->   Operation 144 'store' 'store_ln21' <Predicate = (!and_ln23)> <Delay = 1.61>
ST_38 : Operation 145 [1/1] (1.61ns)   --->   "%store_ln22 = store i32 %v2, i32 %v22" [cfu_hls.c:22]   --->   Operation 145 'store' 'store_ln22' <Predicate = (!and_ln23)> <Delay = 1.61>

State 39 <SV = 38> <Delay = 4.34>
ST_39 : Operation 146 [1/1] (2.11ns)   --->   "%k = add i9 %k1, i9 1" [cfu_hls.c:17]   --->   Operation 146 'add' 'k' <Predicate = (!and_ln23)> <Delay = 2.11> <CoreInst = "Adder">   --->   Core 1 'Adder' <Latency = 0> <II = 1> <Delay = 2.11> <FuncUnit> <Opcode : 'add' 'sub'> <InPorts = 2> <OutPorts = 1>
ST_39 : Operation 147 [4/5] (4.34ns)   --->   "%phitmp = fmul i32 %u, i32 2" [cfu_hls.c:17]   --->   Operation 147 'fmul' 'phitmp' <Predicate = (!and_ln23)> <Delay = 4.34> <CoreInst = "FMul_maxdsp">   --->   Core 30 'FMul_maxdsp' <Latency = 4> <II = 1> <Delay = 4.34> <FuncUnit> <Opcode : 'fmul'> <InPorts = 2> <OutPorts = 1>
ST_39 : Operation 148 [1/1] (0.00ns)   --->   "%tmp_2 = bitselect i1 @_ssdm_op_BitSelect.i1.i9.i32, i9 %k, i32 8" [cfu_hls.c:17]   --->   Operation 148 'bitselect' 'tmp_2' <Predicate = (!and_ln23)> <Delay = 0.00>
ST_39 : Operation 149 [1/1] (1.61ns)   --->   "%br_ln17 = br i1 %tmp_2, void %for.body.split, void %for.end" [cfu_hls.c:17]   --->   Operation 149 'br' 'br_ln17' <Predicate = (!and_ln23)> <Delay = 1.61>

State 40 <SV = 39> <Delay = 4.34>
ST_40 : Operation 150 [3/5] (4.34ns)   --->   "%phitmp = fmul i32 %u, i32 2" [cfu_hls.c:17]   --->   Operation 150 'fmul' 'phitmp' <Predicate = (!and_ln23)> <Delay = 4.34> <CoreInst = "FMul_maxdsp">   --->   Core 30 'FMul_maxdsp' <Latency = 4> <II = 1> <Delay = 4.34> <FuncUnit> <Opcode : 'fmul'> <InPorts = 2> <OutPorts = 1>

State 41 <SV = 40> <Delay = 4.34>
ST_41 : Operation 151 [2/5] (4.34ns)   --->   "%phitmp = fmul i32 %u, i32 2" [cfu_hls.c:17]   --->   Operation 151 'fmul' 'phitmp' <Predicate = (!and_ln23)> <Delay = 4.34> <CoreInst = "FMul_maxdsp">   --->   Core 30 'FMul_maxdsp' <Latency = 4> <II = 1> <Delay = 4.34> <FuncUnit> <Opcode : 'fmul'> <InPorts = 2> <OutPorts = 1>

State 42 <SV = 41> <Delay = 4.34>
ST_42 : Operation 152 [1/5] (4.34ns)   --->   "%phitmp = fmul i32 %u, i32 2" [cfu_hls.c:17]   --->   Operation 152 'fmul' 'phitmp' <Predicate = (!and_ln23)> <Delay = 4.34> <CoreInst = "FMul_maxdsp">   --->   Core 30 'FMul_maxdsp' <Latency = 4> <II = 1> <Delay = 4.34> <FuncUnit> <Opcode : 'fmul'> <InPorts = 2> <OutPorts = 1>

State 43 <SV = 42> <Delay = 1.61>
ST_43 : Operation 153 [1/1] (1.61ns)   --->   "%store_ln17 = store i32 %phitmp, i32 %phi_ln195" [cfu_hls.c:17]   --->   Operation 153 'store' 'store_ln17' <Predicate = (!and_ln23)> <Delay = 1.61>

State 44 <SV = 43> <Delay = 0.00>
ST_44 : Operation 154 [1/1] (0.00ns)   --->   "%k_02 = phi i9 256, void %for.inc, i9 %k1, void %for.body.split" [cfu_hls.c:17]   --->   Operation 154 'phi' 'k_02' <Predicate = true> <Delay = 0.00>
ST_44 : Operation 155 [1/1] (0.00ns)   --->   "%zext_ln25 = zext i9 %k_02" [cfu_hls.c:25]   --->   Operation 155 'zext' 'zext_ln25' <Predicate = true> <Delay = 0.00>
ST_44 : Operation 156 [2/2] (0.00ns)   --->   "%write_ln25 = write void @_ssdm_op_Write.ap_none.i32P0A, i32 %rslt_o, i32 %zext_ln25" [cfu_hls.c:25]   --->   Operation 156 'write' 'write_ln25' <Predicate = true> <Delay = 0.00>
ST_44 : Operation 157 [2/2] (0.00ns)   --->   "%ret_ln26 = ret" [cfu_hls.c:26]   --->   Operation 157 'ret' 'ret_ln26' <Predicate = true> <Delay = 0.00>

State 45 <SV = 44> <Delay = 0.00>
ST_45 : Operation 158 [1/2] (0.00ns)   --->   "%write_ln25 = write void @_ssdm_op_Write.ap_none.i32P0A, i32 %rslt_o, i32 %zext_ln25" [cfu_hls.c:25]   --->   Operation 158 'write' 'write_ln25' <Predicate = true> <Delay = 0.00>
ST_45 : Operation 159 [1/2] (0.00ns)   --->   "%ret_ln26 = ret" [cfu_hls.c:26]   --->   Operation 159 'ret' 'ret_ln26' <Predicate = true> <Delay = 0.00>


============================================================
+ Verbose Summary: Binding
============================================================
STG Binding: 
---------------- STG Properties BEGIN ----------------
- Is combinational: 0
- Is one-state seq: 0
- Is datapath-only: 0
- Is pipelined: 0
- Is top level: 1
Port [ Return ] is wired: 0; IO mode=ap_ctrl_hs:ce=0
Port [ funct3_i]:  wired=1; compound=0; hidden=0; nouse=1; global=0; static=0; extern=0; dir=0; type=0; pingpong=0; private_global=0; IO mode=ap_none:ce=0
Port [ funct7_i]:  wired=1; compound=0; hidden=0; nouse=1; global=0; static=0; extern=0; dir=0; type=0; pingpong=0; private_global=0; IO mode=ap_none:ce=0
Port [ src1_i]:  wired=1; compound=0; hidden=0; nouse=0; global=0; static=0; extern=0; dir=0; type=0; pingpong=0; private_global=0; IO mode=ap_none:ce=0
Port [ src2_i]:  wired=1; compound=0; hidden=0; nouse=0; global=0; static=0; extern=0; dir=0; type=0; pingpong=0; private_global=0; IO mode=ap_none:ce=0
Port [ rslt_o]:  wired=1; compound=0; hidden=0; nouse=0; global=0; static=0; extern=0; dir=1; type=0; pingpong=0; private_global=0; IO mode=ap_none:ce=0
---------------- STG Properties END ------------------

---------------- Datapath Model BEGIN ----------------

<LifeTime>
<method=bitvector/>
v22                    (alloca           ) [ 0111111111111111111111111111111111111111111100]
u23                    (alloca           ) [ 0111111111111111111111111111111111111111111100]
v4                     (alloca           ) [ 0111111111111111111111111111111111111111111100]
phi_ln195              (alloca           ) [ 0111111111111111111111111111111111111111111100]
store_ln0              (store            ) [ 0000000000000000000000000000000000000000000000]
store_ln0              (store            ) [ 0000000000000000000000000000000000000000000000]
store_ln0              (store            ) [ 0000000000000000000000000000000000000000000000]
store_ln0              (store            ) [ 0000000000000000000000000000000000000000000000]
spectopmodule_ln3      (spectopmodule    ) [ 0000000000000000000000000000000000000000000000]
specbitsmap_ln0        (specbitsmap      ) [ 0000000000000000000000000000000000000000000000]
specinterface_ln0      (specinterface    ) [ 0000000000000000000000000000000000000000000000]
specbitsmap_ln0        (specbitsmap      ) [ 0000000000000000000000000000000000000000000000]
specinterface_ln0      (specinterface    ) [ 0000000000000000000000000000000000000000000000]
specbitsmap_ln0        (specbitsmap      ) [ 0000000000000000000000000000000000000000000000]
specinterface_ln0      (specinterface    ) [ 0000000000000000000000000000000000000000000000]
specbitsmap_ln0        (specbitsmap      ) [ 0000000000000000000000000000000000000000000000]
specinterface_ln0      (specinterface    ) [ 0000000000000000000000000000000000000000000000]
specbitsmap_ln0        (specbitsmap      ) [ 0000000000000000000000000000000000000000000000]
specinterface_ln0      (specinterface    ) [ 0000000000000000000000000000000000000000000000]
src2_i_read            (read             ) [ 0000000000000000000000000000000000000000000000]
src1_i_read            (read             ) [ 0000000000000000000000000000000000000000000000]
x                      (bitcast          ) [ 0001111111111111111111111111111111111111111100]
y                      (bitcast          ) [ 0001111111111111111111111111111111111111111100]
br_ln17                (br               ) [ 0011111111111111111111111111111111111111111100]
v22_load               (load             ) [ 0000111111110000000000000000000000000000000000]
u23_load               (load             ) [ 0000111111110000000000000000000000000000000000]
v4_load                (load             ) [ 0000000011110000000000000000000000000000000000]
phi_ln195_load         (load             ) [ 0000000011110000000000000000000000000000000000]
mul1                   (fmul             ) [ 0000000000001111111110000000000000000000000000]
sub                    (fsub             ) [ 0000000000001111111110000000000000000000000000]
v                      (fadd             ) [ 0000000000000000000001111111111111111110000000]
u                      (fadd             ) [ 0001110000000000000001111111111111111111111000]
u2                     (fmul             ) [ 0000000000000000000000000011111111111110000000]
v2                     (fmul             ) [ 0000000000000000000000000011111111111110000000]
add5                   (fadd             ) [ 0000000000000000000000000000000000011100000000]
bitcast_ln23           (bitcast          ) [ 0000000000000000000000000000000000000000000000]
tmp                    (partselect       ) [ 0000000000000000000000000000000000000000000000]
trunc_ln23             (trunc            ) [ 0000000000000000000000000000000000000000000000]
icmp_ln23              (icmp             ) [ 0000000000000000000000000000000000001110000000]
icmp_ln23_1            (icmp             ) [ 0000000000000000000000000000000000001110000000]
tmp_1                  (fcmp             ) [ 0000000000000000000000000000000000000010000000]
k1                     (phi              ) [ 0001111111111111111111111111111111111111111110]
specpipeline_ln12      (specpipeline     ) [ 0000000000000000000000000000000000000000000000]
speclooptripcount_ln12 (speclooptripcount) [ 0000000000000000000000000000000000000000000000]
specloopname_ln17      (specloopname     ) [ 0000000000000000000000000000000000000000000000]
or_ln23                (or               ) [ 0000000000000000000000000000000000000000000000]
and_ln23               (and              ) [ 0001111111111111111111111111111111111111111100]
br_ln23                (br               ) [ 0001111111111111111111111111111111111111111110]
store_ln19             (store            ) [ 0000000000000000000000000000000000000000000000]
store_ln21             (store            ) [ 0000000000000000000000000000000000000000000000]
store_ln22             (store            ) [ 0000000000000000000000000000000000000000000000]
k                      (add              ) [ 0011111111111111111111111111111111111111111100]
tmp_2                  (bitselect        ) [ 0001111111111111111111111111111111111111111100]
br_ln17                (br               ) [ 0011111111111111111111111111111111111111111110]
phitmp                 (fmul             ) [ 0000001000000000000000000000000000000000000100]
store_ln17             (store            ) [ 0000000000000000000000000000000000000000000000]
k_02                   (phi              ) [ 0000000000000000000000000000000000000000000010]
zext_ln25              (zext             ) [ 0000000000000000000000000000000000000000000001]
write_ln25             (write            ) [ 0000000000000000000000000000000000000000000000]
ret_ln26               (ret              ) [ 0000000000000000000000000000000000000000000000]
</LifeTime>

<model>

<comp_list>
<comp id="0" class="1000" name="funct3_i">
<pin_list>
<pin id="1" dir="1" index="0" bw="1" slack="2147483647"/>
</pin_list>
<bind>
<StgValue><ssdm name="funct3_i"/></StgValue>
</bind>
</comp>

<comp id="2" class="1000" name="funct7_i">
<pin_list>
<pin id="3" dir="1" index="0" bw="1" slack="2147483647"/>
</pin_list>
<bind>
<StgValue><ssdm name="funct7_i"/></StgValue>
</bind>
</comp>

<comp id="4" class="1000" name="src1_i">
<pin_list>
<pin id="5" dir="1" index="0" bw="1" slack="0"/>
</pin_list>
<bind>
<StgValue><ssdm name="src1_i"/></StgValue>
</bind>
</comp>

<comp id="6" class="1000" name="src2_i">
<pin_list>
<pin id="7" dir="1" index="0" bw="1" slack="0"/>
</pin_list>
<bind>
<StgValue><ssdm name="src2_i"/></StgValue>
</bind>
</comp>

<comp id="8" class="1000" name="rslt_o">
<pin_list>
<pin id="9" dir="1" index="0" bw="1" slack="0"/>
</pin_list>
<bind>
<StgValue><ssdm name="rslt_o"/></StgValue>
</bind>
</comp>

<comp id="10" class="1001" name="const_10">
<pin_list>
<pin id="11" dir="1" index="0" bw="1" slack="0"/>
</pin_list>
<bind>
<StgValue><ssdm name=""/></StgValue>
</bind>
</comp>

<comp id="12" class="1001" name="const_12">
<pin_list>
<pin id="13" dir="1" index="0" bw="1" slack="0"/>
</pin_list>
<bind>
<StgValue><ssdm name="_ssdm_op_Read.ap_auto.i32"/></StgValue>
</bind>
</comp>

<comp id="14" class="1001" name="const_14">
<pin_list>
<pin id="15" dir="1" index="0" bw="1" slack="0"/>
</pin_list>
<bind>
<StgValue><ssdm name=""/></StgValue>
</bind>
</comp>

<comp id="16" class="1001" name="const_16">
<pin_list>
<pin id="17" dir="1" index="0" bw="1" slack="2147483647"/>
</pin_list>
<bind>
<StgValue><ssdm name="_ssdm_op_SpecTopModule"/></StgValue>
</bind>
</comp>

<comp id="18" class="1001" name="const_18">
<pin_list>
<pin id="19" dir="1" index="0" bw="1" slack="2147483647"/>
</pin_list>
<bind>
<StgValue><ssdm name="empty_2"/></StgValue>
</bind>
</comp>

<comp id="20" class="1001" name="const_20">
<pin_list>
<pin id="21" dir="1" index="0" bw="1" slack="2147483647"/>
</pin_list>
<bind>
<StgValue><ssdm name="_ssdm_op_SpecBitsMap"/></StgValue>
</bind>
</comp>

<comp id="22" class="1001" name="const_22">
<pin_list>
<pin id="23" dir="1" index="0" bw="1" slack="2147483647"/>
</pin_list>
<bind>
<StgValue><ssdm name="_ssdm_op_SpecInterface"/></StgValue>
</bind>
</comp>

<comp id="24" class="1001" name="const_24">
<pin_list>
<pin id="25" dir="1" index="0" bw="1" slack="2147483647"/>
</pin_list>
<bind>
<StgValue><ssdm name="empty"/></StgValue>
</bind>
</comp>

<comp id="26" class="1001" name="const_26">
<pin_list>
<pin id="27" dir="1" index="0" bw="1" slack="2147483647"/>
</pin_list>
<bind>
<StgValue><ssdm name=""/></StgValue>
</bind>
</comp>

<comp id="28" class="1001" name="const_28">
<pin_list>
<pin id="29" dir="1" index="0" bw="1" slack="2147483647"/>
</pin_list>
<bind>
<StgValue><ssdm name="empty_0"/></StgValue>
</bind>
</comp>

<comp id="30" class="1001" name="const_30">
<pin_list>
<pin id="31" dir="1" index="0" bw="1" slack="2147483647"/>
</pin_list>
<bind>
<StgValue><ssdm name=""/></StgValue>
</bind>
</comp>

<comp id="32" class="1001" name="const_32">
<pin_list>
<pin id="33" dir="1" index="0" bw="1" slack="2147483647"/>
</pin_list>
<bind>
<StgValue><ssdm name="empty_1"/></StgValue>
</bind>
</comp>

<comp id="34" class="1001" name="const_34">
<pin_list>
<pin id="35" dir="1" index="0" bw="1" slack="0"/>
</pin_list>
<bind>
<StgValue><ssdm name="_ssdm_op_PartSelect.i8.i32.i32.i32"/></StgValue>
</bind>
</comp>

<comp id="36" class="1001" name="const_36">
<pin_list>
<pin id="37" dir="1" index="0" bw="1" slack="0"/>
</pin_list>
<bind>
<StgValue><ssdm name=""/></StgValue>
</bind>
</comp>

<comp id="38" class="1001" name="const_38">
<pin_list>
<pin id="39" dir="1" index="0" bw="1" slack="0"/>
</pin_list>
<bind>
<StgValue><ssdm name=""/></StgValue>
</bind>
</comp>

<comp id="40" class="1001" name="const_40">
<pin_list>
<pin id="41" dir="1" index="0" bw="1" slack="0"/>
</pin_list>
<bind>
<StgValue><ssdm name=""/></StgValue>
</bind>
</comp>

<comp id="42" class="1001" name="const_42">
<pin_list>
<pin id="43" dir="1" index="0" bw="1" slack="0"/>
</pin_list>
<bind>
<StgValue><ssdm name=""/></StgValue>
</bind>
</comp>

<comp id="44" class="1001" name="const_44">
<pin_list>
<pin id="45" dir="1" index="0" bw="1" slack="0"/>
</pin_list>
<bind>
<StgValue><ssdm name=""/></StgValue>
</bind>
</comp>

<comp id="46" class="1001" name="const_46">
<pin_list>
<pin id="47" dir="1" index="0" bw="1" slack="0"/>
</pin_list>
<bind>
<StgValue><ssdm name=""/></StgValue>
</bind>
</comp>

<comp id="48" class="1001" name="const_48">
<pin_list>
<pin id="49" dir="1" index="0" bw="1" slack="2147483647"/>
</pin_list>
<bind>
<StgValue><ssdm name="_ssdm_op_SpecPipeline"/></StgValue>
</bind>
</comp>

<comp id="50" class="1001" name="const_50">
<pin_list>
<pin id="51" dir="1" index="0" bw="1" slack="2147483647"/>
</pin_list>
<bind>
<StgValue><ssdm name="_ssdm_op_SpecLoopTripCount"/></StgValue>
</bind>
</comp>

<comp id="52" class="1001" name="const_52">
<pin_list>
<pin id="53" dir="1" index="0" bw="1" slack="2147483647"/>
</pin_list>
<bind>
<StgValue><ssdm name=""/></StgValue>
</bind>
</comp>

<comp id="54" class="1001" name="const_54">
<pin_list>
<pin id="55" dir="1" index="0" bw="1" slack="2147483647"/>
</pin_list>
<bind>
<StgValue><ssdm name=""/></StgValue>
</bind>
</comp>

<comp id="56" class="1001" name="const_56">
<pin_list>
<pin id="57" dir="1" index="0" bw="1" slack="2147483647"/>
</pin_list>
<bind>
<StgValue><ssdm name=""/></StgValue>
</bind>
</comp>

<comp id="58" class="1001" name="const_58">
<pin_list>
<pin id="59" dir="1" index="0" bw="1" slack="2147483647"/>
</pin_list>
<bind>
<StgValue><ssdm name="_ssdm_op_SpecLoopName"/></StgValue>
</bind>
</comp>

<comp id="60" class="1001" name="const_60">
<pin_list>
<pin id="61" dir="1" index="0" bw="1" slack="2147483647"/>
</pin_list>
<bind>
<StgValue><ssdm name="empty_3"/></StgValue>
</bind>
</comp>

<comp id="62" class="1001" name="const_62">
<pin_list>
<pin id="63" dir="1" index="0" bw="1" slack="0"/>
</pin_list>
<bind>
<StgValue><ssdm name=""/></StgValue>
</bind>
</comp>

<comp id="64" class="1001" name="const_64">
<pin_list>
<pin id="65" dir="1" index="0" bw="1" slack="0"/>
</pin_list>
<bind>
<StgValue><ssdm name="_ssdm_op_BitSelect.i1.i9.i32"/></StgValue>
</bind>
</comp>

<comp id="66" class="1001" name="const_66">
<pin_list>
<pin id="67" dir="1" index="0" bw="1" slack="0"/>
</pin_list>
<bind>
<StgValue><ssdm name=""/></StgValue>
</bind>
</comp>

<comp id="68" class="1001" name="const_68">
<pin_list>
<pin id="69" dir="1" index="0" bw="1" slack="5"/>
</pin_list>
<bind>
<StgValue><ssdm name=""/></StgValue>
</bind>
</comp>

<comp id="70" class="1001" name="const_70">
<pin_list>
<pin id="71" dir="1" index="0" bw="1" slack="0"/>
</pin_list>
<bind>
<StgValue><ssdm name="_ssdm_op_Write.ap_none.i32P0A"/></StgValue>
</bind>
</comp>

<comp id="72" class="1004" name="v22_fu_72">
<pin_list>
<pin id="73" dir="0" index="0" bw="1" slack="0"/>
<pin id="74" dir="1" index="1" bw="32" slack="0"/>
</pin_list>
<bind>
<opcode="alloca(26) " fcode="alloca"/>
<opset="v22/1 "/>
</bind>
</comp>

<comp id="76" class="1004" name="u23_fu_76">
<pin_list>
<pin id="77" dir="0" index="0" bw="1" slack="0"/>
<pin id="78" dir="1" index="1" bw="32" slack="0"/>
</pin_list>
<bind>
<opcode="alloca(26) " fcode="alloca"/>
<opset="u23/1 "/>
</bind>
</comp>

<comp id="80" class="1004" name="v4_fu_80">
<pin_list>
<pin id="81" dir="0" index="0" bw="1" slack="0"/>
<pin id="82" dir="1" index="1" bw="32" slack="0"/>
</pin_list>
<bind>
<opcode="alloca(26) " fcode="alloca"/>
<opset="v4/1 "/>
</bind>
</comp>

<comp id="84" class="1004" name="phi_ln195_fu_84">
<pin_list>
<pin id="85" dir="0" index="0" bw="1" slack="0"/>
<pin id="86" dir="1" index="1" bw="32" slack="0"/>
</pin_list>
<bind>
<opcode="alloca(26) " fcode="alloca"/>
<opset="phi_ln195/1 "/>
</bind>
</comp>

<comp id="88" class="1004" name="grp_read_fu_88">
<pin_list>
<pin id="89" dir="0" index="0" bw="32" slack="0"/>
<pin id="90" dir="0" index="1" bw="32" slack="0"/>
<pin id="91" dir="1" index="2" bw="32" slack="0"/>
</pin_list>
<bind>
<opcode="read(1150) " fcode="read"/>
<opset="src2_i_read/1 "/>
</bind>
</comp>

<comp id="94" class="1004" name="grp_read_fu_94">
<pin_list>
<pin id="95" dir="0" index="0" bw="32" slack="0"/>
<pin id="96" dir="0" index="1" bw="32" slack="0"/>
<pin id="97" dir="1" index="2" bw="32" slack="0"/>
</pin_list>
<bind>
<opcode="read(1150) " fcode="read"/>
<opset="src1_i_read/1 "/>
</bind>
</comp>

<comp id="100" class="1004" name="grp_write_fu_100">
<pin_list>
<pin id="101" dir="0" index="0" bw="0" slack="0"/>
<pin id="102" dir="0" index="1" bw="32" slack="0"/>
<pin id="103" dir="0" index="2" bw="9" slack="0"/>
<pin id="104" dir="1" index="3" bw="0" slack="2147483647"/>
</pin_list>
<bind>
<opcode="write(1151) " fcode="write"/>
<opset="write_ln25/44 "/>
</bind>
</comp>

<comp id="107" class="1005" name="k1_reg_107">
<pin_list>
<pin id="108" dir="0" index="0" bw="9" slack="1"/>
<pin id="109" dir="1" index="1" bw="9" slack="1"/>
</pin_list>
<bind>
<opset="k1 (phireg) "/>
</bind>
</comp>

<comp id="111" class="1004" name="k1_phi_fu_111">
<pin_list>
<pin id="112" dir="0" index="0" bw="1" slack="36"/>
<pin id="113" dir="0" index="1" bw="0" slack="2147483647"/>
<pin id="114" dir="0" index="2" bw="9" slack="1"/>
<pin id="115" dir="0" index="3" bw="0" slack="2147483647"/>
<pin id="116" dir="1" index="4" bw="9" slack="1"/>
</pin_list>
<bind>
<opcode="phi(47) " fcode="phi"/>
<opset="k1/38 "/>
</bind>
</comp>

<comp id="119" class="1005" name="k_02_reg_119">
<pin_list>
<pin id="120" dir="0" index="0" bw="9" slack="5"/>
<pin id="121" dir="1" index="1" bw="9" slack="5"/>
</pin_list>
<bind>
<opset="k_02 (phireg) "/>
</bind>
</comp>

<comp id="123" class="1004" name="k_02_phi_fu_123">
<pin_list>
<pin id="124" dir="0" index="0" bw="9" slack="5"/>
<pin id="125" dir="0" index="1" bw="0" slack="2147483647"/>
<pin id="126" dir="0" index="2" bw="9" slack="6"/>
<pin id="127" dir="0" index="3" bw="0" slack="2147483647"/>
<pin id="128" dir="1" index="4" bw="9" slack="0"/>
</pin_list>
<bind>
<opcode="phi(47) " fcode="phi"/>
<opset="k_02/44 "/>
</bind>
</comp>

<comp id="131" class="1004" name="grp_fu_131">
<pin_list>
<pin id="132" dir="0" index="0" bw="32" slack="0"/>
<pin id="133" dir="0" index="1" bw="32" slack="0"/>
<pin id="134" dir="1" index="2" bw="32" slack="1"/>
</pin_list>
<bind>
<opcode="fadd(9) fsub(11) " fcode="fadd"/>
<opset="sub/3 v/12 add5/26 "/>
</bind>
</comp>

<comp id="135" class="1004" name="grp_fu_135">
<pin_list>
<pin id="136" dir="0" index="0" bw="32" slack="1"/>
<pin id="137" dir="0" index="1" bw="32" slack="10"/>
<pin id="138" dir="1" index="2" bw="32" slack="1"/>
</pin_list>
<bind>
<opcode="fadd(9) " fcode="fadd"/>
<opset="u/12 "/>
</bind>
</comp>

<comp id="139" class="1004" name="grp_fu_139">
<pin_list>
<pin id="140" dir="0" index="0" bw="32" slack="0"/>
<pin id="141" dir="0" index="1" bw="32" slack="0"/>
<pin id="142" dir="1" index="2" bw="32" slack="1"/>
</pin_list>
<bind>
<opcode="fmul(13) " fcode="fmul"/>
<opset="mul1/7 u2/21 phitmp/38 "/>
</bind>
</comp>

<comp id="143" class="1004" name="grp_fu_143">
<pin_list>
<pin id="144" dir="0" index="0" bw="32" slack="1"/>
<pin id="145" dir="0" index="1" bw="32" slack="1"/>
<pin id="146" dir="1" index="2" bw="32" slack="1"/>
</pin_list>
<bind>
<opcode="fmul(13) " fcode="fmul"/>
<opset="v2/21 "/>
</bind>
</comp>

<comp id="148" class="1004" name="grp_fu_148">
<pin_list>
<pin id="149" dir="0" index="0" bw="32" slack="1"/>
<pin id="150" dir="0" index="1" bw="32" slack="0"/>
<pin id="151" dir="1" index="2" bw="1" slack="1"/>
</pin_list>
<bind>
<opcode="fcmp(46) " fcode="fcmp"/>
<opset="tmp_1/35 "/>
</bind>
</comp>

<comp id="153" class="1005" name="reg_153">
<pin_list>
<pin id="154" dir="0" index="0" bw="32" slack="1"/>
<pin id="155" dir="1" index="1" bw="32" slack="1"/>
</pin_list>
<bind>
<opset="mul1 u2 phitmp "/>
</bind>
</comp>

<comp id="158" class="1005" name="reg_158">
<pin_list>
<pin id="159" dir="0" index="0" bw="32" slack="1"/>
<pin id="160" dir="1" index="1" bw="32" slack="1"/>
</pin_list>
<bind>
<opset="sub v "/>
</bind>
</comp>

<comp id="165" class="1004" name="store_ln0_store_fu_165">
<pin_list>
<pin id="166" dir="0" index="0" bw="32" slack="0"/>
<pin id="167" dir="0" index="1" bw="32" slack="0"/>
<pin id="168" dir="1" index="2" bw="0" slack="2147483647"/>
</pin_list>
<bind>
<opcode="store(28) " fcode="store"/>
<opset="store_ln0/1 "/>
</bind>
</comp>

<comp id="170" class="1004" name="store_ln0_store_fu_170">
<pin_list>
<pin id="171" dir="0" index="0" bw="32" slack="0"/>
<pin id="172" dir="0" index="1" bw="32" slack="0"/>
<pin id="173" dir="1" index="2" bw="0" slack="2147483647"/>
</pin_list>
<bind>
<opcode="store(28) " fcode="store"/>
<opset="store_ln0/1 "/>
</bind>
</comp>

<comp id="175" class="1004" name="store_ln0_store_fu_175">
<pin_list>
<pin id="176" dir="0" index="0" bw="32" slack="0"/>
<pin id="177" dir="0" index="1" bw="32" slack="0"/>
<pin id="178" dir="1" index="2" bw="0" slack="2147483647"/>
</pin_list>
<bind>
<opcode="store(28) " fcode="store"/>
<opset="store_ln0/1 "/>
</bind>
</comp>

<comp id="180" class="1004" name="store_ln0_store_fu_180">
<pin_list>
<pin id="181" dir="0" index="0" bw="32" slack="0"/>
<pin id="182" dir="0" index="1" bw="32" slack="0"/>
<pin id="183" dir="1" index="2" bw="0" slack="2147483647"/>
</pin_list>
<bind>
<opcode="store(28) " fcode="store"/>
<opset="store_ln0/1 "/>
</bind>
</comp>

<comp id="185" class="1004" name="x_fu_185">
<pin_list>
<pin id="186" dir="0" index="0" bw="32" slack="0"/>
<pin id="187" dir="1" index="1" bw="32" slack="10"/>
</pin_list>
<bind>
<opcode="bitcast(44) " fcode="bitcast"/>
<opset="x/2 "/>
</bind>
</comp>

<comp id="189" class="1004" name="y_fu_189">
<pin_list>
<pin id="190" dir="0" index="0" bw="32" slack="0"/>
<pin id="191" dir="1" index="1" bw="32" slack="10"/>
</pin_list>
<bind>
<opcode="bitcast(44) " fcode="bitcast"/>
<opset="y/2 "/>
</bind>
</comp>

<comp id="193" class="1004" name="v22_load_load_fu_193">
<pin_list>
<pin id="194" dir="0" index="0" bw="32" slack="2"/>
<pin id="195" dir="1" index="1" bw="32" slack="0"/>
</pin_list>
<bind>
<opcode="load(27) " fcode="load"/>
<opset="v22_load/3 "/>
</bind>
</comp>

<comp id="197" class="1004" name="u23_load_load_fu_197">
<pin_list>
<pin id="198" dir="0" index="0" bw="32" slack="2"/>
<pin id="199" dir="1" index="1" bw="32" slack="0"/>
</pin_list>
<bind>
<opcode="load(27) " fcode="load"/>
<opset="u23_load/3 "/>
</bind>
</comp>

<comp id="201" class="1004" name="v4_load_load_fu_201">
<pin_list>
<pin id="202" dir="0" index="0" bw="32" slack="6"/>
<pin id="203" dir="1" index="1" bw="32" slack="0"/>
</pin_list>
<bind>
<opcode="load(27) " fcode="load"/>
<opset="v4_load/7 "/>
</bind>
</comp>

<comp id="205" class="1004" name="phi_ln195_load_load_fu_205">
<pin_list>
<pin id="206" dir="0" index="0" bw="32" slack="6"/>
<pin id="207" dir="1" index="1" bw="32" slack="0"/>
</pin_list>
<bind>
<opcode="load(27) " fcode="load"/>
<opset="phi_ln195_load/7 "/>
</bind>
</comp>

<comp id="209" class="1004" name="bitcast_ln23_fu_209">
<pin_list>
<pin id="210" dir="0" index="0" bw="32" slack="1"/>
<pin id="211" dir="1" index="1" bw="32" slack="0"/>
</pin_list>
<bind>
<opcode="bitcast(44) " fcode="bitcast"/>
<opset="bitcast_ln23/35 "/>
</bind>
</comp>

<comp id="212" class="1004" name="tmp_fu_212">
<pin_list>
<pin id="213" dir="0" index="0" bw="8" slack="0"/>
<pin id="214" dir="0" index="1" bw="32" slack="0"/>
<pin id="215" dir="0" index="2" bw="6" slack="0"/>
<pin id="216" dir="0" index="3" bw="6" slack="0"/>
<pin id="217" dir="1" index="4" bw="8" slack="0"/>
</pin_list>
<bind>
<opcode="partselect(1002) " fcode="partselect"/>
<opset="tmp/35 "/>
</bind>
</comp>

<comp id="222" class="1004" name="trunc_ln23_fu_222">
<pin_list>
<pin id="223" dir="0" index="0" bw="32" slack="0"/>
<pin id="224" dir="1" index="1" bw="23" slack="0"/>
</pin_list>
<bind>
<opcode="trunc(33) " fcode="trunc"/>
<opset="trunc_ln23/35 "/>
</bind>
</comp>

<comp id="226" class="1004" name="icmp_ln23_fu_226">
<pin_list>
<pin id="227" dir="0" index="0" bw="8" slack="0"/>
<pin id="228" dir="0" index="1" bw="1" slack="0"/>
<pin id="229" dir="1" index="2" bw="1" slack="3"/>
</pin_list>
<bind>
<opcode="icmp(45) " fcode="icmp"/>
<opset="icmp_ln23/35 "/>
</bind>
</comp>

<comp id="232" class="1004" name="icmp_ln23_1_fu_232">
<pin_list>
<pin id="233" dir="0" index="0" bw="23" slack="0"/>
<pin id="234" dir="0" index="1" bw="1" slack="0"/>
<pin id="235" dir="1" index="2" bw="1" slack="3"/>
</pin_list>
<bind>
<opcode="icmp(45) " fcode="icmp"/>
<opset="icmp_ln23_1/35 "/>
</bind>
</comp>

<comp id="238" class="1004" name="or_ln23_fu_238">
<pin_list>
<pin id="239" dir="0" index="0" bw="1" slack="3"/>
<pin id="240" dir="0" index="1" bw="1" slack="3"/>
<pin id="241" dir="1" index="2" bw="1" slack="0"/>
</pin_list>
<bind>
<opcode="or(24) " fcode="or"/>
<opset="or_ln23/38 "/>
</bind>
</comp>

<comp id="242" class="1004" name="and_ln23_fu_242">
<pin_list>
<pin id="243" dir="0" index="0" bw="1" slack="0"/>
<pin id="244" dir="0" index="1" bw="1" slack="1"/>
<pin id="245" dir="1" index="2" bw="1" slack="1"/>
</pin_list>
<bind>
<opcode="and(23) " fcode="and"/>
<opset="and_ln23/38 "/>
</bind>
</comp>

<comp id="247" class="1004" name="store_ln19_store_fu_247">
<pin_list>
<pin id="248" dir="0" index="0" bw="32" slack="18"/>
<pin id="249" dir="0" index="1" bw="32" slack="37"/>
<pin id="250" dir="1" index="2" bw="0" slack="2147483647"/>
</pin_list>
<bind>
<opcode="store(28) " fcode="store"/>
<opset="store_ln19/38 "/>
</bind>
</comp>

<comp id="252" class="1004" name="store_ln21_store_fu_252">
<pin_list>
<pin id="253" dir="0" index="0" bw="32" slack="13"/>
<pin id="254" dir="0" index="1" bw="32" slack="37"/>
<pin id="255" dir="1" index="2" bw="0" slack="2147483647"/>
</pin_list>
<bind>
<opcode="store(28) " fcode="store"/>
<opset="store_ln21/38 "/>
</bind>
</comp>

<comp id="257" class="1004" name="store_ln22_store_fu_257">
<pin_list>
<pin id="258" dir="0" index="0" bw="32" slack="13"/>
<pin id="259" dir="0" index="1" bw="32" slack="37"/>
<pin id="260" dir="1" index="2" bw="0" slack="2147483647"/>
</pin_list>
<bind>
<opcode="store(28) " fcode="store"/>
<opset="store_ln22/38 "/>
</bind>
</comp>

<comp id="261" class="1004" name="k_fu_261">
<pin_list>
<pin id="262" dir="0" index="0" bw="9" slack="1"/>
<pin id="263" dir="0" index="1" bw="1" slack="0"/>
<pin id="264" dir="1" index="2" bw="9" slack="0"/>
</pin_list>
<bind>
<opcode="add(8) " fcode="add"/>
<opset="k/39 "/>
</bind>
</comp>

<comp id="267" class="1004" name="tmp_2_fu_267">
<pin_list>
<pin id="268" dir="0" index="0" bw="1" slack="0"/>
<pin id="269" dir="0" index="1" bw="9" slack="0"/>
<pin id="270" dir="0" index="2" bw="5" slack="0"/>
<pin id="271" dir="1" index="3" bw="1" slack="1"/>
</pin_list>
<bind>
<opcode="bitselect(1000) " fcode="bitselect"/>
<opset="tmp_2/39 "/>
</bind>
</comp>

<comp id="275" class="1004" name="store_ln17_store_fu_275">
<pin_list>
<pin id="276" dir="0" index="0" bw="32" slack="1"/>
<pin id="277" dir="0" index="1" bw="32" slack="42"/>
<pin id="278" dir="1" index="2" bw="0" slack="2147483647"/>
</pin_list>
<bind>
<opcode="store(28) " fcode="store"/>
<opset="store_ln17/43 "/>
</bind>
</comp>

<comp id="280" class="1004" name="zext_ln25_fu_280">
<pin_list>
<pin id="281" dir="0" index="0" bw="9" slack="0"/>
<pin id="282" dir="1" index="1" bw="32" slack="0"/>
</pin_list>
<bind>
<opcode="zext(34) " fcode="zext"/>
<opset="zext_ln25/44 "/>
</bind>
</comp>

<comp id="285" class="1005" name="v22_reg_285">
<pin_list>
<pin id="286" dir="0" index="0" bw="32" slack="0"/>
<pin id="287" dir="1" index="1" bw="32" slack="0"/>
</pin_list>
<bind>
<opset="v22 "/>
</bind>
</comp>

<comp id="292" class="1005" name="u23_reg_292">
<pin_list>
<pin id="293" dir="0" index="0" bw="32" slack="0"/>
<pin id="294" dir="1" index="1" bw="32" slack="0"/>
</pin_list>
<bind>
<opset="u23 "/>
</bind>
</comp>

<comp id="299" class="1005" name="v4_reg_299">
<pin_list>
<pin id="300" dir="0" index="0" bw="32" slack="0"/>
<pin id="301" dir="1" index="1" bw="32" slack="0"/>
</pin_list>
<bind>
<opset="v4 "/>
</bind>
</comp>

<comp id="306" class="1005" name="phi_ln195_reg_306">
<pin_list>
<pin id="307" dir="0" index="0" bw="32" slack="0"/>
<pin id="308" dir="1" index="1" bw="32" slack="0"/>
</pin_list>
<bind>
<opset="phi_ln195 "/>
</bind>
</comp>

<comp id="313" class="1005" name="x_reg_313">
<pin_list>
<pin id="314" dir="0" index="0" bw="32" slack="10"/>
<pin id="315" dir="1" index="1" bw="32" slack="10"/>
</pin_list>
<bind>
<opset="x "/>
</bind>
</comp>

<comp id="318" class="1005" name="y_reg_318">
<pin_list>
<pin id="319" dir="0" index="0" bw="32" slack="10"/>
<pin id="320" dir="1" index="1" bw="32" slack="10"/>
</pin_list>
<bind>
<opset="y "/>
</bind>
</comp>

<comp id="323" class="1005" name="v22_load_reg_323">
<pin_list>
<pin id="324" dir="0" index="0" bw="32" slack="1"/>
<pin id="325" dir="1" index="1" bw="32" slack="1"/>
</pin_list>
<bind>
<opset="v22_load "/>
</bind>
</comp>

<comp id="328" class="1005" name="u23_load_reg_328">
<pin_list>
<pin id="329" dir="0" index="0" bw="32" slack="1"/>
<pin id="330" dir="1" index="1" bw="32" slack="1"/>
</pin_list>
<bind>
<opset="u23_load "/>
</bind>
</comp>

<comp id="333" class="1005" name="v4_load_reg_333">
<pin_list>
<pin id="334" dir="0" index="0" bw="32" slack="1"/>
<pin id="335" dir="1" index="1" bw="32" slack="1"/>
</pin_list>
<bind>
<opset="v4_load "/>
</bind>
</comp>

<comp id="338" class="1005" name="phi_ln195_load_reg_338">
<pin_list>
<pin id="339" dir="0" index="0" bw="32" slack="1"/>
<pin id="340" dir="1" index="1" bw="32" slack="1"/>
</pin_list>
<bind>
<opset="phi_ln195_load "/>
</bind>
</comp>

<comp id="343" class="1005" name="u_reg_343">
<pin_list>
<pin id="344" dir="0" index="0" bw="32" slack="1"/>
<pin id="345" dir="1" index="1" bw="32" slack="1"/>
</pin_list>
<bind>
<opset="u "/>
</bind>
</comp>

<comp id="349" class="1005" name="v2_reg_349">
<pin_list>
<pin id="350" dir="0" index="0" bw="32" slack="1"/>
<pin id="351" dir="1" index="1" bw="32" slack="1"/>
</pin_list>
<bind>
<opset="v2 "/>
</bind>
</comp>

<comp id="355" class="1005" name="add5_reg_355">
<pin_list>
<pin id="356" dir="0" index="0" bw="32" slack="1"/>
<pin id="357" dir="1" index="1" bw="32" slack="1"/>
</pin_list>
<bind>
<opset="add5 "/>
</bind>
</comp>

<comp id="361" class="1005" name="icmp_ln23_reg_361">
<pin_list>
<pin id="362" dir="0" index="0" bw="1" slack="3"/>
<pin id="363" dir="1" index="1" bw="1" slack="3"/>
</pin_list>
<bind>
<opset="icmp_ln23 "/>
</bind>
</comp>

<comp id="366" class="1005" name="icmp_ln23_1_reg_366">
<pin_list>
<pin id="367" dir="0" index="0" bw="1" slack="3"/>
<pin id="368" dir="1" index="1" bw="1" slack="3"/>
</pin_list>
<bind>
<opset="icmp_ln23_1 "/>
</bind>
</comp>

<comp id="371" class="1005" name="tmp_1_reg_371">
<pin_list>
<pin id="372" dir="0" index="0" bw="1" slack="1"/>
<pin id="373" dir="1" index="1" bw="1" slack="1"/>
</pin_list>
<bind>
<opset="tmp_1 "/>
</bind>
</comp>

<comp id="376" class="1005" name="and_ln23_reg_376">
<pin_list>
<pin id="377" dir="0" index="0" bw="1" slack="1"/>
<pin id="378" dir="1" index="1" bw="1" slack="2147483647"/>
</pin_list>
<bind>
<opset="and_ln23 "/>
</bind>
</comp>

<comp id="380" class="1005" name="k_reg_380">
<pin_list>
<pin id="381" dir="0" index="0" bw="9" slack="1"/>
<pin id="382" dir="1" index="1" bw="9" slack="1"/>
</pin_list>
<bind>
<opset="k "/>
</bind>
</comp>

<comp id="385" class="1005" name="tmp_2_reg_385">
<pin_list>
<pin id="386" dir="0" index="0" bw="1" slack="1"/>
<pin id="387" dir="1" index="1" bw="1" slack="2147483647"/>
</pin_list>
<bind>
<opset="tmp_2 "/>
</bind>
</comp>

<comp id="389" class="1005" name="zext_ln25_reg_389">
<pin_list>
<pin id="390" dir="0" index="0" bw="32" slack="1"/>
<pin id="391" dir="1" index="1" bw="32" slack="1"/>
</pin_list>
<bind>
<opset="zext_ln25 "/>
</bind>
</comp>

</comp_list>

<net_list>
<net id="75"><net_src comp="10" pin="0"/><net_sink comp="72" pin=0"/></net>

<net id="79"><net_src comp="10" pin="0"/><net_sink comp="76" pin=0"/></net>

<net id="83"><net_src comp="10" pin="0"/><net_sink comp="80" pin=0"/></net>

<net id="87"><net_src comp="10" pin="0"/><net_sink comp="84" pin=0"/></net>

<net id="92"><net_src comp="12" pin="0"/><net_sink comp="88" pin=0"/></net>

<net id="93"><net_src comp="6" pin="0"/><net_sink comp="88" pin=1"/></net>

<net id="98"><net_src comp="12" pin="0"/><net_sink comp="94" pin=0"/></net>

<net id="99"><net_src comp="4" pin="0"/><net_sink comp="94" pin=1"/></net>

<net id="105"><net_src comp="70" pin="0"/><net_sink comp="100" pin=0"/></net>

<net id="106"><net_src comp="8" pin="0"/><net_sink comp="100" pin=1"/></net>

<net id="110"><net_src comp="46" pin="0"/><net_sink comp="107" pin=0"/></net>

<net id="117"><net_src comp="107" pin="1"/><net_sink comp="111" pin=0"/></net>

<net id="118"><net_src comp="111" pin="4"/><net_sink comp="107" pin=0"/></net>

<net id="122"><net_src comp="68" pin="0"/><net_sink comp="119" pin=0"/></net>

<net id="129"><net_src comp="119" pin="1"/><net_sink comp="123" pin=0"/></net>

<net id="130"><net_src comp="107" pin="1"/><net_sink comp="123" pin=2"/></net>

<net id="147"><net_src comp="62" pin="0"/><net_sink comp="139" pin=1"/></net>

<net id="152"><net_src comp="44" pin="0"/><net_sink comp="148" pin=1"/></net>

<net id="156"><net_src comp="139" pin="2"/><net_sink comp="153" pin=0"/></net>

<net id="157"><net_src comp="153" pin="1"/><net_sink comp="131" pin=0"/></net>

<net id="161"><net_src comp="131" pin="2"/><net_sink comp="158" pin=0"/></net>

<net id="162"><net_src comp="158" pin="1"/><net_sink comp="135" pin=0"/></net>

<net id="163"><net_src comp="158" pin="1"/><net_sink comp="143" pin=0"/></net>

<net id="164"><net_src comp="158" pin="1"/><net_sink comp="143" pin=1"/></net>

<net id="169"><net_src comp="14" pin="0"/><net_sink comp="165" pin=0"/></net>

<net id="174"><net_src comp="14" pin="0"/><net_sink comp="170" pin=0"/></net>

<net id="179"><net_src comp="14" pin="0"/><net_sink comp="175" pin=0"/></net>

<net id="184"><net_src comp="14" pin="0"/><net_sink comp="180" pin=0"/></net>

<net id="188"><net_src comp="94" pin="2"/><net_sink comp="185" pin=0"/></net>

<net id="192"><net_src comp="88" pin="2"/><net_sink comp="189" pin=0"/></net>

<net id="196"><net_src comp="193" pin="1"/><net_sink comp="131" pin=1"/></net>

<net id="200"><net_src comp="197" pin="1"/><net_sink comp="131" pin=0"/></net>

<net id="204"><net_src comp="201" pin="1"/><net_sink comp="139" pin=1"/></net>

<net id="208"><net_src comp="205" pin="1"/><net_sink comp="139" pin=0"/></net>

<net id="218"><net_src comp="34" pin="0"/><net_sink comp="212" pin=0"/></net>

<net id="219"><net_src comp="209" pin="1"/><net_sink comp="212" pin=1"/></net>

<net id="220"><net_src comp="36" pin="0"/><net_sink comp="212" pin=2"/></net>

<net id="221"><net_src comp="38" pin="0"/><net_sink comp="212" pin=3"/></net>

<net id="225"><net_src comp="209" pin="1"/><net_sink comp="222" pin=0"/></net>

<net id="230"><net_src comp="212" pin="4"/><net_sink comp="226" pin=0"/></net>

<net id="231"><net_src comp="40" pin="0"/><net_sink comp="226" pin=1"/></net>

<net id="236"><net_src comp="222" pin="1"/><net_sink comp="232" pin=0"/></net>

<net id="237"><net_src comp="42" pin="0"/><net_sink comp="232" pin=1"/></net>

<net id="246"><net_src comp="238" pin="2"/><net_sink comp="242" pin=0"/></net>

<net id="251"><net_src comp="158" pin="1"/><net_sink comp="247" pin=0"/></net>

<net id="256"><net_src comp="153" pin="1"/><net_sink comp="252" pin=0"/></net>

<net id="265"><net_src comp="107" pin="1"/><net_sink comp="261" pin=0"/></net>

<net id="266"><net_src comp="46" pin="0"/><net_sink comp="261" pin=1"/></net>

<net id="272"><net_src comp="64" pin="0"/><net_sink comp="267" pin=0"/></net>

<net id="273"><net_src comp="261" pin="2"/><net_sink comp="267" pin=1"/></net>

<net id="274"><net_src comp="66" pin="0"/><net_sink comp="267" pin=2"/></net>

<net id="279"><net_src comp="153" pin="1"/><net_sink comp="275" pin=0"/></net>

<net id="283"><net_src comp="123" pin="4"/><net_sink comp="280" pin=0"/></net>

<net id="284"><net_src comp="280" pin="1"/><net_sink comp="100" pin=2"/></net>

<net id="288"><net_src comp="72" pin="1"/><net_sink comp="285" pin=0"/></net>

<net id="289"><net_src comp="285" pin="1"/><net_sink comp="180" pin=1"/></net>

<net id="290"><net_src comp="285" pin="1"/><net_sink comp="193" pin=0"/></net>

<net id="291"><net_src comp="285" pin="1"/><net_sink comp="257" pin=1"/></net>

<net id="295"><net_src comp="76" pin="1"/><net_sink comp="292" pin=0"/></net>

<net id="296"><net_src comp="292" pin="1"/><net_sink comp="175" pin=1"/></net>

<net id="297"><net_src comp="292" pin="1"/><net_sink comp="197" pin=0"/></net>

<net id="298"><net_src comp="292" pin="1"/><net_sink comp="252" pin=1"/></net>

<net id="302"><net_src comp="80" pin="1"/><net_sink comp="299" pin=0"/></net>

<net id="303"><net_src comp="299" pin="1"/><net_sink comp="170" pin=1"/></net>

<net id="304"><net_src comp="299" pin="1"/><net_sink comp="201" pin=0"/></net>

<net id="305"><net_src comp="299" pin="1"/><net_sink comp="247" pin=1"/></net>

<net id="309"><net_src comp="84" pin="1"/><net_sink comp="306" pin=0"/></net>

<net id="310"><net_src comp="306" pin="1"/><net_sink comp="165" pin=1"/></net>

<net id="311"><net_src comp="306" pin="1"/><net_sink comp="205" pin=0"/></net>

<net id="312"><net_src comp="306" pin="1"/><net_sink comp="275" pin=1"/></net>

<net id="316"><net_src comp="185" pin="1"/><net_sink comp="313" pin=0"/></net>

<net id="317"><net_src comp="313" pin="1"/><net_sink comp="135" pin=1"/></net>

<net id="321"><net_src comp="189" pin="1"/><net_sink comp="318" pin=0"/></net>

<net id="322"><net_src comp="318" pin="1"/><net_sink comp="131" pin=1"/></net>

<net id="326"><net_src comp="193" pin="1"/><net_sink comp="323" pin=0"/></net>

<net id="327"><net_src comp="323" pin="1"/><net_sink comp="131" pin=1"/></net>

<net id="331"><net_src comp="197" pin="1"/><net_sink comp="328" pin=0"/></net>

<net id="332"><net_src comp="328" pin="1"/><net_sink comp="131" pin=0"/></net>

<net id="336"><net_src comp="201" pin="1"/><net_sink comp="333" pin=0"/></net>

<net id="337"><net_src comp="333" pin="1"/><net_sink comp="139" pin=1"/></net>

<net id="341"><net_src comp="205" pin="1"/><net_sink comp="338" pin=0"/></net>

<net id="342"><net_src comp="338" pin="1"/><net_sink comp="139" pin=0"/></net>

<net id="346"><net_src comp="135" pin="2"/><net_sink comp="343" pin=0"/></net>

<net id="347"><net_src comp="343" pin="1"/><net_sink comp="139" pin=0"/></net>

<net id="348"><net_src comp="343" pin="1"/><net_sink comp="139" pin=1"/></net>

<net id="352"><net_src comp="143" pin="2"/><net_sink comp="349" pin=0"/></net>

<net id="353"><net_src comp="349" pin="1"/><net_sink comp="131" pin=1"/></net>

<net id="354"><net_src comp="349" pin="1"/><net_sink comp="257" pin=0"/></net>

<net id="358"><net_src comp="131" pin="2"/><net_sink comp="355" pin=0"/></net>

<net id="359"><net_src comp="355" pin="1"/><net_sink comp="209" pin=0"/></net>

<net id="360"><net_src comp="355" pin="1"/><net_sink comp="148" pin=0"/></net>

<net id="364"><net_src comp="226" pin="2"/><net_sink comp="361" pin=0"/></net>

<net id="365"><net_src comp="361" pin="1"/><net_sink comp="238" pin=1"/></net>

<net id="369"><net_src comp="232" pin="2"/><net_sink comp="366" pin=0"/></net>

<net id="370"><net_src comp="366" pin="1"/><net_sink comp="238" pin=0"/></net>

<net id="374"><net_src comp="148" pin="2"/><net_sink comp="371" pin=0"/></net>

<net id="375"><net_src comp="371" pin="1"/><net_sink comp="242" pin=1"/></net>

<net id="379"><net_src comp="242" pin="2"/><net_sink comp="376" pin=0"/></net>

<net id="383"><net_src comp="261" pin="2"/><net_sink comp="380" pin=0"/></net>

<net id="384"><net_src comp="380" pin="1"/><net_sink comp="111" pin=2"/></net>

<net id="388"><net_src comp="267" pin="3"/><net_sink comp="385" pin=0"/></net>

<net id="392"><net_src comp="280" pin="1"/><net_sink comp="389" pin=0"/></net>

<net id="393"><net_src comp="389" pin="1"/><net_sink comp="100" pin=2"/></net>

</net_list>

</model> 
---------------- Datapath Model END ------------------

* FSMD analyzer results:
  - Output states:
	Port: rslt_o | {45 }
 - Input state : 
	Port: cfu_hls : src1_i | {1 }
	Port: cfu_hls : src2_i | {1 }
  - Chain level:
	State 1
		store_ln0 : 1
		store_ln0 : 1
		store_ln0 : 1
		store_ln0 : 1
	State 2
	State 3
		sub : 1
	State 4
	State 5
	State 6
	State 7
		mul1 : 1
	State 8
	State 9
	State 10
	State 11
	State 12
	State 13
	State 14
	State 15
	State 16
	State 17
	State 18
	State 19
	State 20
	State 21
	State 22
	State 23
	State 24
	State 25
	State 26
	State 27
	State 28
	State 29
	State 30
	State 31
	State 32
	State 33
	State 34
	State 35
		tmp : 1
		trunc_ln23 : 1
		icmp_ln23 : 2
		icmp_ln23_1 : 2
	State 36
	State 37
	State 38
	State 39
		tmp_2 : 1
		br_ln17 : 2
	State 40
	State 41
	State 42
	State 43
	State 44
		zext_ln25 : 1
		write_ln25 : 2
	State 45


============================================================
+ Verbose Summary: Datapath Resource usage 
============================================================

* Functional unit list:
|----------|--------------------|---------|---------|---------|
| Operation|   Functional Unit  |   DSP   |    FF   |   LUT   |
|----------|--------------------|---------|---------|---------|
|   fadd   |     grp_fu_131     |    2    |   324   |   233   |
|          |     grp_fu_135     |    2    |   324   |   233   |
|----------|--------------------|---------|---------|---------|
|   fmul   |     grp_fu_139     |    3    |   151   |   144   |
|          |     grp_fu_143     |    3    |   151   |   144   |
|----------|--------------------|---------|---------|---------|
|   icmp   |  icmp_ln23_fu_226  |    0    |    0    |    15   |
|          | icmp_ln23_1_fu_232 |    0    |    0    |    30   |
|----------|--------------------|---------|---------|---------|
|    add   |      k_fu_261      |    0    |    0    |    16   |
|----------|--------------------|---------|---------|---------|
|    or    |   or_ln23_fu_238   |    0    |    0    |    2    |
|----------|--------------------|---------|---------|---------|
|    and   |   and_ln23_fu_242  |    0    |    0    |    2    |
|----------|--------------------|---------|---------|---------|
|   read   |   grp_read_fu_88   |    0    |    0    |    0    |
|          |   grp_read_fu_94   |    0    |    0    |    0    |
|----------|--------------------|---------|---------|---------|
|   write  |  grp_write_fu_100  |    0    |    0    |    0    |
|----------|--------------------|---------|---------|---------|
|   fcmp   |     grp_fu_148     |    0    |    0    |    0    |
|----------|--------------------|---------|---------|---------|
|partselect|     tmp_fu_212     |    0    |    0    |    0    |
|----------|--------------------|---------|---------|---------|
|   trunc  |  trunc_ln23_fu_222 |    0    |    0    |    0    |
|----------|--------------------|---------|---------|---------|
| bitselect|    tmp_2_fu_267    |    0    |    0    |    0    |
|----------|--------------------|---------|---------|---------|
|   zext   |  zext_ln25_fu_280  |    0    |    0    |    0    |
|----------|--------------------|---------|---------|---------|
|   Total  |                    |    10   |   950   |   819   |
|----------|--------------------|---------|---------|---------|

Memories:
N/A

* Register list:
+----------------------+--------+
|                      |   FF   |
+----------------------+--------+
|     add5_reg_355     |   32   |
|   and_ln23_reg_376   |    1   |
|  icmp_ln23_1_reg_366 |    1   |
|   icmp_ln23_reg_361  |    1   |
|      k1_reg_107      |    9   |
|     k_02_reg_119     |    9   |
|       k_reg_380      |    9   |
|phi_ln195_load_reg_338|   32   |
|   phi_ln195_reg_306  |   32   |
|        reg_153       |   32   |
|        reg_158       |   32   |
|     tmp_1_reg_371    |    1   |
|     tmp_2_reg_385    |    1   |
|   u23_load_reg_328   |   32   |
|      u23_reg_292     |   32   |
|       u_reg_343      |   32   |
|   v22_load_reg_323   |   32   |
|      v22_reg_285     |   32   |
|      v2_reg_349      |   32   |
|    v4_load_reg_333   |   32   |
|      v4_reg_299      |   32   |
|       x_reg_313      |   32   |
|       y_reg_318      |   32   |
|   zext_ln25_reg_389  |   32   |
+----------------------+--------+
|         Total        |   544  |
+----------------------+--------+

* Multiplexer (MUX) list: 
|------------------|------|------|------|--------||---------||---------||---------|
|       Comp       |  Pin | Size |  BW  | S x BW ||  Delay  ||    FF   ||   LUT   |
|------------------|------|------|------|--------||---------||---------||---------|
| grp_write_fu_100 |  p2  |   2  |   9  |   18   ||    0    ||    9    |
|    k1_reg_107    |  p0  |   2  |   9  |   18   ||    0    ||    9    |
|    grp_fu_131    |  p0  |   3  |  32  |   96   ||    0    ||    13   |
|    grp_fu_131    |  p1  |   4  |  32  |   128  ||    0    ||    17   |
|    grp_fu_139    |  p0  |   3  |  32  |   96   ||    0    ||    13   |
|    grp_fu_139    |  p1  |   4  |  32  |   128  ||    0    ||    17   |
|------------------|------|------|------|--------||---------||---------||---------|
|       Total      |      |      |      |   484  || 9.85457 ||    0    ||    78   |
|------------------|------|------|------|--------||---------||---------||---------|



* Summary:
+-----------+--------+--------+--------+--------+
|           |   DSP  |  Delay |   FF   |   LUT  |
+-----------+--------+--------+--------+--------+
|  Function |   10   |    -   |   950  |   819  |
|   Memory  |    -   |    -   |    -   |    -   |
|Multiplexer|    -   |    9   |    0   |   78   |
|  Register |    -   |    -   |   544  |    -   |
+-----------+--------+--------+--------+--------+
|   Total   |   10   |    9   |  1494  |   897  |
+-----------+--------+--------+--------+--------+
